[0.212s] DEBUG:colcon:Command line arguments: ['/usr/bin/colcon', 'build']
[0.212s] DEBUG:colcon:Parsed command line arguments: Namespace(log_base=None, log_level=None, verb_name='build', build_base='build', install_base='install', merge_install=False, symlink_install=False, test_result_base=None, continue_on_error=False, executor='parallel', parallel_workers=6, event_handlers=None, ignore_user_meta=False, metas=['./colcon.meta'], base_paths=['.'], packages_ignore=None, packages_ignore_regex=None, paths=None, packages_up_to=None, packages_up_to_regex=None, packages_above=None, packages_above_and_dependencies=None, packages_above_depth=None, packages_select_by_dep=None, packages_skip_by_dep=None, packages_skip_up_to=None, packages_select_build_failed=False, packages_skip_build_finished=False, packages_select_test_failures=False, packages_skip_test_passed=False, packages_select=None, packages_skip=None, packages_select_regex=None, packages_skip_regex=None, packages_start=None, packages_end=None, allow_overriding=[], cmake_args=None, cmake_target=None, cmake_target_skip_unavailable=False, cmake_clean_cache=False, cmake_clean_first=False, cmake_force_configure=False, ament_cmake_args=None, catkin_cmake_args=None, catkin_skip_building_tests=False, verb_parser=<colcon_defaults.argument_parser.defaults.DefaultArgumentsDecorator object at 0x7419b91ae5f0>, verb_extension=<colcon_core.verb.build.BuildVerb object at 0x7419b928f1f0>, main=<bound method BuildVerb.main of <colcon_core.verb.build.BuildVerb object at 0x7419b928f1f0>>)
[0.437s] Level 1:colcon.colcon_core.package_discovery:discover_packages(colcon_meta) check parameters
[0.437s] Level 1:colcon.colcon_core.package_discovery:discover_packages(recursive) check parameters
[0.437s] Level 1:colcon.colcon_core.package_discovery:discover_packages(ignore) check parameters
[0.437s] Level 1:colcon.colcon_core.package_discovery:discover_packages(path) check parameters
[0.437s] Level 1:colcon.colcon_core.package_discovery:discover_packages(colcon_meta) discover
[0.437s] Level 1:colcon.colcon_core.package_discovery:discover_packages(recursive) discover
[0.437s] INFO:colcon.colcon_core.package_discovery:Crawling recursively for packages in '/home/alan/projet'
[0.437s] Level 1:colcon.colcon_core.package_identification:_identify(.) by extensions ['ignore', 'ignore_ament_install']
[0.437s] Level 1:colcon.colcon_core.package_identification:_identify(.) by extension 'ignore'
[0.437s] Level 1:colcon.colcon_core.package_identification:_identify(.) by extension 'ignore_ament_install'
[0.437s] Level 1:colcon.colcon_core.package_identification:_identify(.) by extensions ['colcon_pkg']
[0.437s] Level 1:colcon.colcon_core.package_identification:_identify(.) by extension 'colcon_pkg'
[0.437s] Level 1:colcon.colcon_core.package_identification:_identify(.) by extensions ['colcon_meta']
[0.437s] Level 1:colcon.colcon_core.package_identification:_identify(.) by extension 'colcon_meta'
[0.437s] Level 1:colcon.colcon_core.package_identification:_identify(.) by extensions ['ros']
[0.437s] Level 1:colcon.colcon_core.package_identification:_identify(.) by extension 'ros'
[0.446s] Level 1:colcon.colcon_core.package_identification:_identify(.) by extensions ['cmake', 'python']
[0.446s] Level 1:colcon.colcon_core.package_identification:_identify(.) by extension 'cmake'
[0.446s] Level 1:colcon.colcon_core.package_identification:_identify(.) by extension 'python'
[0.446s] Level 1:colcon.colcon_core.package_identification:_identify(.) by extensions ['python_setup_py']
[0.446s] Level 1:colcon.colcon_core.package_identification:_identify(.) by extension 'python_setup_py'
[0.446s] Level 1:colcon.colcon_core.package_identification:_identify(__pycache__) by extensions ['ignore', 'ignore_ament_install']
[0.446s] Level 1:colcon.colcon_core.package_identification:_identify(__pycache__) by extension 'ignore'
[0.446s] Level 1:colcon.colcon_core.package_identification:_identify(__pycache__) by extension 'ignore_ament_install'
[0.447s] Level 1:colcon.colcon_core.package_identification:_identify(__pycache__) by extensions ['colcon_pkg']
[0.447s] Level 1:colcon.colcon_core.package_identification:_identify(__pycache__) by extension 'colcon_pkg'
[0.447s] Level 1:colcon.colcon_core.package_identification:_identify(__pycache__) by extensions ['colcon_meta']
[0.447s] Level 1:colcon.colcon_core.package_identification:_identify(__pycache__) by extension 'colcon_meta'
[0.447s] Level 1:colcon.colcon_core.package_identification:_identify(__pycache__) by extensions ['ros']
[0.447s] Level 1:colcon.colcon_core.package_identification:_identify(__pycache__) by extension 'ros'
[0.447s] Level 1:colcon.colcon_core.package_identification:_identify(__pycache__) by extensions ['cmake', 'python']
[0.447s] Level 1:colcon.colcon_core.package_identification:_identify(__pycache__) by extension 'cmake'
[0.447s] Level 1:colcon.colcon_core.package_identification:_identify(__pycache__) by extension 'python'
[0.447s] Level 1:colcon.colcon_core.package_identification:_identify(__pycache__) by extensions ['python_setup_py']
[0.447s] Level 1:colcon.colcon_core.package_identification:_identify(__pycache__) by extension 'python_setup_py'
[0.447s] Level 1:colcon.colcon_core.package_identification:_identify(build) by extensions ['ignore', 'ignore_ament_install']
[0.447s] Level 1:colcon.colcon_core.package_identification:_identify(build) by extension 'ignore'
[0.447s] Level 1:colcon.colcon_core.package_identification:_identify(build) ignored
[0.447s] Level 1:colcon.colcon_core.package_identification:_identify(install) by extensions ['ignore', 'ignore_ament_install']
[0.447s] Level 1:colcon.colcon_core.package_identification:_identify(install) by extension 'ignore'
[0.447s] Level 1:colcon.colcon_core.package_identification:_identify(install) ignored
[0.447s] Level 1:colcon.colcon_core.package_identification:_identify(log) by extensions ['ignore', 'ignore_ament_install']
[0.447s] Level 1:colcon.colcon_core.package_identification:_identify(log) by extension 'ignore'
[0.447s] Level 1:colcon.colcon_core.package_identification:_identify(log) ignored
[0.447s] Level 1:colcon.colcon_core.package_identification:_identify(ros2projet-20250216T151337Z-001) by extensions ['ignore', 'ignore_ament_install']
[0.447s] Level 1:colcon.colcon_core.package_identification:_identify(ros2projet-20250216T151337Z-001) by extension 'ignore'
[0.447s] Level 1:colcon.colcon_core.package_identification:_identify(ros2projet-20250216T151337Z-001) by extension 'ignore_ament_install'
[0.447s] Level 1:colcon.colcon_core.package_identification:_identify(ros2projet-20250216T151337Z-001) by extensions ['colcon_pkg']
[0.447s] Level 1:colcon.colcon_core.package_identification:_identify(ros2projet-20250216T151337Z-001) by extension 'colcon_pkg'
[0.447s] Level 1:colcon.colcon_core.package_identification:_identify(ros2projet-20250216T151337Z-001) by extensions ['colcon_meta']
[0.447s] Level 1:colcon.colcon_core.package_identification:_identify(ros2projet-20250216T151337Z-001) by extension 'colcon_meta'
[0.447s] Level 1:colcon.colcon_core.package_identification:_identify(ros2projet-20250216T151337Z-001) by extensions ['ros']
[0.447s] Level 1:colcon.colcon_core.package_identification:_identify(ros2projet-20250216T151337Z-001) by extension 'ros'
[0.448s] Level 1:colcon.colcon_core.package_identification:_identify(ros2projet-20250216T151337Z-001) by extensions ['cmake', 'python']
[0.448s] Level 1:colcon.colcon_core.package_identification:_identify(ros2projet-20250216T151337Z-001) by extension 'cmake'
[0.448s] Level 1:colcon.colcon_core.package_identification:_identify(ros2projet-20250216T151337Z-001) by extension 'python'
[0.448s] Level 1:colcon.colcon_core.package_identification:_identify(ros2projet-20250216T151337Z-001) by extensions ['python_setup_py']
[0.448s] Level 1:colcon.colcon_core.package_identification:_identify(ros2projet-20250216T151337Z-001) by extension 'python_setup_py'
[0.448s] Level 1:colcon.colcon_core.package_identification:_identify(ros2projet-20250216T151337Z-001/ros2projet) by extensions ['ignore', 'ignore_ament_install']
[0.448s] Level 1:colcon.colcon_core.package_identification:_identify(ros2projet-20250216T151337Z-001/ros2projet) by extension 'ignore'
[0.448s] Level 1:colcon.colcon_core.package_identification:_identify(ros2projet-20250216T151337Z-001/ros2projet) by extension 'ignore_ament_install'
[0.448s] Level 1:colcon.colcon_core.package_identification:_identify(ros2projet-20250216T151337Z-001/ros2projet) by extensions ['colcon_pkg']
[0.448s] Level 1:colcon.colcon_core.package_identification:_identify(ros2projet-20250216T151337Z-001/ros2projet) by extension 'colcon_pkg'
[0.448s] Level 1:colcon.colcon_core.package_identification:_identify(ros2projet-20250216T151337Z-001/ros2projet) by extensions ['colcon_meta']
[0.448s] Level 1:colcon.colcon_core.package_identification:_identify(ros2projet-20250216T151337Z-001/ros2projet) by extension 'colcon_meta'
[0.448s] Level 1:colcon.colcon_core.package_identification:_identify(ros2projet-20250216T151337Z-001/ros2projet) by extensions ['ros']
[0.448s] Level 1:colcon.colcon_core.package_identification:_identify(ros2projet-20250216T151337Z-001/ros2projet) by extension 'ros'
[0.448s] Level 1:colcon.colcon_core.package_identification:_identify(ros2projet-20250216T151337Z-001/ros2projet) by extensions ['cmake', 'python']
[0.448s] Level 1:colcon.colcon_core.package_identification:_identify(ros2projet-20250216T151337Z-001/ros2projet) by extension 'cmake'
[0.448s] Level 1:colcon.colcon_core.package_identification:_identify(ros2projet-20250216T151337Z-001/ros2projet) by extension 'python'
[0.448s] Level 1:colcon.colcon_core.package_identification:_identify(ros2projet-20250216T151337Z-001/ros2projet) by extensions ['python_setup_py']
[0.448s] Level 1:colcon.colcon_core.package_identification:_identify(ros2projet-20250216T151337Z-001/ros2projet) by extension 'python_setup_py'
[0.448s] Level 1:colcon.colcon_core.package_identification:_identify(ros2projet-20250216T151337Z-001/ros2projet/__pycache__) by extensions ['ignore', 'ignore_ament_install']
[0.448s] Level 1:colcon.colcon_core.package_identification:_identify(ros2projet-20250216T151337Z-001/ros2projet/__pycache__) by extension 'ignore'
[0.448s] Level 1:colcon.colcon_core.package_identification:_identify(ros2projet-20250216T151337Z-001/ros2projet/__pycache__) by extension 'ignore_ament_install'
[0.448s] Level 1:colcon.colcon_core.package_identification:_identify(ros2projet-20250216T151337Z-001/ros2projet/__pycache__) by extensions ['colcon_pkg']
[0.448s] Level 1:colcon.colcon_core.package_identification:_identify(ros2projet-20250216T151337Z-001/ros2projet/__pycache__) by extension 'colcon_pkg'
[0.448s] Level 1:colcon.colcon_core.package_identification:_identify(ros2projet-20250216T151337Z-001/ros2projet/__pycache__) by extensions ['colcon_meta']
[0.448s] Level 1:colcon.colcon_core.package_identification:_identify(ros2projet-20250216T151337Z-001/ros2projet/__pycache__) by extension 'colcon_meta'
[0.448s] Level 1:colcon.colcon_core.package_identification:_identify(ros2projet-20250216T151337Z-001/ros2projet/__pycache__) by extensions ['ros']
[0.448s] Level 1:colcon.colcon_core.package_identification:_identify(ros2projet-20250216T151337Z-001/ros2projet/__pycache__) by extension 'ros'
[0.448s] Level 1:colcon.colcon_core.package_identification:_identify(ros2projet-20250216T151337Z-001/ros2projet/__pycache__) by extensions ['cmake', 'python']
[0.448s] Level 1:colcon.colcon_core.package_identification:_identify(ros2projet-20250216T151337Z-001/ros2projet/__pycache__) by extension 'cmake'
[0.448s] Level 1:colcon.colcon_core.package_identification:_identify(ros2projet-20250216T151337Z-001/ros2projet/__pycache__) by extension 'python'
[0.448s] Level 1:colcon.colcon_core.package_identification:_identify(ros2projet-20250216T151337Z-001/ros2projet/__pycache__) by extensions ['python_setup_py']
[0.448s] Level 1:colcon.colcon_core.package_identification:_identify(ros2projet-20250216T151337Z-001/ros2projet/__pycache__) by extension 'python_setup_py'
[0.449s] Level 1:colcon.colcon_core.package_identification:_identify(ros2projet-20250217T130334Z-001) by extensions ['ignore', 'ignore_ament_install']
[0.449s] Level 1:colcon.colcon_core.package_identification:_identify(ros2projet-20250217T130334Z-001) by extension 'ignore'
[0.449s] Level 1:colcon.colcon_core.package_identification:_identify(ros2projet-20250217T130334Z-001) by extension 'ignore_ament_install'
[0.449s] Level 1:colcon.colcon_core.package_identification:_identify(ros2projet-20250217T130334Z-001) by extensions ['colcon_pkg']
[0.449s] Level 1:colcon.colcon_core.package_identification:_identify(ros2projet-20250217T130334Z-001) by extension 'colcon_pkg'
[0.449s] Level 1:colcon.colcon_core.package_identification:_identify(ros2projet-20250217T130334Z-001) by extensions ['colcon_meta']
[0.449s] Level 1:colcon.colcon_core.package_identification:_identify(ros2projet-20250217T130334Z-001) by extension 'colcon_meta'
[0.449s] Level 1:colcon.colcon_core.package_identification:_identify(ros2projet-20250217T130334Z-001) by extensions ['ros']
[0.449s] Level 1:colcon.colcon_core.package_identification:_identify(ros2projet-20250217T130334Z-001) by extension 'ros'
[0.449s] Level 1:colcon.colcon_core.package_identification:_identify(ros2projet-20250217T130334Z-001) by extensions ['cmake', 'python']
[0.449s] Level 1:colcon.colcon_core.package_identification:_identify(ros2projet-20250217T130334Z-001) by extension 'cmake'
[0.449s] Level 1:colcon.colcon_core.package_identification:_identify(ros2projet-20250217T130334Z-001) by extension 'python'
[0.449s] Level 1:colcon.colcon_core.package_identification:_identify(ros2projet-20250217T130334Z-001) by extensions ['python_setup_py']
[0.449s] Level 1:colcon.colcon_core.package_identification:_identify(ros2projet-20250217T130334Z-001) by extension 'python_setup_py'
[0.449s] Level 1:colcon.colcon_core.package_identification:_identify(ros2projet-20250217T130334Z-001/ros2projet) by extensions ['ignore', 'ignore_ament_install']
[0.449s] Level 1:colcon.colcon_core.package_identification:_identify(ros2projet-20250217T130334Z-001/ros2projet) by extension 'ignore'
[0.449s] Level 1:colcon.colcon_core.package_identification:_identify(ros2projet-20250217T130334Z-001/ros2projet) by extension 'ignore_ament_install'
[0.449s] Level 1:colcon.colcon_core.package_identification:_identify(ros2projet-20250217T130334Z-001/ros2projet) by extensions ['colcon_pkg']
[0.449s] Level 1:colcon.colcon_core.package_identification:_identify(ros2projet-20250217T130334Z-001/ros2projet) by extension 'colcon_pkg'
[0.449s] Level 1:colcon.colcon_core.package_identification:_identify(ros2projet-20250217T130334Z-001/ros2projet) by extensions ['colcon_meta']
[0.449s] Level 1:colcon.colcon_core.package_identification:_identify(ros2projet-20250217T130334Z-001/ros2projet) by extension 'colcon_meta'
[0.449s] Level 1:colcon.colcon_core.package_identification:_identify(ros2projet-20250217T130334Z-001/ros2projet) by extensions ['ros']
[0.449s] Level 1:colcon.colcon_core.package_identification:_identify(ros2projet-20250217T130334Z-001/ros2projet) by extension 'ros'
[0.449s] Level 1:colcon.colcon_core.package_identification:_identify(ros2projet-20250217T130334Z-001/ros2projet) by extensions ['cmake', 'python']
[0.449s] Level 1:colcon.colcon_core.package_identification:_identify(ros2projet-20250217T130334Z-001/ros2projet) by extension 'cmake'
[0.449s] Level 1:colcon.colcon_core.package_identification:_identify(ros2projet-20250217T130334Z-001/ros2projet) by extension 'python'
[0.449s] Level 1:colcon.colcon_core.package_identification:_identify(ros2projet-20250217T130334Z-001/ros2projet) by extensions ['python_setup_py']
[0.449s] Level 1:colcon.colcon_core.package_identification:_identify(ros2projet-20250217T130334Z-001/ros2projet) by extension 'python_setup_py'
[0.449s] Level 1:colcon.colcon_core.package_identification:_identify(ros2projet-20250217T130334Z-001/ros2projet/__pycache__) by extensions ['ignore', 'ignore_ament_install']
[0.449s] Level 1:colcon.colcon_core.package_identification:_identify(ros2projet-20250217T130334Z-001/ros2projet/__pycache__) by extension 'ignore'
[0.449s] Level 1:colcon.colcon_core.package_identification:_identify(ros2projet-20250217T130334Z-001/ros2projet/__pycache__) by extension 'ignore_ament_install'
[0.449s] Level 1:colcon.colcon_core.package_identification:_identify(ros2projet-20250217T130334Z-001/ros2projet/__pycache__) by extensions ['colcon_pkg']
[0.449s] Level 1:colcon.colcon_core.package_identification:_identify(ros2projet-20250217T130334Z-001/ros2projet/__pycache__) by extension 'colcon_pkg'
[0.450s] Level 1:colcon.colcon_core.package_identification:_identify(ros2projet-20250217T130334Z-001/ros2projet/__pycache__) by extensions ['colcon_meta']
[0.450s] Level 1:colcon.colcon_core.package_identification:_identify(ros2projet-20250217T130334Z-001/ros2projet/__pycache__) by extension 'colcon_meta'
[0.450s] Level 1:colcon.colcon_core.package_identification:_identify(ros2projet-20250217T130334Z-001/ros2projet/__pycache__) by extensions ['ros']
[0.450s] Level 1:colcon.colcon_core.package_identification:_identify(ros2projet-20250217T130334Z-001/ros2projet/__pycache__) by extension 'ros'
[0.450s] Level 1:colcon.colcon_core.package_identification:_identify(ros2projet-20250217T130334Z-001/ros2projet/__pycache__) by extensions ['cmake', 'python']
[0.450s] Level 1:colcon.colcon_core.package_identification:_identify(ros2projet-20250217T130334Z-001/ros2projet/__pycache__) by extension 'cmake'
[0.450s] Level 1:colcon.colcon_core.package_identification:_identify(ros2projet-20250217T130334Z-001/ros2projet/__pycache__) by extension 'python'
[0.450s] Level 1:colcon.colcon_core.package_identification:_identify(ros2projet-20250217T130334Z-001/ros2projet/__pycache__) by extensions ['python_setup_py']
[0.450s] Level 1:colcon.colcon_core.package_identification:_identify(ros2projet-20250217T130334Z-001/ros2projet/__pycache__) by extension 'python_setup_py'
[0.450s] Level 1:colcon.colcon_core.package_identification:_identify(ros2projet-20250217T194437Z-001) by extensions ['ignore', 'ignore_ament_install']
[0.450s] Level 1:colcon.colcon_core.package_identification:_identify(ros2projet-20250217T194437Z-001) by extension 'ignore'
[0.450s] Level 1:colcon.colcon_core.package_identification:_identify(ros2projet-20250217T194437Z-001) by extension 'ignore_ament_install'
[0.450s] Level 1:colcon.colcon_core.package_identification:_identify(ros2projet-20250217T194437Z-001) by extensions ['colcon_pkg']
[0.450s] Level 1:colcon.colcon_core.package_identification:_identify(ros2projet-20250217T194437Z-001) by extension 'colcon_pkg'
[0.450s] Level 1:colcon.colcon_core.package_identification:_identify(ros2projet-20250217T194437Z-001) by extensions ['colcon_meta']
[0.450s] Level 1:colcon.colcon_core.package_identification:_identify(ros2projet-20250217T194437Z-001) by extension 'colcon_meta'
[0.450s] Level 1:colcon.colcon_core.package_identification:_identify(ros2projet-20250217T194437Z-001) by extensions ['ros']
[0.450s] Level 1:colcon.colcon_core.package_identification:_identify(ros2projet-20250217T194437Z-001) by extension 'ros'
[0.450s] Level 1:colcon.colcon_core.package_identification:_identify(ros2projet-20250217T194437Z-001) by extensions ['cmake', 'python']
[0.450s] Level 1:colcon.colcon_core.package_identification:_identify(ros2projet-20250217T194437Z-001) by extension 'cmake'
[0.450s] Level 1:colcon.colcon_core.package_identification:_identify(ros2projet-20250217T194437Z-001) by extension 'python'
[0.450s] Level 1:colcon.colcon_core.package_identification:_identify(ros2projet-20250217T194437Z-001) by extensions ['python_setup_py']
[0.450s] Level 1:colcon.colcon_core.package_identification:_identify(ros2projet-20250217T194437Z-001) by extension 'python_setup_py'
[0.450s] Level 1:colcon.colcon_core.package_identification:_identify(ros2projet-20250217T194437Z-001/ros2projet) by extensions ['ignore', 'ignore_ament_install']
[0.450s] Level 1:colcon.colcon_core.package_identification:_identify(ros2projet-20250217T194437Z-001/ros2projet) by extension 'ignore'
[0.450s] Level 1:colcon.colcon_core.package_identification:_identify(ros2projet-20250217T194437Z-001/ros2projet) by extension 'ignore_ament_install'
[0.450s] Level 1:colcon.colcon_core.package_identification:_identify(ros2projet-20250217T194437Z-001/ros2projet) by extensions ['colcon_pkg']
[0.450s] Level 1:colcon.colcon_core.package_identification:_identify(ros2projet-20250217T194437Z-001/ros2projet) by extension 'colcon_pkg'
[0.450s] Level 1:colcon.colcon_core.package_identification:_identify(ros2projet-20250217T194437Z-001/ros2projet) by extensions ['colcon_meta']
[0.450s] Level 1:colcon.colcon_core.package_identification:_identify(ros2projet-20250217T194437Z-001/ros2projet) by extension 'colcon_meta'
[0.450s] Level 1:colcon.colcon_core.package_identification:_identify(ros2projet-20250217T194437Z-001/ros2projet) by extensions ['ros']
[0.450s] Level 1:colcon.colcon_core.package_identification:_identify(ros2projet-20250217T194437Z-001/ros2projet) by extension 'ros'
[0.451s] Level 1:colcon.colcon_core.package_identification:_identify(ros2projet-20250217T194437Z-001/ros2projet) by extensions ['cmake', 'python']
[0.451s] Level 1:colcon.colcon_core.package_identification:_identify(ros2projet-20250217T194437Z-001/ros2projet) by extension 'cmake'
[0.451s] Level 1:colcon.colcon_core.package_identification:_identify(ros2projet-20250217T194437Z-001/ros2projet) by extension 'python'
[0.451s] Level 1:colcon.colcon_core.package_identification:_identify(ros2projet-20250217T194437Z-001/ros2projet) by extensions ['python_setup_py']
[0.451s] Level 1:colcon.colcon_core.package_identification:_identify(ros2projet-20250217T194437Z-001/ros2projet) by extension 'python_setup_py'
[0.451s] Level 1:colcon.colcon_core.package_identification:_identify(ros2projet-20250217T194437Z-001/ros2projet/__pycache__) by extensions ['ignore', 'ignore_ament_install']
[0.451s] Level 1:colcon.colcon_core.package_identification:_identify(ros2projet-20250217T194437Z-001/ros2projet/__pycache__) by extension 'ignore'
[0.451s] Level 1:colcon.colcon_core.package_identification:_identify(ros2projet-20250217T194437Z-001/ros2projet/__pycache__) by extension 'ignore_ament_install'
[0.451s] Level 1:colcon.colcon_core.package_identification:_identify(ros2projet-20250217T194437Z-001/ros2projet/__pycache__) by extensions ['colcon_pkg']
[0.451s] Level 1:colcon.colcon_core.package_identification:_identify(ros2projet-20250217T194437Z-001/ros2projet/__pycache__) by extension 'colcon_pkg'
[0.451s] Level 1:colcon.colcon_core.package_identification:_identify(ros2projet-20250217T194437Z-001/ros2projet/__pycache__) by extensions ['colcon_meta']
[0.451s] Level 1:colcon.colcon_core.package_identification:_identify(ros2projet-20250217T194437Z-001/ros2projet/__pycache__) by extension 'colcon_meta'
[0.451s] Level 1:colcon.colcon_core.package_identification:_identify(ros2projet-20250217T194437Z-001/ros2projet/__pycache__) by extensions ['ros']
[0.451s] Level 1:colcon.colcon_core.package_identification:_identify(ros2projet-20250217T194437Z-001/ros2projet/__pycache__) by extension 'ros'
[0.451s] Level 1:colcon.colcon_core.package_identification:_identify(ros2projet-20250217T194437Z-001/ros2projet/__pycache__) by extensions ['cmake', 'python']
[0.451s] Level 1:colcon.colcon_core.package_identification:_identify(ros2projet-20250217T194437Z-001/ros2projet/__pycache__) by extension 'cmake'
[0.451s] Level 1:colcon.colcon_core.package_identification:_identify(ros2projet-20250217T194437Z-001/ros2projet/__pycache__) by extension 'python'
[0.451s] Level 1:colcon.colcon_core.package_identification:_identify(ros2projet-20250217T194437Z-001/ros2projet/__pycache__) by extensions ['python_setup_py']
[0.451s] Level 1:colcon.colcon_core.package_identification:_identify(ros2projet-20250217T194437Z-001/ros2projet/__pycache__) by extension 'python_setup_py'
[0.451s] Level 1:colcon.colcon_core.package_identification:_identify(ros2projet-20250217T194437Z-001/ros2projet/ros2projet-20250217T130334Z-001) by extensions ['ignore', 'ignore_ament_install']
[0.451s] Level 1:colcon.colcon_core.package_identification:_identify(ros2projet-20250217T194437Z-001/ros2projet/ros2projet-20250217T130334Z-001) by extension 'ignore'
[0.451s] Level 1:colcon.colcon_core.package_identification:_identify(ros2projet-20250217T194437Z-001/ros2projet/ros2projet-20250217T130334Z-001) by extension 'ignore_ament_install'
[0.451s] Level 1:colcon.colcon_core.package_identification:_identify(ros2projet-20250217T194437Z-001/ros2projet/ros2projet-20250217T130334Z-001) by extensions ['colcon_pkg']
[0.451s] Level 1:colcon.colcon_core.package_identification:_identify(ros2projet-20250217T194437Z-001/ros2projet/ros2projet-20250217T130334Z-001) by extension 'colcon_pkg'
[0.451s] Level 1:colcon.colcon_core.package_identification:_identify(ros2projet-20250217T194437Z-001/ros2projet/ros2projet-20250217T130334Z-001) by extensions ['colcon_meta']
[0.451s] Level 1:colcon.colcon_core.package_identification:_identify(ros2projet-20250217T194437Z-001/ros2projet/ros2projet-20250217T130334Z-001) by extension 'colcon_meta'
[0.451s] Level 1:colcon.colcon_core.package_identification:_identify(ros2projet-20250217T194437Z-001/ros2projet/ros2projet-20250217T130334Z-001) by extensions ['ros']
[0.451s] Level 1:colcon.colcon_core.package_identification:_identify(ros2projet-20250217T194437Z-001/ros2projet/ros2projet-20250217T130334Z-001) by extension 'ros'
[0.451s] Level 1:colcon.colcon_core.package_identification:_identify(ros2projet-20250217T194437Z-001/ros2projet/ros2projet-20250217T130334Z-001) by extensions ['cmake', 'python']
[0.451s] Level 1:colcon.colcon_core.package_identification:_identify(ros2projet-20250217T194437Z-001/ros2projet/ros2projet-20250217T130334Z-001) by extension 'cmake'
[0.451s] Level 1:colcon.colcon_core.package_identification:_identify(ros2projet-20250217T194437Z-001/ros2projet/ros2projet-20250217T130334Z-001) by extension 'python'
[0.451s] Level 1:colcon.colcon_core.package_identification:_identify(ros2projet-20250217T194437Z-001/ros2projet/ros2projet-20250217T130334Z-001) by extensions ['python_setup_py']
[0.451s] Level 1:colcon.colcon_core.package_identification:_identify(ros2projet-20250217T194437Z-001/ros2projet/ros2projet-20250217T130334Z-001) by extension 'python_setup_py'
[0.452s] Level 1:colcon.colcon_core.package_identification:_identify(ros2projet-20250217T194437Z-001/ros2projet/ros2projet-20250217T130334Z-001/ros2projet) by extensions ['ignore', 'ignore_ament_install']
[0.452s] Level 1:colcon.colcon_core.package_identification:_identify(ros2projet-20250217T194437Z-001/ros2projet/ros2projet-20250217T130334Z-001/ros2projet) by extension 'ignore'
[0.452s] Level 1:colcon.colcon_core.package_identification:_identify(ros2projet-20250217T194437Z-001/ros2projet/ros2projet-20250217T130334Z-001/ros2projet) by extension 'ignore_ament_install'
[0.452s] Level 1:colcon.colcon_core.package_identification:_identify(ros2projet-20250217T194437Z-001/ros2projet/ros2projet-20250217T130334Z-001/ros2projet) by extensions ['colcon_pkg']
[0.452s] Level 1:colcon.colcon_core.package_identification:_identify(ros2projet-20250217T194437Z-001/ros2projet/ros2projet-20250217T130334Z-001/ros2projet) by extension 'colcon_pkg'
[0.452s] Level 1:colcon.colcon_core.package_identification:_identify(ros2projet-20250217T194437Z-001/ros2projet/ros2projet-20250217T130334Z-001/ros2projet) by extensions ['colcon_meta']
[0.452s] Level 1:colcon.colcon_core.package_identification:_identify(ros2projet-20250217T194437Z-001/ros2projet/ros2projet-20250217T130334Z-001/ros2projet) by extension 'colcon_meta'
[0.452s] Level 1:colcon.colcon_core.package_identification:_identify(ros2projet-20250217T194437Z-001/ros2projet/ros2projet-20250217T130334Z-001/ros2projet) by extensions ['ros']
[0.452s] Level 1:colcon.colcon_core.package_identification:_identify(ros2projet-20250217T194437Z-001/ros2projet/ros2projet-20250217T130334Z-001/ros2projet) by extension 'ros'
[0.452s] Level 1:colcon.colcon_core.package_identification:_identify(ros2projet-20250217T194437Z-001/ros2projet/ros2projet-20250217T130334Z-001/ros2projet) by extensions ['cmake', 'python']
[0.452s] Level 1:colcon.colcon_core.package_identification:_identify(ros2projet-20250217T194437Z-001/ros2projet/ros2projet-20250217T130334Z-001/ros2projet) by extension 'cmake'
[0.452s] Level 1:colcon.colcon_core.package_identification:_identify(ros2projet-20250217T194437Z-001/ros2projet/ros2projet-20250217T130334Z-001/ros2projet) by extension 'python'
[0.452s] Level 1:colcon.colcon_core.package_identification:_identify(ros2projet-20250217T194437Z-001/ros2projet/ros2projet-20250217T130334Z-001/ros2projet) by extensions ['python_setup_py']
[0.452s] Level 1:colcon.colcon_core.package_identification:_identify(ros2projet-20250217T194437Z-001/ros2projet/ros2projet-20250217T130334Z-001/ros2projet) by extension 'python_setup_py'
[0.452s] Level 1:colcon.colcon_core.package_identification:_identify(ros2projet-20250217T194437Z-001/ros2projet/ros2projet-20250217T130334Z-001/ros2projet/__pycache__) by extensions ['ignore', 'ignore_ament_install']
[0.452s] Level 1:colcon.colcon_core.package_identification:_identify(ros2projet-20250217T194437Z-001/ros2projet/ros2projet-20250217T130334Z-001/ros2projet/__pycache__) by extension 'ignore'
[0.452s] Level 1:colcon.colcon_core.package_identification:_identify(ros2projet-20250217T194437Z-001/ros2projet/ros2projet-20250217T130334Z-001/ros2projet/__pycache__) by extension 'ignore_ament_install'
[0.452s] Level 1:colcon.colcon_core.package_identification:_identify(ros2projet-20250217T194437Z-001/ros2projet/ros2projet-20250217T130334Z-001/ros2projet/__pycache__) by extensions ['colcon_pkg']
[0.452s] Level 1:colcon.colcon_core.package_identification:_identify(ros2projet-20250217T194437Z-001/ros2projet/ros2projet-20250217T130334Z-001/ros2projet/__pycache__) by extension 'colcon_pkg'
[0.452s] Level 1:colcon.colcon_core.package_identification:_identify(ros2projet-20250217T194437Z-001/ros2projet/ros2projet-20250217T130334Z-001/ros2projet/__pycache__) by extensions ['colcon_meta']
[0.452s] Level 1:colcon.colcon_core.package_identification:_identify(ros2projet-20250217T194437Z-001/ros2projet/ros2projet-20250217T130334Z-001/ros2projet/__pycache__) by extension 'colcon_meta'
[0.452s] Level 1:colcon.colcon_core.package_identification:_identify(ros2projet-20250217T194437Z-001/ros2projet/ros2projet-20250217T130334Z-001/ros2projet/__pycache__) by extensions ['ros']
[0.452s] Level 1:colcon.colcon_core.package_identification:_identify(ros2projet-20250217T194437Z-001/ros2projet/ros2projet-20250217T130334Z-001/ros2projet/__pycache__) by extension 'ros'
[0.452s] Level 1:colcon.colcon_core.package_identification:_identify(ros2projet-20250217T194437Z-001/ros2projet/ros2projet-20250217T130334Z-001/ros2projet/__pycache__) by extensions ['cmake', 'python']
[0.452s] Level 1:colcon.colcon_core.package_identification:_identify(ros2projet-20250217T194437Z-001/ros2projet/ros2projet-20250217T130334Z-001/ros2projet/__pycache__) by extension 'cmake'
[0.452s] Level 1:colcon.colcon_core.package_identification:_identify(ros2projet-20250217T194437Z-001/ros2projet/ros2projet-20250217T130334Z-001/ros2projet/__pycache__) by extension 'python'
[0.452s] Level 1:colcon.colcon_core.package_identification:_identify(ros2projet-20250217T194437Z-001/ros2projet/ros2projet-20250217T130334Z-001/ros2projet/__pycache__) by extensions ['python_setup_py']
[0.452s] Level 1:colcon.colcon_core.package_identification:_identify(ros2projet-20250217T194437Z-001/ros2projet/ros2projet-20250217T130334Z-001/ros2projet/__pycache__) by extension 'python_setup_py'
[0.452s] Level 1:colcon.colcon_core.package_identification:_identify(ros2projet-20250217T194437Z-001/ros2projet/templates) by extensions ['ignore', 'ignore_ament_install']
[0.453s] Level 1:colcon.colcon_core.package_identification:_identify(ros2projet-20250217T194437Z-001/ros2projet/templates) by extension 'ignore'
[0.453s] Level 1:colcon.colcon_core.package_identification:_identify(ros2projet-20250217T194437Z-001/ros2projet/templates) by extension 'ignore_ament_install'
[0.453s] Level 1:colcon.colcon_core.package_identification:_identify(ros2projet-20250217T194437Z-001/ros2projet/templates) by extensions ['colcon_pkg']
[0.453s] Level 1:colcon.colcon_core.package_identification:_identify(ros2projet-20250217T194437Z-001/ros2projet/templates) by extension 'colcon_pkg'
[0.453s] Level 1:colcon.colcon_core.package_identification:_identify(ros2projet-20250217T194437Z-001/ros2projet/templates) by extensions ['colcon_meta']
[0.453s] Level 1:colcon.colcon_core.package_identification:_identify(ros2projet-20250217T194437Z-001/ros2projet/templates) by extension 'colcon_meta'
[0.453s] Level 1:colcon.colcon_core.package_identification:_identify(ros2projet-20250217T194437Z-001/ros2projet/templates) by extensions ['ros']
[0.453s] Level 1:colcon.colcon_core.package_identification:_identify(ros2projet-20250217T194437Z-001/ros2projet/templates) by extension 'ros'
[0.453s] Level 1:colcon.colcon_core.package_identification:_identify(ros2projet-20250217T194437Z-001/ros2projet/templates) by extensions ['cmake', 'python']
[0.453s] Level 1:colcon.colcon_core.package_identification:_identify(ros2projet-20250217T194437Z-001/ros2projet/templates) by extension 'cmake'
[0.453s] Level 1:colcon.colcon_core.package_identification:_identify(ros2projet-20250217T194437Z-001/ros2projet/templates) by extension 'python'
[0.453s] Level 1:colcon.colcon_core.package_identification:_identify(ros2projet-20250217T194437Z-001/ros2projet/templates) by extensions ['python_setup_py']
[0.453s] Level 1:colcon.colcon_core.package_identification:_identify(ros2projet-20250217T194437Z-001/ros2projet/templates) by extension 'python_setup_py'
[0.453s] Level 1:colcon.colcon_core.package_identification:_identify(ros2projet-20250218T100433Z-001) by extensions ['ignore', 'ignore_ament_install']
[0.453s] Level 1:colcon.colcon_core.package_identification:_identify(ros2projet-20250218T100433Z-001) by extension 'ignore'
[0.453s] Level 1:colcon.colcon_core.package_identification:_identify(ros2projet-20250218T100433Z-001) by extension 'ignore_ament_install'
[0.453s] Level 1:colcon.colcon_core.package_identification:_identify(ros2projet-20250218T100433Z-001) by extensions ['colcon_pkg']
[0.453s] Level 1:colcon.colcon_core.package_identification:_identify(ros2projet-20250218T100433Z-001) by extension 'colcon_pkg'
[0.453s] Level 1:colcon.colcon_core.package_identification:_identify(ros2projet-20250218T100433Z-001) by extensions ['colcon_meta']
[0.453s] Level 1:colcon.colcon_core.package_identification:_identify(ros2projet-20250218T100433Z-001) by extension 'colcon_meta'
[0.453s] Level 1:colcon.colcon_core.package_identification:_identify(ros2projet-20250218T100433Z-001) by extensions ['ros']
[0.453s] Level 1:colcon.colcon_core.package_identification:_identify(ros2projet-20250218T100433Z-001) by extension 'ros'
[0.453s] Level 1:colcon.colcon_core.package_identification:_identify(ros2projet-20250218T100433Z-001) by extensions ['cmake', 'python']
[0.453s] Level 1:colcon.colcon_core.package_identification:_identify(ros2projet-20250218T100433Z-001) by extension 'cmake'
[0.453s] Level 1:colcon.colcon_core.package_identification:_identify(ros2projet-20250218T100433Z-001) by extension 'python'
[0.453s] Level 1:colcon.colcon_core.package_identification:_identify(ros2projet-20250218T100433Z-001) by extensions ['python_setup_py']
[0.453s] Level 1:colcon.colcon_core.package_identification:_identify(ros2projet-20250218T100433Z-001) by extension 'python_setup_py'
[0.453s] Level 1:colcon.colcon_core.package_identification:_identify(ros2projet-20250218T100433Z-001/ros2projet) by extensions ['ignore', 'ignore_ament_install']
[0.453s] Level 1:colcon.colcon_core.package_identification:_identify(ros2projet-20250218T100433Z-001/ros2projet) by extension 'ignore'
[0.453s] Level 1:colcon.colcon_core.package_identification:_identify(ros2projet-20250218T100433Z-001/ros2projet) by extension 'ignore_ament_install'
[0.453s] Level 1:colcon.colcon_core.package_identification:_identify(ros2projet-20250218T100433Z-001/ros2projet) by extensions ['colcon_pkg']
[0.453s] Level 1:colcon.colcon_core.package_identification:_identify(ros2projet-20250218T100433Z-001/ros2projet) by extension 'colcon_pkg'
[0.453s] Level 1:colcon.colcon_core.package_identification:_identify(ros2projet-20250218T100433Z-001/ros2projet) by extensions ['colcon_meta']
[0.454s] Level 1:colcon.colcon_core.package_identification:_identify(ros2projet-20250218T100433Z-001/ros2projet) by extension 'colcon_meta'
[0.454s] Level 1:colcon.colcon_core.package_identification:_identify(ros2projet-20250218T100433Z-001/ros2projet) by extensions ['ros']
[0.454s] Level 1:colcon.colcon_core.package_identification:_identify(ros2projet-20250218T100433Z-001/ros2projet) by extension 'ros'
[0.454s] Level 1:colcon.colcon_core.package_identification:_identify(ros2projet-20250218T100433Z-001/ros2projet) by extensions ['cmake', 'python']
[0.454s] Level 1:colcon.colcon_core.package_identification:_identify(ros2projet-20250218T100433Z-001/ros2projet) by extension 'cmake'
[0.454s] Level 1:colcon.colcon_core.package_identification:_identify(ros2projet-20250218T100433Z-001/ros2projet) by extension 'python'
[0.454s] Level 1:colcon.colcon_core.package_identification:_identify(ros2projet-20250218T100433Z-001/ros2projet) by extensions ['python_setup_py']
[0.454s] Level 1:colcon.colcon_core.package_identification:_identify(ros2projet-20250218T100433Z-001/ros2projet) by extension 'python_setup_py'
[0.454s] Level 1:colcon.colcon_core.package_identification:_identify(ros2projet-20250218T100433Z-001/ros2projet/__pycache__) by extensions ['ignore', 'ignore_ament_install']
[0.454s] Level 1:colcon.colcon_core.package_identification:_identify(ros2projet-20250218T100433Z-001/ros2projet/__pycache__) by extension 'ignore'
[0.454s] Level 1:colcon.colcon_core.package_identification:_identify(ros2projet-20250218T100433Z-001/ros2projet/__pycache__) by extension 'ignore_ament_install'
[0.454s] Level 1:colcon.colcon_core.package_identification:_identify(ros2projet-20250218T100433Z-001/ros2projet/__pycache__) by extensions ['colcon_pkg']
[0.454s] Level 1:colcon.colcon_core.package_identification:_identify(ros2projet-20250218T100433Z-001/ros2projet/__pycache__) by extension 'colcon_pkg'
[0.454s] Level 1:colcon.colcon_core.package_identification:_identify(ros2projet-20250218T100433Z-001/ros2projet/__pycache__) by extensions ['colcon_meta']
[0.454s] Level 1:colcon.colcon_core.package_identification:_identify(ros2projet-20250218T100433Z-001/ros2projet/__pycache__) by extension 'colcon_meta'
[0.454s] Level 1:colcon.colcon_core.package_identification:_identify(ros2projet-20250218T100433Z-001/ros2projet/__pycache__) by extensions ['ros']
[0.454s] Level 1:colcon.colcon_core.package_identification:_identify(ros2projet-20250218T100433Z-001/ros2projet/__pycache__) by extension 'ros'
[0.454s] Level 1:colcon.colcon_core.package_identification:_identify(ros2projet-20250218T100433Z-001/ros2projet/__pycache__) by extensions ['cmake', 'python']
[0.454s] Level 1:colcon.colcon_core.package_identification:_identify(ros2projet-20250218T100433Z-001/ros2projet/__pycache__) by extension 'cmake'
[0.454s] Level 1:colcon.colcon_core.package_identification:_identify(ros2projet-20250218T100433Z-001/ros2projet/__pycache__) by extension 'python'
[0.454s] Level 1:colcon.colcon_core.package_identification:_identify(ros2projet-20250218T100433Z-001/ros2projet/__pycache__) by extensions ['python_setup_py']
[0.454s] Level 1:colcon.colcon_core.package_identification:_identify(ros2projet-20250218T100433Z-001/ros2projet/__pycache__) by extension 'python_setup_py'
[0.454s] Level 1:colcon.colcon_core.package_identification:_identify(ros2projet-20250218T100433Z-001/ros2projet/build) by extensions ['ignore', 'ignore_ament_install']
[0.454s] Level 1:colcon.colcon_core.package_identification:_identify(ros2projet-20250218T100433Z-001/ros2projet/build) by extension 'ignore'
[0.454s] Level 1:colcon.colcon_core.package_identification:_identify(ros2projet-20250218T100433Z-001/ros2projet/build) ignored
[0.454s] Level 1:colcon.colcon_core.package_identification:_identify(ros2projet-20250218T100433Z-001/ros2projet/install) by extensions ['ignore', 'ignore_ament_install']
[0.454s] Level 1:colcon.colcon_core.package_identification:_identify(ros2projet-20250218T100433Z-001/ros2projet/install) by extension 'ignore'
[0.454s] Level 1:colcon.colcon_core.package_identification:_identify(ros2projet-20250218T100433Z-001/ros2projet/install) ignored
[0.454s] Level 1:colcon.colcon_core.package_identification:_identify(ros2projet-20250218T100433Z-001/ros2projet/log) by extensions ['ignore', 'ignore_ament_install']
[0.455s] Level 1:colcon.colcon_core.package_identification:_identify(ros2projet-20250218T100433Z-001/ros2projet/log) by extension 'ignore'
[0.455s] Level 1:colcon.colcon_core.package_identification:_identify(ros2projet-20250218T100433Z-001/ros2projet/log) ignored
[0.455s] Level 1:colcon.colcon_core.package_identification:_identify(ros2projet-20250218T100433Z-001/ros2projet/ros2projet-20250216T151337Z-001) by extensions ['ignore', 'ignore_ament_install']
[0.455s] Level 1:colcon.colcon_core.package_identification:_identify(ros2projet-20250218T100433Z-001/ros2projet/ros2projet-20250216T151337Z-001) by extension 'ignore'
[0.455s] Level 1:colcon.colcon_core.package_identification:_identify(ros2projet-20250218T100433Z-001/ros2projet/ros2projet-20250216T151337Z-001) by extension 'ignore_ament_install'
[0.455s] Level 1:colcon.colcon_core.package_identification:_identify(ros2projet-20250218T100433Z-001/ros2projet/ros2projet-20250216T151337Z-001) by extensions ['colcon_pkg']
[0.455s] Level 1:colcon.colcon_core.package_identification:_identify(ros2projet-20250218T100433Z-001/ros2projet/ros2projet-20250216T151337Z-001) by extension 'colcon_pkg'
[0.455s] Level 1:colcon.colcon_core.package_identification:_identify(ros2projet-20250218T100433Z-001/ros2projet/ros2projet-20250216T151337Z-001) by extensions ['colcon_meta']
[0.455s] Level 1:colcon.colcon_core.package_identification:_identify(ros2projet-20250218T100433Z-001/ros2projet/ros2projet-20250216T151337Z-001) by extension 'colcon_meta'
[0.455s] Level 1:colcon.colcon_core.package_identification:_identify(ros2projet-20250218T100433Z-001/ros2projet/ros2projet-20250216T151337Z-001) by extensions ['ros']
[0.455s] Level 1:colcon.colcon_core.package_identification:_identify(ros2projet-20250218T100433Z-001/ros2projet/ros2projet-20250216T151337Z-001) by extension 'ros'
[0.455s] Level 1:colcon.colcon_core.package_identification:_identify(ros2projet-20250218T100433Z-001/ros2projet/ros2projet-20250216T151337Z-001) by extensions ['cmake', 'python']
[0.455s] Level 1:colcon.colcon_core.package_identification:_identify(ros2projet-20250218T100433Z-001/ros2projet/ros2projet-20250216T151337Z-001) by extension 'cmake'
[0.455s] Level 1:colcon.colcon_core.package_identification:_identify(ros2projet-20250218T100433Z-001/ros2projet/ros2projet-20250216T151337Z-001) by extension 'python'
[0.455s] Level 1:colcon.colcon_core.package_identification:_identify(ros2projet-20250218T100433Z-001/ros2projet/ros2projet-20250216T151337Z-001) by extensions ['python_setup_py']
[0.455s] Level 1:colcon.colcon_core.package_identification:_identify(ros2projet-20250218T100433Z-001/ros2projet/ros2projet-20250216T151337Z-001) by extension 'python_setup_py'
[0.455s] Level 1:colcon.colcon_core.package_identification:_identify(ros2projet-20250218T100433Z-001/ros2projet/ros2projet-20250216T151337Z-001/ros2projet) by extensions ['ignore', 'ignore_ament_install']
[0.455s] Level 1:colcon.colcon_core.package_identification:_identify(ros2projet-20250218T100433Z-001/ros2projet/ros2projet-20250216T151337Z-001/ros2projet) by extension 'ignore'
[0.455s] Level 1:colcon.colcon_core.package_identification:_identify(ros2projet-20250218T100433Z-001/ros2projet/ros2projet-20250216T151337Z-001/ros2projet) by extension 'ignore_ament_install'
[0.455s] Level 1:colcon.colcon_core.package_identification:_identify(ros2projet-20250218T100433Z-001/ros2projet/ros2projet-20250216T151337Z-001/ros2projet) by extensions ['colcon_pkg']
[0.455s] Level 1:colcon.colcon_core.package_identification:_identify(ros2projet-20250218T100433Z-001/ros2projet/ros2projet-20250216T151337Z-001/ros2projet) by extension 'colcon_pkg'
[0.455s] Level 1:colcon.colcon_core.package_identification:_identify(ros2projet-20250218T100433Z-001/ros2projet/ros2projet-20250216T151337Z-001/ros2projet) by extensions ['colcon_meta']
[0.455s] Level 1:colcon.colcon_core.package_identification:_identify(ros2projet-20250218T100433Z-001/ros2projet/ros2projet-20250216T151337Z-001/ros2projet) by extension 'colcon_meta'
[0.455s] Level 1:colcon.colcon_core.package_identification:_identify(ros2projet-20250218T100433Z-001/ros2projet/ros2projet-20250216T151337Z-001/ros2projet) by extensions ['ros']
[0.455s] Level 1:colcon.colcon_core.package_identification:_identify(ros2projet-20250218T100433Z-001/ros2projet/ros2projet-20250216T151337Z-001/ros2projet) by extension 'ros'
[0.455s] Level 1:colcon.colcon_core.package_identification:_identify(ros2projet-20250218T100433Z-001/ros2projet/ros2projet-20250216T151337Z-001/ros2projet) by extensions ['cmake', 'python']
[0.455s] Level 1:colcon.colcon_core.package_identification:_identify(ros2projet-20250218T100433Z-001/ros2projet/ros2projet-20250216T151337Z-001/ros2projet) by extension 'cmake'
[0.455s] Level 1:colcon.colcon_core.package_identification:_identify(ros2projet-20250218T100433Z-001/ros2projet/ros2projet-20250216T151337Z-001/ros2projet) by extension 'python'
[0.455s] Level 1:colcon.colcon_core.package_identification:_identify(ros2projet-20250218T100433Z-001/ros2projet/ros2projet-20250216T151337Z-001/ros2projet) by extensions ['python_setup_py']
[0.455s] Level 1:colcon.colcon_core.package_identification:_identify(ros2projet-20250218T100433Z-001/ros2projet/ros2projet-20250216T151337Z-001/ros2projet) by extension 'python_setup_py'
[0.456s] Level 1:colcon.colcon_core.package_identification:_identify(ros2projet-20250218T100433Z-001/ros2projet/ros2projet-20250216T151337Z-001/ros2projet/__pycache__) by extensions ['ignore', 'ignore_ament_install']
[0.456s] Level 1:colcon.colcon_core.package_identification:_identify(ros2projet-20250218T100433Z-001/ros2projet/ros2projet-20250216T151337Z-001/ros2projet/__pycache__) by extension 'ignore'
[0.456s] Level 1:colcon.colcon_core.package_identification:_identify(ros2projet-20250218T100433Z-001/ros2projet/ros2projet-20250216T151337Z-001/ros2projet/__pycache__) by extension 'ignore_ament_install'
[0.456s] Level 1:colcon.colcon_core.package_identification:_identify(ros2projet-20250218T100433Z-001/ros2projet/ros2projet-20250216T151337Z-001/ros2projet/__pycache__) by extensions ['colcon_pkg']
[0.456s] Level 1:colcon.colcon_core.package_identification:_identify(ros2projet-20250218T100433Z-001/ros2projet/ros2projet-20250216T151337Z-001/ros2projet/__pycache__) by extension 'colcon_pkg'
[0.456s] Level 1:colcon.colcon_core.package_identification:_identify(ros2projet-20250218T100433Z-001/ros2projet/ros2projet-20250216T151337Z-001/ros2projet/__pycache__) by extensions ['colcon_meta']
[0.456s] Level 1:colcon.colcon_core.package_identification:_identify(ros2projet-20250218T100433Z-001/ros2projet/ros2projet-20250216T151337Z-001/ros2projet/__pycache__) by extension 'colcon_meta'
[0.456s] Level 1:colcon.colcon_core.package_identification:_identify(ros2projet-20250218T100433Z-001/ros2projet/ros2projet-20250216T151337Z-001/ros2projet/__pycache__) by extensions ['ros']
[0.456s] Level 1:colcon.colcon_core.package_identification:_identify(ros2projet-20250218T100433Z-001/ros2projet/ros2projet-20250216T151337Z-001/ros2projet/__pycache__) by extension 'ros'
[0.456s] Level 1:colcon.colcon_core.package_identification:_identify(ros2projet-20250218T100433Z-001/ros2projet/ros2projet-20250216T151337Z-001/ros2projet/__pycache__) by extensions ['cmake', 'python']
[0.456s] Level 1:colcon.colcon_core.package_identification:_identify(ros2projet-20250218T100433Z-001/ros2projet/ros2projet-20250216T151337Z-001/ros2projet/__pycache__) by extension 'cmake'
[0.456s] Level 1:colcon.colcon_core.package_identification:_identify(ros2projet-20250218T100433Z-001/ros2projet/ros2projet-20250216T151337Z-001/ros2projet/__pycache__) by extension 'python'
[0.456s] Level 1:colcon.colcon_core.package_identification:_identify(ros2projet-20250218T100433Z-001/ros2projet/ros2projet-20250216T151337Z-001/ros2projet/__pycache__) by extensions ['python_setup_py']
[0.456s] Level 1:colcon.colcon_core.package_identification:_identify(ros2projet-20250218T100433Z-001/ros2projet/ros2projet-20250216T151337Z-001/ros2projet/__pycache__) by extension 'python_setup_py'
[0.456s] Level 1:colcon.colcon_core.package_identification:_identify(ros2projet-20250218T100433Z-001/ros2projet/ros2projet-20250217T130334Z-001) by extensions ['ignore', 'ignore_ament_install']
[0.456s] Level 1:colcon.colcon_core.package_identification:_identify(ros2projet-20250218T100433Z-001/ros2projet/ros2projet-20250217T130334Z-001) by extension 'ignore'
[0.456s] Level 1:colcon.colcon_core.package_identification:_identify(ros2projet-20250218T100433Z-001/ros2projet/ros2projet-20250217T130334Z-001) by extension 'ignore_ament_install'
[0.456s] Level 1:colcon.colcon_core.package_identification:_identify(ros2projet-20250218T100433Z-001/ros2projet/ros2projet-20250217T130334Z-001) by extensions ['colcon_pkg']
[0.456s] Level 1:colcon.colcon_core.package_identification:_identify(ros2projet-20250218T100433Z-001/ros2projet/ros2projet-20250217T130334Z-001) by extension 'colcon_pkg'
[0.456s] Level 1:colcon.colcon_core.package_identification:_identify(ros2projet-20250218T100433Z-001/ros2projet/ros2projet-20250217T130334Z-001) by extensions ['colcon_meta']
[0.456s] Level 1:colcon.colcon_core.package_identification:_identify(ros2projet-20250218T100433Z-001/ros2projet/ros2projet-20250217T130334Z-001) by extension 'colcon_meta'
[0.456s] Level 1:colcon.colcon_core.package_identification:_identify(ros2projet-20250218T100433Z-001/ros2projet/ros2projet-20250217T130334Z-001) by extensions ['ros']
[0.456s] Level 1:colcon.colcon_core.package_identification:_identify(ros2projet-20250218T100433Z-001/ros2projet/ros2projet-20250217T130334Z-001) by extension 'ros'
[0.456s] Level 1:colcon.colcon_core.package_identification:_identify(ros2projet-20250218T100433Z-001/ros2projet/ros2projet-20250217T130334Z-001) by extensions ['cmake', 'python']
[0.456s] Level 1:colcon.colcon_core.package_identification:_identify(ros2projet-20250218T100433Z-001/ros2projet/ros2projet-20250217T130334Z-001) by extension 'cmake'
[0.456s] Level 1:colcon.colcon_core.package_identification:_identify(ros2projet-20250218T100433Z-001/ros2projet/ros2projet-20250217T130334Z-001) by extension 'python'
[0.456s] Level 1:colcon.colcon_core.package_identification:_identify(ros2projet-20250218T100433Z-001/ros2projet/ros2projet-20250217T130334Z-001) by extensions ['python_setup_py']
[0.456s] Level 1:colcon.colcon_core.package_identification:_identify(ros2projet-20250218T100433Z-001/ros2projet/ros2projet-20250217T130334Z-001) by extension 'python_setup_py'
[0.456s] Level 1:colcon.colcon_core.package_identification:_identify(ros2projet-20250218T100433Z-001/ros2projet/ros2projet-20250217T130334Z-001/ros2projet) by extensions ['ignore', 'ignore_ament_install']
[0.456s] Level 1:colcon.colcon_core.package_identification:_identify(ros2projet-20250218T100433Z-001/ros2projet/ros2projet-20250217T130334Z-001/ros2projet) by extension 'ignore'
[0.457s] Level 1:colcon.colcon_core.package_identification:_identify(ros2projet-20250218T100433Z-001/ros2projet/ros2projet-20250217T130334Z-001/ros2projet) by extension 'ignore_ament_install'
[0.457s] Level 1:colcon.colcon_core.package_identification:_identify(ros2projet-20250218T100433Z-001/ros2projet/ros2projet-20250217T130334Z-001/ros2projet) by extensions ['colcon_pkg']
[0.457s] Level 1:colcon.colcon_core.package_identification:_identify(ros2projet-20250218T100433Z-001/ros2projet/ros2projet-20250217T130334Z-001/ros2projet) by extension 'colcon_pkg'
[0.457s] Level 1:colcon.colcon_core.package_identification:_identify(ros2projet-20250218T100433Z-001/ros2projet/ros2projet-20250217T130334Z-001/ros2projet) by extensions ['colcon_meta']
[0.457s] Level 1:colcon.colcon_core.package_identification:_identify(ros2projet-20250218T100433Z-001/ros2projet/ros2projet-20250217T130334Z-001/ros2projet) by extension 'colcon_meta'
[0.457s] Level 1:colcon.colcon_core.package_identification:_identify(ros2projet-20250218T100433Z-001/ros2projet/ros2projet-20250217T130334Z-001/ros2projet) by extensions ['ros']
[0.457s] Level 1:colcon.colcon_core.package_identification:_identify(ros2projet-20250218T100433Z-001/ros2projet/ros2projet-20250217T130334Z-001/ros2projet) by extension 'ros'
[0.457s] Level 1:colcon.colcon_core.package_identification:_identify(ros2projet-20250218T100433Z-001/ros2projet/ros2projet-20250217T130334Z-001/ros2projet) by extensions ['cmake', 'python']
[0.457s] Level 1:colcon.colcon_core.package_identification:_identify(ros2projet-20250218T100433Z-001/ros2projet/ros2projet-20250217T130334Z-001/ros2projet) by extension 'cmake'
[0.457s] Level 1:colcon.colcon_core.package_identification:_identify(ros2projet-20250218T100433Z-001/ros2projet/ros2projet-20250217T130334Z-001/ros2projet) by extension 'python'
[0.457s] Level 1:colcon.colcon_core.package_identification:_identify(ros2projet-20250218T100433Z-001/ros2projet/ros2projet-20250217T130334Z-001/ros2projet) by extensions ['python_setup_py']
[0.457s] Level 1:colcon.colcon_core.package_identification:_identify(ros2projet-20250218T100433Z-001/ros2projet/ros2projet-20250217T130334Z-001/ros2projet) by extension 'python_setup_py'
[0.457s] Level 1:colcon.colcon_core.package_identification:_identify(ros2projet-20250218T100433Z-001/ros2projet/ros2projet-20250217T130334Z-001/ros2projet/__pycache__) by extensions ['ignore', 'ignore_ament_install']
[0.457s] Level 1:colcon.colcon_core.package_identification:_identify(ros2projet-20250218T100433Z-001/ros2projet/ros2projet-20250217T130334Z-001/ros2projet/__pycache__) by extension 'ignore'
[0.457s] Level 1:colcon.colcon_core.package_identification:_identify(ros2projet-20250218T100433Z-001/ros2projet/ros2projet-20250217T130334Z-001/ros2projet/__pycache__) by extension 'ignore_ament_install'
[0.457s] Level 1:colcon.colcon_core.package_identification:_identify(ros2projet-20250218T100433Z-001/ros2projet/ros2projet-20250217T130334Z-001/ros2projet/__pycache__) by extensions ['colcon_pkg']
[0.457s] Level 1:colcon.colcon_core.package_identification:_identify(ros2projet-20250218T100433Z-001/ros2projet/ros2projet-20250217T130334Z-001/ros2projet/__pycache__) by extension 'colcon_pkg'
[0.457s] Level 1:colcon.colcon_core.package_identification:_identify(ros2projet-20250218T100433Z-001/ros2projet/ros2projet-20250217T130334Z-001/ros2projet/__pycache__) by extensions ['colcon_meta']
[0.457s] Level 1:colcon.colcon_core.package_identification:_identify(ros2projet-20250218T100433Z-001/ros2projet/ros2projet-20250217T130334Z-001/ros2projet/__pycache__) by extension 'colcon_meta'
[0.457s] Level 1:colcon.colcon_core.package_identification:_identify(ros2projet-20250218T100433Z-001/ros2projet/ros2projet-20250217T130334Z-001/ros2projet/__pycache__) by extensions ['ros']
[0.457s] Level 1:colcon.colcon_core.package_identification:_identify(ros2projet-20250218T100433Z-001/ros2projet/ros2projet-20250217T130334Z-001/ros2projet/__pycache__) by extension 'ros'
[0.457s] Level 1:colcon.colcon_core.package_identification:_identify(ros2projet-20250218T100433Z-001/ros2projet/ros2projet-20250217T130334Z-001/ros2projet/__pycache__) by extensions ['cmake', 'python']
[0.457s] Level 1:colcon.colcon_core.package_identification:_identify(ros2projet-20250218T100433Z-001/ros2projet/ros2projet-20250217T130334Z-001/ros2projet/__pycache__) by extension 'cmake'
[0.457s] Level 1:colcon.colcon_core.package_identification:_identify(ros2projet-20250218T100433Z-001/ros2projet/ros2projet-20250217T130334Z-001/ros2projet/__pycache__) by extension 'python'
[0.457s] Level 1:colcon.colcon_core.package_identification:_identify(ros2projet-20250218T100433Z-001/ros2projet/ros2projet-20250217T130334Z-001/ros2projet/__pycache__) by extensions ['python_setup_py']
[0.457s] Level 1:colcon.colcon_core.package_identification:_identify(ros2projet-20250218T100433Z-001/ros2projet/ros2projet-20250217T130334Z-001/ros2projet/__pycache__) by extension 'python_setup_py'
[0.457s] Level 1:colcon.colcon_core.package_identification:_identify(ros2projet-20250218T100433Z-001/ros2projet/ros2projet-20250217T194437Z-001) by extensions ['ignore', 'ignore_ament_install']
[0.457s] Level 1:colcon.colcon_core.package_identification:_identify(ros2projet-20250218T100433Z-001/ros2projet/ros2projet-20250217T194437Z-001) by extension 'ignore'
[0.457s] Level 1:colcon.colcon_core.package_identification:_identify(ros2projet-20250218T100433Z-001/ros2projet/ros2projet-20250217T194437Z-001) by extension 'ignore_ament_install'
[0.457s] Level 1:colcon.colcon_core.package_identification:_identify(ros2projet-20250218T100433Z-001/ros2projet/ros2projet-20250217T194437Z-001) by extensions ['colcon_pkg']
[0.457s] Level 1:colcon.colcon_core.package_identification:_identify(ros2projet-20250218T100433Z-001/ros2projet/ros2projet-20250217T194437Z-001) by extension 'colcon_pkg'
[0.457s] Level 1:colcon.colcon_core.package_identification:_identify(ros2projet-20250218T100433Z-001/ros2projet/ros2projet-20250217T194437Z-001) by extensions ['colcon_meta']
[0.458s] Level 1:colcon.colcon_core.package_identification:_identify(ros2projet-20250218T100433Z-001/ros2projet/ros2projet-20250217T194437Z-001) by extension 'colcon_meta'
[0.458s] Level 1:colcon.colcon_core.package_identification:_identify(ros2projet-20250218T100433Z-001/ros2projet/ros2projet-20250217T194437Z-001) by extensions ['ros']
[0.458s] Level 1:colcon.colcon_core.package_identification:_identify(ros2projet-20250218T100433Z-001/ros2projet/ros2projet-20250217T194437Z-001) by extension 'ros'
[0.458s] Level 1:colcon.colcon_core.package_identification:_identify(ros2projet-20250218T100433Z-001/ros2projet/ros2projet-20250217T194437Z-001) by extensions ['cmake', 'python']
[0.458s] Level 1:colcon.colcon_core.package_identification:_identify(ros2projet-20250218T100433Z-001/ros2projet/ros2projet-20250217T194437Z-001) by extension 'cmake'
[0.458s] Level 1:colcon.colcon_core.package_identification:_identify(ros2projet-20250218T100433Z-001/ros2projet/ros2projet-20250217T194437Z-001) by extension 'python'
[0.458s] Level 1:colcon.colcon_core.package_identification:_identify(ros2projet-20250218T100433Z-001/ros2projet/ros2projet-20250217T194437Z-001) by extensions ['python_setup_py']
[0.458s] Level 1:colcon.colcon_core.package_identification:_identify(ros2projet-20250218T100433Z-001/ros2projet/ros2projet-20250217T194437Z-001) by extension 'python_setup_py'
[0.458s] Level 1:colcon.colcon_core.package_identification:_identify(ros2projet-20250218T100433Z-001/ros2projet/ros2projet-20250217T194437Z-001/ros2projet) by extensions ['ignore', 'ignore_ament_install']
[0.458s] Level 1:colcon.colcon_core.package_identification:_identify(ros2projet-20250218T100433Z-001/ros2projet/ros2projet-20250217T194437Z-001/ros2projet) by extension 'ignore'
[0.458s] Level 1:colcon.colcon_core.package_identification:_identify(ros2projet-20250218T100433Z-001/ros2projet/ros2projet-20250217T194437Z-001/ros2projet) by extension 'ignore_ament_install'
[0.458s] Level 1:colcon.colcon_core.package_identification:_identify(ros2projet-20250218T100433Z-001/ros2projet/ros2projet-20250217T194437Z-001/ros2projet) by extensions ['colcon_pkg']
[0.458s] Level 1:colcon.colcon_core.package_identification:_identify(ros2projet-20250218T100433Z-001/ros2projet/ros2projet-20250217T194437Z-001/ros2projet) by extension 'colcon_pkg'
[0.458s] Level 1:colcon.colcon_core.package_identification:_identify(ros2projet-20250218T100433Z-001/ros2projet/ros2projet-20250217T194437Z-001/ros2projet) by extensions ['colcon_meta']
[0.458s] Level 1:colcon.colcon_core.package_identification:_identify(ros2projet-20250218T100433Z-001/ros2projet/ros2projet-20250217T194437Z-001/ros2projet) by extension 'colcon_meta'
[0.458s] Level 1:colcon.colcon_core.package_identification:_identify(ros2projet-20250218T100433Z-001/ros2projet/ros2projet-20250217T194437Z-001/ros2projet) by extensions ['ros']
[0.458s] Level 1:colcon.colcon_core.package_identification:_identify(ros2projet-20250218T100433Z-001/ros2projet/ros2projet-20250217T194437Z-001/ros2projet) by extension 'ros'
[0.458s] Level 1:colcon.colcon_core.package_identification:_identify(ros2projet-20250218T100433Z-001/ros2projet/ros2projet-20250217T194437Z-001/ros2projet) by extensions ['cmake', 'python']
[0.458s] Level 1:colcon.colcon_core.package_identification:_identify(ros2projet-20250218T100433Z-001/ros2projet/ros2projet-20250217T194437Z-001/ros2projet) by extension 'cmake'
[0.458s] Level 1:colcon.colcon_core.package_identification:_identify(ros2projet-20250218T100433Z-001/ros2projet/ros2projet-20250217T194437Z-001/ros2projet) by extension 'python'
[0.458s] Level 1:colcon.colcon_core.package_identification:_identify(ros2projet-20250218T100433Z-001/ros2projet/ros2projet-20250217T194437Z-001/ros2projet) by extensions ['python_setup_py']
[0.458s] Level 1:colcon.colcon_core.package_identification:_identify(ros2projet-20250218T100433Z-001/ros2projet/ros2projet-20250217T194437Z-001/ros2projet) by extension 'python_setup_py'
[0.458s] Level 1:colcon.colcon_core.package_identification:_identify(ros2projet-20250218T100433Z-001/ros2projet/ros2projet-20250217T194437Z-001/ros2projet/__pycache__) by extensions ['ignore', 'ignore_ament_install']
[0.458s] Level 1:colcon.colcon_core.package_identification:_identify(ros2projet-20250218T100433Z-001/ros2projet/ros2projet-20250217T194437Z-001/ros2projet/__pycache__) by extension 'ignore'
[0.458s] Level 1:colcon.colcon_core.package_identification:_identify(ros2projet-20250218T100433Z-001/ros2projet/ros2projet-20250217T194437Z-001/ros2projet/__pycache__) by extension 'ignore_ament_install'
[0.458s] Level 1:colcon.colcon_core.package_identification:_identify(ros2projet-20250218T100433Z-001/ros2projet/ros2projet-20250217T194437Z-001/ros2projet/__pycache__) by extensions ['colcon_pkg']
[0.458s] Level 1:colcon.colcon_core.package_identification:_identify(ros2projet-20250218T100433Z-001/ros2projet/ros2projet-20250217T194437Z-001/ros2projet/__pycache__) by extension 'colcon_pkg'
[0.458s] Level 1:colcon.colcon_core.package_identification:_identify(ros2projet-20250218T100433Z-001/ros2projet/ros2projet-20250217T194437Z-001/ros2projet/__pycache__) by extensions ['colcon_meta']
[0.458s] Level 1:colcon.colcon_core.package_identification:_identify(ros2projet-20250218T100433Z-001/ros2projet/ros2projet-20250217T194437Z-001/ros2projet/__pycache__) by extension 'colcon_meta'
[0.458s] Level 1:colcon.colcon_core.package_identification:_identify(ros2projet-20250218T100433Z-001/ros2projet/ros2projet-20250217T194437Z-001/ros2projet/__pycache__) by extensions ['ros']
[0.458s] Level 1:colcon.colcon_core.package_identification:_identify(ros2projet-20250218T100433Z-001/ros2projet/ros2projet-20250217T194437Z-001/ros2projet/__pycache__) by extension 'ros'
[0.459s] Level 1:colcon.colcon_core.package_identification:_identify(ros2projet-20250218T100433Z-001/ros2projet/ros2projet-20250217T194437Z-001/ros2projet/__pycache__) by extensions ['cmake', 'python']
[0.459s] Level 1:colcon.colcon_core.package_identification:_identify(ros2projet-20250218T100433Z-001/ros2projet/ros2projet-20250217T194437Z-001/ros2projet/__pycache__) by extension 'cmake'
[0.459s] Level 1:colcon.colcon_core.package_identification:_identify(ros2projet-20250218T100433Z-001/ros2projet/ros2projet-20250217T194437Z-001/ros2projet/__pycache__) by extension 'python'
[0.459s] Level 1:colcon.colcon_core.package_identification:_identify(ros2projet-20250218T100433Z-001/ros2projet/ros2projet-20250217T194437Z-001/ros2projet/__pycache__) by extensions ['python_setup_py']
[0.459s] Level 1:colcon.colcon_core.package_identification:_identify(ros2projet-20250218T100433Z-001/ros2projet/ros2projet-20250217T194437Z-001/ros2projet/__pycache__) by extension 'python_setup_py'
[0.459s] Level 1:colcon.colcon_core.package_identification:_identify(ros2projet-20250218T100433Z-001/ros2projet/ros2projet-20250217T194437Z-001/ros2projet/ros2projet-20250217T130334Z-001) by extensions ['ignore', 'ignore_ament_install']
[0.459s] Level 1:colcon.colcon_core.package_identification:_identify(ros2projet-20250218T100433Z-001/ros2projet/ros2projet-20250217T194437Z-001/ros2projet/ros2projet-20250217T130334Z-001) by extension 'ignore'
[0.459s] Level 1:colcon.colcon_core.package_identification:_identify(ros2projet-20250218T100433Z-001/ros2projet/ros2projet-20250217T194437Z-001/ros2projet/ros2projet-20250217T130334Z-001) by extension 'ignore_ament_install'
[0.459s] Level 1:colcon.colcon_core.package_identification:_identify(ros2projet-20250218T100433Z-001/ros2projet/ros2projet-20250217T194437Z-001/ros2projet/ros2projet-20250217T130334Z-001) by extensions ['colcon_pkg']
[0.459s] Level 1:colcon.colcon_core.package_identification:_identify(ros2projet-20250218T100433Z-001/ros2projet/ros2projet-20250217T194437Z-001/ros2projet/ros2projet-20250217T130334Z-001) by extension 'colcon_pkg'
[0.459s] Level 1:colcon.colcon_core.package_identification:_identify(ros2projet-20250218T100433Z-001/ros2projet/ros2projet-20250217T194437Z-001/ros2projet/ros2projet-20250217T130334Z-001) by extensions ['colcon_meta']
[0.459s] Level 1:colcon.colcon_core.package_identification:_identify(ros2projet-20250218T100433Z-001/ros2projet/ros2projet-20250217T194437Z-001/ros2projet/ros2projet-20250217T130334Z-001) by extension 'colcon_meta'
[0.459s] Level 1:colcon.colcon_core.package_identification:_identify(ros2projet-20250218T100433Z-001/ros2projet/ros2projet-20250217T194437Z-001/ros2projet/ros2projet-20250217T130334Z-001) by extensions ['ros']
[0.459s] Level 1:colcon.colcon_core.package_identification:_identify(ros2projet-20250218T100433Z-001/ros2projet/ros2projet-20250217T194437Z-001/ros2projet/ros2projet-20250217T130334Z-001) by extension 'ros'
[0.459s] Level 1:colcon.colcon_core.package_identification:_identify(ros2projet-20250218T100433Z-001/ros2projet/ros2projet-20250217T194437Z-001/ros2projet/ros2projet-20250217T130334Z-001) by extensions ['cmake', 'python']
[0.459s] Level 1:colcon.colcon_core.package_identification:_identify(ros2projet-20250218T100433Z-001/ros2projet/ros2projet-20250217T194437Z-001/ros2projet/ros2projet-20250217T130334Z-001) by extension 'cmake'
[0.459s] Level 1:colcon.colcon_core.package_identification:_identify(ros2projet-20250218T100433Z-001/ros2projet/ros2projet-20250217T194437Z-001/ros2projet/ros2projet-20250217T130334Z-001) by extension 'python'
[0.459s] Level 1:colcon.colcon_core.package_identification:_identify(ros2projet-20250218T100433Z-001/ros2projet/ros2projet-20250217T194437Z-001/ros2projet/ros2projet-20250217T130334Z-001) by extensions ['python_setup_py']
[0.459s] Level 1:colcon.colcon_core.package_identification:_identify(ros2projet-20250218T100433Z-001/ros2projet/ros2projet-20250217T194437Z-001/ros2projet/ros2projet-20250217T130334Z-001) by extension 'python_setup_py'
[0.459s] Level 1:colcon.colcon_core.package_identification:_identify(ros2projet-20250218T100433Z-001/ros2projet/ros2projet-20250217T194437Z-001/ros2projet/ros2projet-20250217T130334Z-001/ros2projet) by extensions ['ignore', 'ignore_ament_install']
[0.459s] Level 1:colcon.colcon_core.package_identification:_identify(ros2projet-20250218T100433Z-001/ros2projet/ros2projet-20250217T194437Z-001/ros2projet/ros2projet-20250217T130334Z-001/ros2projet) by extension 'ignore'
[0.459s] Level 1:colcon.colcon_core.package_identification:_identify(ros2projet-20250218T100433Z-001/ros2projet/ros2projet-20250217T194437Z-001/ros2projet/ros2projet-20250217T130334Z-001/ros2projet) by extension 'ignore_ament_install'
[0.459s] Level 1:colcon.colcon_core.package_identification:_identify(ros2projet-20250218T100433Z-001/ros2projet/ros2projet-20250217T194437Z-001/ros2projet/ros2projet-20250217T130334Z-001/ros2projet) by extensions ['colcon_pkg']
[0.459s] Level 1:colcon.colcon_core.package_identification:_identify(ros2projet-20250218T100433Z-001/ros2projet/ros2projet-20250217T194437Z-001/ros2projet/ros2projet-20250217T130334Z-001/ros2projet) by extension 'colcon_pkg'
[0.459s] Level 1:colcon.colcon_core.package_identification:_identify(ros2projet-20250218T100433Z-001/ros2projet/ros2projet-20250217T194437Z-001/ros2projet/ros2projet-20250217T130334Z-001/ros2projet) by extensions ['colcon_meta']
[0.459s] Level 1:colcon.colcon_core.package_identification:_identify(ros2projet-20250218T100433Z-001/ros2projet/ros2projet-20250217T194437Z-001/ros2projet/ros2projet-20250217T130334Z-001/ros2projet) by extension 'colcon_meta'
[0.459s] Level 1:colcon.colcon_core.package_identification:_identify(ros2projet-20250218T100433Z-001/ros2projet/ros2projet-20250217T194437Z-001/ros2projet/ros2projet-20250217T130334Z-001/ros2projet) by extensions ['ros']
[0.459s] Level 1:colcon.colcon_core.package_identification:_identify(ros2projet-20250218T100433Z-001/ros2projet/ros2projet-20250217T194437Z-001/ros2projet/ros2projet-20250217T130334Z-001/ros2projet) by extension 'ros'
[0.459s] Level 1:colcon.colcon_core.package_identification:_identify(ros2projet-20250218T100433Z-001/ros2projet/ros2projet-20250217T194437Z-001/ros2projet/ros2projet-20250217T130334Z-001/ros2projet) by extensions ['cmake', 'python']
[0.460s] Level 1:colcon.colcon_core.package_identification:_identify(ros2projet-20250218T100433Z-001/ros2projet/ros2projet-20250217T194437Z-001/ros2projet/ros2projet-20250217T130334Z-001/ros2projet) by extension 'cmake'
[0.460s] Level 1:colcon.colcon_core.package_identification:_identify(ros2projet-20250218T100433Z-001/ros2projet/ros2projet-20250217T194437Z-001/ros2projet/ros2projet-20250217T130334Z-001/ros2projet) by extension 'python'
[0.460s] Level 1:colcon.colcon_core.package_identification:_identify(ros2projet-20250218T100433Z-001/ros2projet/ros2projet-20250217T194437Z-001/ros2projet/ros2projet-20250217T130334Z-001/ros2projet) by extensions ['python_setup_py']
[0.460s] Level 1:colcon.colcon_core.package_identification:_identify(ros2projet-20250218T100433Z-001/ros2projet/ros2projet-20250217T194437Z-001/ros2projet/ros2projet-20250217T130334Z-001/ros2projet) by extension 'python_setup_py'
[0.460s] Level 1:colcon.colcon_core.package_identification:_identify(ros2projet-20250218T100433Z-001/ros2projet/ros2projet-20250217T194437Z-001/ros2projet/ros2projet-20250217T130334Z-001/ros2projet/__pycache__) by extensions ['ignore', 'ignore_ament_install']
[0.460s] Level 1:colcon.colcon_core.package_identification:_identify(ros2projet-20250218T100433Z-001/ros2projet/ros2projet-20250217T194437Z-001/ros2projet/ros2projet-20250217T130334Z-001/ros2projet/__pycache__) by extension 'ignore'
[0.460s] Level 1:colcon.colcon_core.package_identification:_identify(ros2projet-20250218T100433Z-001/ros2projet/ros2projet-20250217T194437Z-001/ros2projet/ros2projet-20250217T130334Z-001/ros2projet/__pycache__) by extension 'ignore_ament_install'
[0.460s] Level 1:colcon.colcon_core.package_identification:_identify(ros2projet-20250218T100433Z-001/ros2projet/ros2projet-20250217T194437Z-001/ros2projet/ros2projet-20250217T130334Z-001/ros2projet/__pycache__) by extensions ['colcon_pkg']
[0.460s] Level 1:colcon.colcon_core.package_identification:_identify(ros2projet-20250218T100433Z-001/ros2projet/ros2projet-20250217T194437Z-001/ros2projet/ros2projet-20250217T130334Z-001/ros2projet/__pycache__) by extension 'colcon_pkg'
[0.460s] Level 1:colcon.colcon_core.package_identification:_identify(ros2projet-20250218T100433Z-001/ros2projet/ros2projet-20250217T194437Z-001/ros2projet/ros2projet-20250217T130334Z-001/ros2projet/__pycache__) by extensions ['colcon_meta']
[0.460s] Level 1:colcon.colcon_core.package_identification:_identify(ros2projet-20250218T100433Z-001/ros2projet/ros2projet-20250217T194437Z-001/ros2projet/ros2projet-20250217T130334Z-001/ros2projet/__pycache__) by extension 'colcon_meta'
[0.460s] Level 1:colcon.colcon_core.package_identification:_identify(ros2projet-20250218T100433Z-001/ros2projet/ros2projet-20250217T194437Z-001/ros2projet/ros2projet-20250217T130334Z-001/ros2projet/__pycache__) by extensions ['ros']
[0.460s] Level 1:colcon.colcon_core.package_identification:_identify(ros2projet-20250218T100433Z-001/ros2projet/ros2projet-20250217T194437Z-001/ros2projet/ros2projet-20250217T130334Z-001/ros2projet/__pycache__) by extension 'ros'
[0.460s] Level 1:colcon.colcon_core.package_identification:_identify(ros2projet-20250218T100433Z-001/ros2projet/ros2projet-20250217T194437Z-001/ros2projet/ros2projet-20250217T130334Z-001/ros2projet/__pycache__) by extensions ['cmake', 'python']
[0.460s] Level 1:colcon.colcon_core.package_identification:_identify(ros2projet-20250218T100433Z-001/ros2projet/ros2projet-20250217T194437Z-001/ros2projet/ros2projet-20250217T130334Z-001/ros2projet/__pycache__) by extension 'cmake'
[0.460s] Level 1:colcon.colcon_core.package_identification:_identify(ros2projet-20250218T100433Z-001/ros2projet/ros2projet-20250217T194437Z-001/ros2projet/ros2projet-20250217T130334Z-001/ros2projet/__pycache__) by extension 'python'
[0.460s] Level 1:colcon.colcon_core.package_identification:_identify(ros2projet-20250218T100433Z-001/ros2projet/ros2projet-20250217T194437Z-001/ros2projet/ros2projet-20250217T130334Z-001/ros2projet/__pycache__) by extensions ['python_setup_py']
[0.460s] Level 1:colcon.colcon_core.package_identification:_identify(ros2projet-20250218T100433Z-001/ros2projet/ros2projet-20250217T194437Z-001/ros2projet/ros2projet-20250217T130334Z-001/ros2projet/__pycache__) by extension 'python_setup_py'
[0.460s] Level 1:colcon.colcon_core.package_identification:_identify(ros2projet-20250218T100433Z-001/ros2projet/ros2projet-20250217T194437Z-001/ros2projet/templates) by extensions ['ignore', 'ignore_ament_install']
[0.460s] Level 1:colcon.colcon_core.package_identification:_identify(ros2projet-20250218T100433Z-001/ros2projet/ros2projet-20250217T194437Z-001/ros2projet/templates) by extension 'ignore'
[0.460s] Level 1:colcon.colcon_core.package_identification:_identify(ros2projet-20250218T100433Z-001/ros2projet/ros2projet-20250217T194437Z-001/ros2projet/templates) by extension 'ignore_ament_install'
[0.460s] Level 1:colcon.colcon_core.package_identification:_identify(ros2projet-20250218T100433Z-001/ros2projet/ros2projet-20250217T194437Z-001/ros2projet/templates) by extensions ['colcon_pkg']
[0.460s] Level 1:colcon.colcon_core.package_identification:_identify(ros2projet-20250218T100433Z-001/ros2projet/ros2projet-20250217T194437Z-001/ros2projet/templates) by extension 'colcon_pkg'
[0.460s] Level 1:colcon.colcon_core.package_identification:_identify(ros2projet-20250218T100433Z-001/ros2projet/ros2projet-20250217T194437Z-001/ros2projet/templates) by extensions ['colcon_meta']
[0.460s] Level 1:colcon.colcon_core.package_identification:_identify(ros2projet-20250218T100433Z-001/ros2projet/ros2projet-20250217T194437Z-001/ros2projet/templates) by extension 'colcon_meta'
[0.460s] Level 1:colcon.colcon_core.package_identification:_identify(ros2projet-20250218T100433Z-001/ros2projet/ros2projet-20250217T194437Z-001/ros2projet/templates) by extensions ['ros']
[0.460s] Level 1:colcon.colcon_core.package_identification:_identify(ros2projet-20250218T100433Z-001/ros2projet/ros2projet-20250217T194437Z-001/ros2projet/templates) by extension 'ros'
[0.460s] Level 1:colcon.colcon_core.package_identification:_identify(ros2projet-20250218T100433Z-001/ros2projet/ros2projet-20250217T194437Z-001/ros2projet/templates) by extensions ['cmake', 'python']
[0.460s] Level 1:colcon.colcon_core.package_identification:_identify(ros2projet-20250218T100433Z-001/ros2projet/ros2projet-20250217T194437Z-001/ros2projet/templates) by extension 'cmake'
[0.460s] Level 1:colcon.colcon_core.package_identification:_identify(ros2projet-20250218T100433Z-001/ros2projet/ros2projet-20250217T194437Z-001/ros2projet/templates) by extension 'python'
[0.461s] Level 1:colcon.colcon_core.package_identification:_identify(ros2projet-20250218T100433Z-001/ros2projet/ros2projet-20250217T194437Z-001/ros2projet/templates) by extensions ['python_setup_py']
[0.461s] Level 1:colcon.colcon_core.package_identification:_identify(ros2projet-20250218T100433Z-001/ros2projet/ros2projet-20250217T194437Z-001/ros2projet/templates) by extension 'python_setup_py'
[0.461s] Level 1:colcon.colcon_core.package_identification:_identify(ros2projet-20250218T100433Z-001/ros2projet/templates) by extensions ['ignore', 'ignore_ament_install']
[0.461s] Level 1:colcon.colcon_core.package_identification:_identify(ros2projet-20250218T100433Z-001/ros2projet/templates) by extension 'ignore'
[0.461s] Level 1:colcon.colcon_core.package_identification:_identify(ros2projet-20250218T100433Z-001/ros2projet/templates) by extension 'ignore_ament_install'
[0.461s] Level 1:colcon.colcon_core.package_identification:_identify(ros2projet-20250218T100433Z-001/ros2projet/templates) by extensions ['colcon_pkg']
[0.461s] Level 1:colcon.colcon_core.package_identification:_identify(ros2projet-20250218T100433Z-001/ros2projet/templates) by extension 'colcon_pkg'
[0.461s] Level 1:colcon.colcon_core.package_identification:_identify(ros2projet-20250218T100433Z-001/ros2projet/templates) by extensions ['colcon_meta']
[0.461s] Level 1:colcon.colcon_core.package_identification:_identify(ros2projet-20250218T100433Z-001/ros2projet/templates) by extension 'colcon_meta'
[0.461s] Level 1:colcon.colcon_core.package_identification:_identify(ros2projet-20250218T100433Z-001/ros2projet/templates) by extensions ['ros']
[0.461s] Level 1:colcon.colcon_core.package_identification:_identify(ros2projet-20250218T100433Z-001/ros2projet/templates) by extension 'ros'
[0.461s] Level 1:colcon.colcon_core.package_identification:_identify(ros2projet-20250218T100433Z-001/ros2projet/templates) by extensions ['cmake', 'python']
[0.461s] Level 1:colcon.colcon_core.package_identification:_identify(ros2projet-20250218T100433Z-001/ros2projet/templates) by extension 'cmake'
[0.461s] Level 1:colcon.colcon_core.package_identification:_identify(ros2projet-20250218T100433Z-001/ros2projet/templates) by extension 'python'
[0.461s] Level 1:colcon.colcon_core.package_identification:_identify(ros2projet-20250218T100433Z-001/ros2projet/templates) by extensions ['python_setup_py']
[0.461s] Level 1:colcon.colcon_core.package_identification:_identify(ros2projet-20250218T100433Z-001/ros2projet/templates) by extension 'python_setup_py'
[0.461s] Level 1:colcon.colcon_core.package_identification:_identify(templates) by extensions ['ignore', 'ignore_ament_install']
[0.461s] Level 1:colcon.colcon_core.package_identification:_identify(templates) by extension 'ignore'
[0.461s] Level 1:colcon.colcon_core.package_identification:_identify(templates) by extension 'ignore_ament_install'
[0.461s] Level 1:colcon.colcon_core.package_identification:_identify(templates) by extensions ['colcon_pkg']
[0.461s] Level 1:colcon.colcon_core.package_identification:_identify(templates) by extension 'colcon_pkg'
[0.461s] Level 1:colcon.colcon_core.package_identification:_identify(templates) by extensions ['colcon_meta']
[0.461s] Level 1:colcon.colcon_core.package_identification:_identify(templates) by extension 'colcon_meta'
[0.461s] Level 1:colcon.colcon_core.package_identification:_identify(templates) by extensions ['ros']
[0.461s] Level 1:colcon.colcon_core.package_identification:_identify(templates) by extension 'ros'
[0.461s] Level 1:colcon.colcon_core.package_identification:_identify(templates) by extensions ['cmake', 'python']
[0.461s] Level 1:colcon.colcon_core.package_identification:_identify(templates) by extension 'cmake'
[0.461s] Level 1:colcon.colcon_core.package_identification:_identify(templates) by extension 'python'
[0.461s] Level 1:colcon.colcon_core.package_identification:_identify(templates) by extensions ['python_setup_py']
[0.461s] Level 1:colcon.colcon_core.package_identification:_identify(templates) by extension 'python_setup_py'
[0.461s] Level 1:colcon.colcon_core.package_discovery:discover_packages(recursive) using defaults
[0.461s] Level 1:colcon.colcon_core.package_discovery:discover_packages(ignore) discover
[0.461s] Level 1:colcon.colcon_core.package_discovery:discover_packages(ignore) using defaults
[0.461s] Level 1:colcon.colcon_core.package_discovery:discover_packages(path) discover
[0.462s] Level 1:colcon.colcon_core.package_discovery:discover_packages(path) using defaults
[0.486s] Level 1:colcon.colcon_core.package_discovery:discover_packages(prefix_path) check parameters
[0.486s] Level 1:colcon.colcon_core.package_discovery:discover_packages(prefix_path) discover
[0.491s] DEBUG:colcon.colcon_installed_package_information.package_discovery:Found 270 installed packages in /opt/ros/humble
[0.493s] Level 1:colcon.colcon_core.package_discovery:discover_packages(prefix_path) using defaults
[0.528s] INFO:colcon.colcon_core.executor:Executing jobs using 'parallel' executor
[0.529s] DEBUG:colcon.colcon_parallel_executor.executor.parallel:run_until_complete
[0.529s] DEBUG:colcon.colcon_parallel_executor.executor.parallel:closing loop
[0.529s] DEBUG:colcon.colcon_parallel_executor.executor.parallel:loop closed
[0.529s] DEBUG:colcon.colcon_parallel_executor.executor.parallel:run_until_complete finished with '0'
[0.529s] DEBUG:colcon.colcon_core.event_reactor:joining thread
[0.536s] INFO:colcon.colcon_core.plugin_system:Skipping extension 'colcon_notification.desktop_notification.terminal_notifier': Not used on non-Darwin systems
[0.536s] INFO:colcon.colcon_core.plugin_system:Skipping extension 'colcon_notification.desktop_notification.win32': Not used on non-Windows systems
[0.536s] INFO:colcon.colcon_notification.desktop_notification:Sending desktop notification using 'notify2'
[0.551s] DEBUG:colcon.colcon_core.event_reactor:joined thread
[0.559s] INFO:colcon.colcon_core.plugin_system:Skipping extension 'colcon_core.shell.bat': Not used on non-Windows systems
[0.559s] INFO:colcon.colcon_core.shell:Creating prefix script '/home/alan/projet/install/local_setup.ps1'
[0.561s] INFO:colcon.colcon_core.shell:Creating prefix util module '/home/alan/projet/install/_local_setup_util_ps1.py'
[0.563s] INFO:colcon.colcon_core.shell:Creating prefix chain script '/home/alan/projet/install/setup.ps1'
[0.568s] INFO:colcon.colcon_core.shell:Creating prefix script '/home/alan/projet/install/local_setup.sh'
[0.570s] INFO:colcon.colcon_core.shell:Creating prefix util module '/home/alan/projet/install/_local_setup_util_sh.py'
[0.570s] INFO:colcon.colcon_core.shell:Creating prefix chain script '/home/alan/projet/install/setup.sh'
[0.573s] INFO:colcon.colcon_core.shell:Creating prefix script '/home/alan/projet/install/local_setup.bash'
[0.575s] INFO:colcon.colcon_core.shell:Creating prefix chain script '/home/alan/projet/install/setup.bash'
[0.576s] INFO:colcon.colcon_core.shell:Creating prefix script '/home/alan/projet/install/local_setup.zsh'
[0.577s] INFO:colcon.colcon_core.shell:Creating prefix chain script '/home/alan/projet/install/setup.zsh'
