/home/alan/ros2_ws/src/install/package_projet/lib/python3.10/site-packages/package_projet/porte.py
/home/alan/ros2_ws/src/install/package_projet/lib/python3.10/site-packages/package_projet/capteur_presence.py
/home/alan/ros2_ws/src/install/package_projet/lib/python3.10/site-packages/package_projet/suscriber.py
/home/alan/ros2_ws/src/install/package_projet/lib/python3.10/site-packages/package_projet/__init__.py
/home/alan/ros2_ws/src/install/package_projet/lib/python3.10/site-packages/package_projet/client.py
/home/alan/ros2_ws/src/install/package_projet/lib/python3.10/site-packages/package_projet/suscriber_i2c.py
/home/alan/ros2_ws/src/install/package_projet/lib/python3.10/site-packages/package_projet/serveur.py
/home/alan/ros2_ws/src/install/package_projet/lib/python3.10/site-packages/package_projet/publisher.py
/home/alan/ros2_ws/src/install/package_projet/lib/python3.10/site-packages/package_projet/publisher_i2c_rand.py
/home/alan/ros2_ws/src/install/package_projet/lib/python3.10/site-packages/package_projet/my_node.py
/home/alan/ros2_ws/src/install/package_projet/lib/python3.10/site-packages/package_projet/site.py
/home/alan/ros2_ws/src/install/package_projet/lib/python3.10/site-packages/package_projet/suscriber_basededonne.py
/home/alan/ros2_ws/src/install/package_projet/lib/python3.10/site-packages/package_projet/__pycache__/porte.cpython-310.pyc
/home/alan/ros2_ws/src/install/package_projet/lib/python3.10/site-packages/package_projet/__pycache__/capteur_presence.cpython-310.pyc
/home/alan/ros2_ws/src/install/package_projet/lib/python3.10/site-packages/package_projet/__pycache__/suscriber.cpython-310.pyc
/home/alan/ros2_ws/src/install/package_projet/lib/python3.10/site-packages/package_projet/__pycache__/__init__.cpython-310.pyc
/home/alan/ros2_ws/src/install/package_projet/lib/python3.10/site-packages/package_projet/__pycache__/client.cpython-310.pyc
/home/alan/ros2_ws/src/install/package_projet/lib/python3.10/site-packages/package_projet/__pycache__/suscriber_i2c.cpython-310.pyc
/home/alan/ros2_ws/src/install/package_projet/lib/python3.10/site-packages/package_projet/__pycache__/serveur.cpython-310.pyc
/home/alan/ros2_ws/src/install/package_projet/lib/python3.10/site-packages/package_projet/__pycache__/publisher.cpython-310.pyc
/home/alan/ros2_ws/src/install/package_projet/lib/python3.10/site-packages/package_projet/__pycache__/publisher_i2c_rand.cpython-310.pyc
/home/alan/ros2_ws/src/install/package_projet/lib/python3.10/site-packages/package_projet/__pycache__/my_node.cpython-310.pyc
/home/alan/ros2_ws/src/install/package_projet/lib/python3.10/site-packages/package_projet/__pycache__/site.cpython-310.pyc
/home/alan/ros2_ws/src/install/package_projet/lib/python3.10/site-packages/package_projet/__pycache__/suscriber_basededonne.cpython-310.pyc
/home/alan/ros2_ws/src/install/package_projet/share/ament_index/resource_index/packages/package_projet
/home/alan/ros2_ws/src/install/package_projet/share/package_projet/package.xml
/home/alan/ros2_ws/src/install/package_projet/share/package_projet/launch
/home/alan/ros2_ws/src/install/package_projet/lib/python3.10/site-packages/package_projet-0.0.0-py3.10.egg-info/requires.txt
/home/alan/ros2_ws/src/install/package_projet/lib/python3.10/site-packages/package_projet-0.0.0-py3.10.egg-info/dependency_links.txt
/home/alan/ros2_ws/src/install/package_projet/lib/python3.10/site-packages/package_projet-0.0.0-py3.10.egg-info/PKG-INFO
/home/alan/ros2_ws/src/install/package_projet/lib/python3.10/site-packages/package_projet-0.0.0-py3.10.egg-info/entry_points.txt
/home/alan/ros2_ws/src/install/package_projet/lib/python3.10/site-packages/package_projet-0.0.0-py3.10.egg-info/SOURCES.txt
/home/alan/ros2_ws/src/install/package_projet/lib/python3.10/site-packages/package_projet-0.0.0-py3.10.egg-info/zip-safe
/home/alan/ros2_ws/src/install/package_projet/lib/python3.10/site-packages/package_projet-0.0.0-py3.10.egg-info/top_level.txt
/home/alan/ros2_ws/src/install/package_projet/lib/package_projet/capteur_presence
/home/alan/ros2_ws/src/install/package_projet/lib/package_projet/client
/home/alan/ros2_ws/src/install/package_projet/lib/package_projet/my_node
/home/alan/ros2_ws/src/install/package_projet/lib/package_projet/porte
/home/alan/ros2_ws/src/install/package_projet/lib/package_projet/publisher_i2c_rand
/home/alan/ros2_ws/src/install/package_projet/lib/package_projet/serveur
/home/alan/ros2_ws/src/install/package_projet/lib/package_projet/site
/home/alan/ros2_ws/src/install/package_projet/lib/package_projet/suscriber_basededonne
/home/alan/ros2_ws/src/install/package_projet/lib/package_projet/suscriber_i2c
