[0.114s] DEBUG:colcon:Command line arguments: ['/usr/bin/colcon', 'build']
[0.115s] DEBUG:colcon:Parsed command line arguments: Namespace(log_base=None, log_level=None, verb_name='build', build_base='build', install_base='install', merge_install=False, symlink_install=False, test_result_base=None, continue_on_error=False, executor='parallel', parallel_workers=8, event_handlers=None, ignore_user_meta=False, metas=['./colcon.meta'], base_paths=['.'], packages_ignore=None, packages_ignore_regex=None, paths=None, packages_up_to=None, packages_up_to_regex=None, packages_above=None, packages_above_and_dependencies=None, packages_above_depth=None, packages_select_by_dep=None, packages_skip_by_dep=None, packages_skip_up_to=None, packages_select_build_failed=False, packages_skip_build_finished=False, packages_select_test_failures=False, packages_skip_test_passed=False, packages_select=None, packages_skip=None, packages_select_regex=None, packages_skip_regex=None, packages_start=None, packages_end=None, allow_overriding=[], cmake_args=None, cmake_target=None, cmake_target_skip_unavailable=False, cmake_clean_cache=False, cmake_clean_first=False, cmake_force_configure=False, ament_cmake_args=None, catkin_cmake_args=None, catkin_skip_building_tests=False, verb_parser=<colcon_defaults.argument_parser.defaults.DefaultArgumentsDecorator object at 0x785438d1e9b0>, verb_extension=<colcon_core.verb.build.BuildVerb object at 0x785438e1be20>, main=<bound method BuildVerb.main of <colcon_core.verb.build.BuildVerb object at 0x785438e1be20>>)
[0.314s] Level 1:colcon.colcon_core.package_discovery:discover_packages(colcon_meta) check parameters
[0.314s] Level 1:colcon.colcon_core.package_discovery:discover_packages(recursive) check parameters
[0.315s] Level 1:colcon.colcon_core.package_discovery:discover_packages(ignore) check parameters
[0.315s] Level 1:colcon.colcon_core.package_discovery:discover_packages(path) check parameters
[0.315s] Level 1:colcon.colcon_core.package_discovery:discover_packages(colcon_meta) discover
[0.315s] Level 1:colcon.colcon_core.package_discovery:discover_packages(recursive) discover
[0.315s] INFO:colcon.colcon_core.package_discovery:Crawling recursively for packages in '/home/alan/ros2_ws/src/package_projet/package_projet'
[0.315s] Level 1:colcon.colcon_core.package_identification:_identify(.) by extensions ['ignore', 'ignore_ament_install']
[0.315s] Level 1:colcon.colcon_core.package_identification:_identify(.) by extension 'ignore'
[0.315s] Level 1:colcon.colcon_core.package_identification:_identify(.) by extension 'ignore_ament_install'
[0.315s] Level 1:colcon.colcon_core.package_identification:_identify(.) by extensions ['colcon_pkg']
[0.315s] Level 1:colcon.colcon_core.package_identification:_identify(.) by extension 'colcon_pkg'
[0.315s] Level 1:colcon.colcon_core.package_identification:_identify(.) by extensions ['colcon_meta']
[0.315s] Level 1:colcon.colcon_core.package_identification:_identify(.) by extension 'colcon_meta'
[0.315s] Level 1:colcon.colcon_core.package_identification:_identify(.) by extensions ['ros']
[0.315s] Level 1:colcon.colcon_core.package_identification:_identify(.) by extension 'ros'
[0.327s] Level 1:colcon.colcon_core.package_identification:_identify(.) by extensions ['cmake', 'python']
[0.327s] Level 1:colcon.colcon_core.package_identification:_identify(.) by extension 'cmake'
[0.327s] Level 1:colcon.colcon_core.package_identification:_identify(.) by extension 'python'
[0.327s] Level 1:colcon.colcon_core.package_identification:_identify(.) by extensions ['python_setup_py']
[0.327s] Level 1:colcon.colcon_core.package_identification:_identify(.) by extension 'python_setup_py'
[0.327s] Level 1:colcon.colcon_core.package_identification:_identify(__pycache__) by extensions ['ignore', 'ignore_ament_install']
[0.327s] Level 1:colcon.colcon_core.package_identification:_identify(__pycache__) by extension 'ignore'
[0.327s] Level 1:colcon.colcon_core.package_identification:_identify(__pycache__) by extension 'ignore_ament_install'
[0.327s] Level 1:colcon.colcon_core.package_identification:_identify(__pycache__) by extensions ['colcon_pkg']
[0.327s] Level 1:colcon.colcon_core.package_identification:_identify(__pycache__) by extension 'colcon_pkg'
[0.327s] Level 1:colcon.colcon_core.package_identification:_identify(__pycache__) by extensions ['colcon_meta']
[0.328s] Level 1:colcon.colcon_core.package_identification:_identify(__pycache__) by extension 'colcon_meta'
[0.328s] Level 1:colcon.colcon_core.package_identification:_identify(__pycache__) by extensions ['ros']
[0.328s] Level 1:colcon.colcon_core.package_identification:_identify(__pycache__) by extension 'ros'
[0.328s] Level 1:colcon.colcon_core.package_identification:_identify(__pycache__) by extensions ['cmake', 'python']
[0.328s] Level 1:colcon.colcon_core.package_identification:_identify(__pycache__) by extension 'cmake'
[0.328s] Level 1:colcon.colcon_core.package_identification:_identify(__pycache__) by extension 'python'
[0.328s] Level 1:colcon.colcon_core.package_identification:_identify(__pycache__) by extensions ['python_setup_py']
[0.328s] Level 1:colcon.colcon_core.package_identification:_identify(__pycache__) by extension 'python_setup_py'
[0.328s] Level 1:colcon.colcon_core.package_identification:_identify(build) by extensions ['ignore', 'ignore_ament_install']
[0.328s] Level 1:colcon.colcon_core.package_identification:_identify(build) by extension 'ignore'
[0.328s] Level 1:colcon.colcon_core.package_identification:_identify(build) ignored
[0.328s] Level 1:colcon.colcon_core.package_identification:_identify(install) by extensions ['ignore', 'ignore_ament_install']
[0.328s] Level 1:colcon.colcon_core.package_identification:_identify(install) by extension 'ignore'
[0.328s] Level 1:colcon.colcon_core.package_identification:_identify(install) ignored
[0.328s] Level 1:colcon.colcon_core.package_identification:_identify(log) by extensions ['ignore', 'ignore_ament_install']
[0.329s] Level 1:colcon.colcon_core.package_identification:_identify(log) by extension 'ignore'
[0.329s] Level 1:colcon.colcon_core.package_identification:_identify(log) ignored
[0.329s] Level 1:colcon.colcon_core.package_identification:_identify(ros2projet-20250216T151337Z-001) by extensions ['ignore', 'ignore_ament_install']
[0.329s] Level 1:colcon.colcon_core.package_identification:_identify(ros2projet-20250216T151337Z-001) by extension 'ignore'
[0.329s] Level 1:colcon.colcon_core.package_identification:_identify(ros2projet-20250216T151337Z-001) by extension 'ignore_ament_install'
[0.329s] Level 1:colcon.colcon_core.package_identification:_identify(ros2projet-20250216T151337Z-001) by extensions ['colcon_pkg']
[0.329s] Level 1:colcon.colcon_core.package_identification:_identify(ros2projet-20250216T151337Z-001) by extension 'colcon_pkg'
[0.329s] Level 1:colcon.colcon_core.package_identification:_identify(ros2projet-20250216T151337Z-001) by extensions ['colcon_meta']
[0.329s] Level 1:colcon.colcon_core.package_identification:_identify(ros2projet-20250216T151337Z-001) by extension 'colcon_meta'
[0.329s] Level 1:colcon.colcon_core.package_identification:_identify(ros2projet-20250216T151337Z-001) by extensions ['ros']
[0.329s] Level 1:colcon.colcon_core.package_identification:_identify(ros2projet-20250216T151337Z-001) by extension 'ros'
[0.329s] Level 1:colcon.colcon_core.package_identification:_identify(ros2projet-20250216T151337Z-001) by extensions ['cmake', 'python']
[0.329s] Level 1:colcon.colcon_core.package_identification:_identify(ros2projet-20250216T151337Z-001) by extension 'cmake'
[0.329s] Level 1:colcon.colcon_core.package_identification:_identify(ros2projet-20250216T151337Z-001) by extension 'python'
[0.329s] Level 1:colcon.colcon_core.package_identification:_identify(ros2projet-20250216T151337Z-001) by extensions ['python_setup_py']
[0.329s] Level 1:colcon.colcon_core.package_identification:_identify(ros2projet-20250216T151337Z-001) by extension 'python_setup_py'
[0.329s] Level 1:colcon.colcon_core.package_identification:_identify(ros2projet-20250216T151337Z-001/ros2projet) by extensions ['ignore', 'ignore_ament_install']
[0.329s] Level 1:colcon.colcon_core.package_identification:_identify(ros2projet-20250216T151337Z-001/ros2projet) by extension 'ignore'
[0.329s] Level 1:colcon.colcon_core.package_identification:_identify(ros2projet-20250216T151337Z-001/ros2projet) by extension 'ignore_ament_install'
[0.329s] Level 1:colcon.colcon_core.package_identification:_identify(ros2projet-20250216T151337Z-001/ros2projet) by extensions ['colcon_pkg']
[0.330s] Level 1:colcon.colcon_core.package_identification:_identify(ros2projet-20250216T151337Z-001/ros2projet) by extension 'colcon_pkg'
[0.330s] Level 1:colcon.colcon_core.package_identification:_identify(ros2projet-20250216T151337Z-001/ros2projet) by extensions ['colcon_meta']
[0.330s] Level 1:colcon.colcon_core.package_identification:_identify(ros2projet-20250216T151337Z-001/ros2projet) by extension 'colcon_meta'
[0.330s] Level 1:colcon.colcon_core.package_identification:_identify(ros2projet-20250216T151337Z-001/ros2projet) by extensions ['ros']
[0.330s] Level 1:colcon.colcon_core.package_identification:_identify(ros2projet-20250216T151337Z-001/ros2projet) by extension 'ros'
[0.330s] Level 1:colcon.colcon_core.package_identification:_identify(ros2projet-20250216T151337Z-001/ros2projet) by extensions ['cmake', 'python']
[0.330s] Level 1:colcon.colcon_core.package_identification:_identify(ros2projet-20250216T151337Z-001/ros2projet) by extension 'cmake'
[0.330s] Level 1:colcon.colcon_core.package_identification:_identify(ros2projet-20250216T151337Z-001/ros2projet) by extension 'python'
[0.330s] Level 1:colcon.colcon_core.package_identification:_identify(ros2projet-20250216T151337Z-001/ros2projet) by extensions ['python_setup_py']
[0.330s] Level 1:colcon.colcon_core.package_identification:_identify(ros2projet-20250216T151337Z-001/ros2projet) by extension 'python_setup_py'
[0.330s] Level 1:colcon.colcon_core.package_identification:_identify(ros2projet-20250216T151337Z-001/ros2projet/__pycache__) by extensions ['ignore', 'ignore_ament_install']
[0.330s] Level 1:colcon.colcon_core.package_identification:_identify(ros2projet-20250216T151337Z-001/ros2projet/__pycache__) by extension 'ignore'
[0.330s] Level 1:colcon.colcon_core.package_identification:_identify(ros2projet-20250216T151337Z-001/ros2projet/__pycache__) by extension 'ignore_ament_install'
[0.330s] Level 1:colcon.colcon_core.package_identification:_identify(ros2projet-20250216T151337Z-001/ros2projet/__pycache__) by extensions ['colcon_pkg']
[0.330s] Level 1:colcon.colcon_core.package_identification:_identify(ros2projet-20250216T151337Z-001/ros2projet/__pycache__) by extension 'colcon_pkg'
[0.330s] Level 1:colcon.colcon_core.package_identification:_identify(ros2projet-20250216T151337Z-001/ros2projet/__pycache__) by extensions ['colcon_meta']
[0.330s] Level 1:colcon.colcon_core.package_identification:_identify(ros2projet-20250216T151337Z-001/ros2projet/__pycache__) by extension 'colcon_meta'
[0.330s] Level 1:colcon.colcon_core.package_identification:_identify(ros2projet-20250216T151337Z-001/ros2projet/__pycache__) by extensions ['ros']
[0.330s] Level 1:colcon.colcon_core.package_identification:_identify(ros2projet-20250216T151337Z-001/ros2projet/__pycache__) by extension 'ros'
[0.330s] Level 1:colcon.colcon_core.package_identification:_identify(ros2projet-20250216T151337Z-001/ros2projet/__pycache__) by extensions ['cmake', 'python']
[0.330s] Level 1:colcon.colcon_core.package_identification:_identify(ros2projet-20250216T151337Z-001/ros2projet/__pycache__) by extension 'cmake'
[0.331s] Level 1:colcon.colcon_core.package_identification:_identify(ros2projet-20250216T151337Z-001/ros2projet/__pycache__) by extension 'python'
[0.331s] Level 1:colcon.colcon_core.package_identification:_identify(ros2projet-20250216T151337Z-001/ros2projet/__pycache__) by extensions ['python_setup_py']
[0.331s] Level 1:colcon.colcon_core.package_identification:_identify(ros2projet-20250216T151337Z-001/ros2projet/__pycache__) by extension 'python_setup_py'
[0.331s] Level 1:colcon.colcon_core.package_identification:_identify(ros2projet-20250217T130334Z-001) by extensions ['ignore', 'ignore_ament_install']
[0.331s] Level 1:colcon.colcon_core.package_identification:_identify(ros2projet-20250217T130334Z-001) by extension 'ignore'
[0.331s] Level 1:colcon.colcon_core.package_identification:_identify(ros2projet-20250217T130334Z-001) by extension 'ignore_ament_install'
[0.331s] Level 1:colcon.colcon_core.package_identification:_identify(ros2projet-20250217T130334Z-001) by extensions ['colcon_pkg']
[0.331s] Level 1:colcon.colcon_core.package_identification:_identify(ros2projet-20250217T130334Z-001) by extension 'colcon_pkg'
[0.331s] Level 1:colcon.colcon_core.package_identification:_identify(ros2projet-20250217T130334Z-001) by extensions ['colcon_meta']
[0.331s] Level 1:colcon.colcon_core.package_identification:_identify(ros2projet-20250217T130334Z-001) by extension 'colcon_meta'
[0.331s] Level 1:colcon.colcon_core.package_identification:_identify(ros2projet-20250217T130334Z-001) by extensions ['ros']
[0.331s] Level 1:colcon.colcon_core.package_identification:_identify(ros2projet-20250217T130334Z-001) by extension 'ros'
[0.331s] Level 1:colcon.colcon_core.package_identification:_identify(ros2projet-20250217T130334Z-001) by extensions ['cmake', 'python']
[0.331s] Level 1:colcon.colcon_core.package_identification:_identify(ros2projet-20250217T130334Z-001) by extension 'cmake'
[0.331s] Level 1:colcon.colcon_core.package_identification:_identify(ros2projet-20250217T130334Z-001) by extension 'python'
[0.331s] Level 1:colcon.colcon_core.package_identification:_identify(ros2projet-20250217T130334Z-001) by extensions ['python_setup_py']
[0.331s] Level 1:colcon.colcon_core.package_identification:_identify(ros2projet-20250217T130334Z-001) by extension 'python_setup_py'
[0.331s] Level 1:colcon.colcon_core.package_identification:_identify(ros2projet-20250217T130334Z-001/ros2projet) by extensions ['ignore', 'ignore_ament_install']
[0.331s] Level 1:colcon.colcon_core.package_identification:_identify(ros2projet-20250217T130334Z-001/ros2projet) by extension 'ignore'
[0.331s] Level 1:colcon.colcon_core.package_identification:_identify(ros2projet-20250217T130334Z-001/ros2projet) by extension 'ignore_ament_install'
[0.332s] Level 1:colcon.colcon_core.package_identification:_identify(ros2projet-20250217T130334Z-001/ros2projet) by extensions ['colcon_pkg']
[0.332s] Level 1:colcon.colcon_core.package_identification:_identify(ros2projet-20250217T130334Z-001/ros2projet) by extension 'colcon_pkg'
[0.332s] Level 1:colcon.colcon_core.package_identification:_identify(ros2projet-20250217T130334Z-001/ros2projet) by extensions ['colcon_meta']
[0.332s] Level 1:colcon.colcon_core.package_identification:_identify(ros2projet-20250217T130334Z-001/ros2projet) by extension 'colcon_meta'
[0.332s] Level 1:colcon.colcon_core.package_identification:_identify(ros2projet-20250217T130334Z-001/ros2projet) by extensions ['ros']
[0.332s] Level 1:colcon.colcon_core.package_identification:_identify(ros2projet-20250217T130334Z-001/ros2projet) by extension 'ros'
[0.332s] Level 1:colcon.colcon_core.package_identification:_identify(ros2projet-20250217T130334Z-001/ros2projet) by extensions ['cmake', 'python']
[0.332s] Level 1:colcon.colcon_core.package_identification:_identify(ros2projet-20250217T130334Z-001/ros2projet) by extension 'cmake'
[0.332s] Level 1:colcon.colcon_core.package_identification:_identify(ros2projet-20250217T130334Z-001/ros2projet) by extension 'python'
[0.332s] Level 1:colcon.colcon_core.package_identification:_identify(ros2projet-20250217T130334Z-001/ros2projet) by extensions ['python_setup_py']
[0.332s] Level 1:colcon.colcon_core.package_identification:_identify(ros2projet-20250217T130334Z-001/ros2projet) by extension 'python_setup_py'
[0.332s] Level 1:colcon.colcon_core.package_identification:_identify(ros2projet-20250217T130334Z-001/ros2projet/__pycache__) by extensions ['ignore', 'ignore_ament_install']
[0.332s] Level 1:colcon.colcon_core.package_identification:_identify(ros2projet-20250217T130334Z-001/ros2projet/__pycache__) by extension 'ignore'
[0.332s] Level 1:colcon.colcon_core.package_identification:_identify(ros2projet-20250217T130334Z-001/ros2projet/__pycache__) by extension 'ignore_ament_install'
[0.332s] Level 1:colcon.colcon_core.package_identification:_identify(ros2projet-20250217T130334Z-001/ros2projet/__pycache__) by extensions ['colcon_pkg']
[0.332s] Level 1:colcon.colcon_core.package_identification:_identify(ros2projet-20250217T130334Z-001/ros2projet/__pycache__) by extension 'colcon_pkg'
[0.332s] Level 1:colcon.colcon_core.package_identification:_identify(ros2projet-20250217T130334Z-001/ros2projet/__pycache__) by extensions ['colcon_meta']
[0.332s] Level 1:colcon.colcon_core.package_identification:_identify(ros2projet-20250217T130334Z-001/ros2projet/__pycache__) by extension 'colcon_meta'
[0.332s] Level 1:colcon.colcon_core.package_identification:_identify(ros2projet-20250217T130334Z-001/ros2projet/__pycache__) by extensions ['ros']
[0.332s] Level 1:colcon.colcon_core.package_identification:_identify(ros2projet-20250217T130334Z-001/ros2projet/__pycache__) by extension 'ros'
[0.333s] Level 1:colcon.colcon_core.package_identification:_identify(ros2projet-20250217T130334Z-001/ros2projet/__pycache__) by extensions ['cmake', 'python']
[0.333s] Level 1:colcon.colcon_core.package_identification:_identify(ros2projet-20250217T130334Z-001/ros2projet/__pycache__) by extension 'cmake'
[0.333s] Level 1:colcon.colcon_core.package_identification:_identify(ros2projet-20250217T130334Z-001/ros2projet/__pycache__) by extension 'python'
[0.333s] Level 1:colcon.colcon_core.package_identification:_identify(ros2projet-20250217T130334Z-001/ros2projet/__pycache__) by extensions ['python_setup_py']
[0.333s] Level 1:colcon.colcon_core.package_identification:_identify(ros2projet-20250217T130334Z-001/ros2projet/__pycache__) by extension 'python_setup_py'
[0.333s] Level 1:colcon.colcon_core.package_identification:_identify(ros2projet-20250217T194437Z-001) by extensions ['ignore', 'ignore_ament_install']
[0.333s] Level 1:colcon.colcon_core.package_identification:_identify(ros2projet-20250217T194437Z-001) by extension 'ignore'
[0.333s] Level 1:colcon.colcon_core.package_identification:_identify(ros2projet-20250217T194437Z-001) by extension 'ignore_ament_install'
[0.333s] Level 1:colcon.colcon_core.package_identification:_identify(ros2projet-20250217T194437Z-001) by extensions ['colcon_pkg']
[0.333s] Level 1:colcon.colcon_core.package_identification:_identify(ros2projet-20250217T194437Z-001) by extension 'colcon_pkg'
[0.333s] Level 1:colcon.colcon_core.package_identification:_identify(ros2projet-20250217T194437Z-001) by extensions ['colcon_meta']
[0.333s] Level 1:colcon.colcon_core.package_identification:_identify(ros2projet-20250217T194437Z-001) by extension 'colcon_meta'
[0.333s] Level 1:colcon.colcon_core.package_identification:_identify(ros2projet-20250217T194437Z-001) by extensions ['ros']
[0.333s] Level 1:colcon.colcon_core.package_identification:_identify(ros2projet-20250217T194437Z-001) by extension 'ros'
[0.333s] Level 1:colcon.colcon_core.package_identification:_identify(ros2projet-20250217T194437Z-001) by extensions ['cmake', 'python']
[0.333s] Level 1:colcon.colcon_core.package_identification:_identify(ros2projet-20250217T194437Z-001) by extension 'cmake'
[0.333s] Level 1:colcon.colcon_core.package_identification:_identify(ros2projet-20250217T194437Z-001) by extension 'python'
[0.333s] Level 1:colcon.colcon_core.package_identification:_identify(ros2projet-20250217T194437Z-001) by extensions ['python_setup_py']
[0.333s] Level 1:colcon.colcon_core.package_identification:_identify(ros2projet-20250217T194437Z-001) by extension 'python_setup_py'
[0.333s] Level 1:colcon.colcon_core.package_identification:_identify(ros2projet-20250217T194437Z-001/ros2projet) by extensions ['ignore', 'ignore_ament_install']
[0.333s] Level 1:colcon.colcon_core.package_identification:_identify(ros2projet-20250217T194437Z-001/ros2projet) by extension 'ignore'
[0.334s] Level 1:colcon.colcon_core.package_identification:_identify(ros2projet-20250217T194437Z-001/ros2projet) by extension 'ignore_ament_install'
[0.334s] Level 1:colcon.colcon_core.package_identification:_identify(ros2projet-20250217T194437Z-001/ros2projet) by extensions ['colcon_pkg']
[0.334s] Level 1:colcon.colcon_core.package_identification:_identify(ros2projet-20250217T194437Z-001/ros2projet) by extension 'colcon_pkg'
[0.334s] Level 1:colcon.colcon_core.package_identification:_identify(ros2projet-20250217T194437Z-001/ros2projet) by extensions ['colcon_meta']
[0.334s] Level 1:colcon.colcon_core.package_identification:_identify(ros2projet-20250217T194437Z-001/ros2projet) by extension 'colcon_meta'
[0.334s] Level 1:colcon.colcon_core.package_identification:_identify(ros2projet-20250217T194437Z-001/ros2projet) by extensions ['ros']
[0.334s] Level 1:colcon.colcon_core.package_identification:_identify(ros2projet-20250217T194437Z-001/ros2projet) by extension 'ros'
[0.334s] Level 1:colcon.colcon_core.package_identification:_identify(ros2projet-20250217T194437Z-001/ros2projet) by extensions ['cmake', 'python']
[0.334s] Level 1:colcon.colcon_core.package_identification:_identify(ros2projet-20250217T194437Z-001/ros2projet) by extension 'cmake'
[0.334s] Level 1:colcon.colcon_core.package_identification:_identify(ros2projet-20250217T194437Z-001/ros2projet) by extension 'python'
[0.334s] Level 1:colcon.colcon_core.package_identification:_identify(ros2projet-20250217T194437Z-001/ros2projet) by extensions ['python_setup_py']
[0.334s] Level 1:colcon.colcon_core.package_identification:_identify(ros2projet-20250217T194437Z-001/ros2projet) by extension 'python_setup_py'
[0.334s] Level 1:colcon.colcon_core.package_identification:_identify(ros2projet-20250217T194437Z-001/ros2projet/__pycache__) by extensions ['ignore', 'ignore_ament_install']
[0.334s] Level 1:colcon.colcon_core.package_identification:_identify(ros2projet-20250217T194437Z-001/ros2projet/__pycache__) by extension 'ignore'
[0.334s] Level 1:colcon.colcon_core.package_identification:_identify(ros2projet-20250217T194437Z-001/ros2projet/__pycache__) by extension 'ignore_ament_install'
[0.334s] Level 1:colcon.colcon_core.package_identification:_identify(ros2projet-20250217T194437Z-001/ros2projet/__pycache__) by extensions ['colcon_pkg']
[0.334s] Level 1:colcon.colcon_core.package_identification:_identify(ros2projet-20250217T194437Z-001/ros2projet/__pycache__) by extension 'colcon_pkg'
[0.334s] Level 1:colcon.colcon_core.package_identification:_identify(ros2projet-20250217T194437Z-001/ros2projet/__pycache__) by extensions ['colcon_meta']
[0.334s] Level 1:colcon.colcon_core.package_identification:_identify(ros2projet-20250217T194437Z-001/ros2projet/__pycache__) by extension 'colcon_meta'
[0.334s] Level 1:colcon.colcon_core.package_identification:_identify(ros2projet-20250217T194437Z-001/ros2projet/__pycache__) by extensions ['ros']
[0.334s] Level 1:colcon.colcon_core.package_identification:_identify(ros2projet-20250217T194437Z-001/ros2projet/__pycache__) by extension 'ros'
[0.335s] Level 1:colcon.colcon_core.package_identification:_identify(ros2projet-20250217T194437Z-001/ros2projet/__pycache__) by extensions ['cmake', 'python']
[0.335s] Level 1:colcon.colcon_core.package_identification:_identify(ros2projet-20250217T194437Z-001/ros2projet/__pycache__) by extension 'cmake'
[0.335s] Level 1:colcon.colcon_core.package_identification:_identify(ros2projet-20250217T194437Z-001/ros2projet/__pycache__) by extension 'python'
[0.335s] Level 1:colcon.colcon_core.package_identification:_identify(ros2projet-20250217T194437Z-001/ros2projet/__pycache__) by extensions ['python_setup_py']
[0.335s] Level 1:colcon.colcon_core.package_identification:_identify(ros2projet-20250217T194437Z-001/ros2projet/__pycache__) by extension 'python_setup_py'
[0.335s] Level 1:colcon.colcon_core.package_identification:_identify(ros2projet-20250217T194437Z-001/ros2projet/ros2projet-20250217T130334Z-001) by extensions ['ignore', 'ignore_ament_install']
[0.335s] Level 1:colcon.colcon_core.package_identification:_identify(ros2projet-20250217T194437Z-001/ros2projet/ros2projet-20250217T130334Z-001) by extension 'ignore'
[0.335s] Level 1:colcon.colcon_core.package_identification:_identify(ros2projet-20250217T194437Z-001/ros2projet/ros2projet-20250217T130334Z-001) by extension 'ignore_ament_install'
[0.335s] Level 1:colcon.colcon_core.package_identification:_identify(ros2projet-20250217T194437Z-001/ros2projet/ros2projet-20250217T130334Z-001) by extensions ['colcon_pkg']
[0.335s] Level 1:colcon.colcon_core.package_identification:_identify(ros2projet-20250217T194437Z-001/ros2projet/ros2projet-20250217T130334Z-001) by extension 'colcon_pkg'
[0.335s] Level 1:colcon.colcon_core.package_identification:_identify(ros2projet-20250217T194437Z-001/ros2projet/ros2projet-20250217T130334Z-001) by extensions ['colcon_meta']
[0.335s] Level 1:colcon.colcon_core.package_identification:_identify(ros2projet-20250217T194437Z-001/ros2projet/ros2projet-20250217T130334Z-001) by extension 'colcon_meta'
[0.335s] Level 1:colcon.colcon_core.package_identification:_identify(ros2projet-20250217T194437Z-001/ros2projet/ros2projet-20250217T130334Z-001) by extensions ['ros']
[0.335s] Level 1:colcon.colcon_core.package_identification:_identify(ros2projet-20250217T194437Z-001/ros2projet/ros2projet-20250217T130334Z-001) by extension 'ros'
[0.335s] Level 1:colcon.colcon_core.package_identification:_identify(ros2projet-20250217T194437Z-001/ros2projet/ros2projet-20250217T130334Z-001) by extensions ['cmake', 'python']
[0.335s] Level 1:colcon.colcon_core.package_identification:_identify(ros2projet-20250217T194437Z-001/ros2projet/ros2projet-20250217T130334Z-001) by extension 'cmake'
[0.335s] Level 1:colcon.colcon_core.package_identification:_identify(ros2projet-20250217T194437Z-001/ros2projet/ros2projet-20250217T130334Z-001) by extension 'python'
[0.335s] Level 1:colcon.colcon_core.package_identification:_identify(ros2projet-20250217T194437Z-001/ros2projet/ros2projet-20250217T130334Z-001) by extensions ['python_setup_py']
[0.335s] Level 1:colcon.colcon_core.package_identification:_identify(ros2projet-20250217T194437Z-001/ros2projet/ros2projet-20250217T130334Z-001) by extension 'python_setup_py'
[0.335s] Level 1:colcon.colcon_core.package_identification:_identify(ros2projet-20250217T194437Z-001/ros2projet/ros2projet-20250217T130334Z-001/ros2projet) by extensions ['ignore', 'ignore_ament_install']
[0.336s] Level 1:colcon.colcon_core.package_identification:_identify(ros2projet-20250217T194437Z-001/ros2projet/ros2projet-20250217T130334Z-001/ros2projet) by extension 'ignore'
[0.336s] Level 1:colcon.colcon_core.package_identification:_identify(ros2projet-20250217T194437Z-001/ros2projet/ros2projet-20250217T130334Z-001/ros2projet) by extension 'ignore_ament_install'
[0.336s] Level 1:colcon.colcon_core.package_identification:_identify(ros2projet-20250217T194437Z-001/ros2projet/ros2projet-20250217T130334Z-001/ros2projet) by extensions ['colcon_pkg']
[0.336s] Level 1:colcon.colcon_core.package_identification:_identify(ros2projet-20250217T194437Z-001/ros2projet/ros2projet-20250217T130334Z-001/ros2projet) by extension 'colcon_pkg'
[0.336s] Level 1:colcon.colcon_core.package_identification:_identify(ros2projet-20250217T194437Z-001/ros2projet/ros2projet-20250217T130334Z-001/ros2projet) by extensions ['colcon_meta']
[0.336s] Level 1:colcon.colcon_core.package_identification:_identify(ros2projet-20250217T194437Z-001/ros2projet/ros2projet-20250217T130334Z-001/ros2projet) by extension 'colcon_meta'
[0.336s] Level 1:colcon.colcon_core.package_identification:_identify(ros2projet-20250217T194437Z-001/ros2projet/ros2projet-20250217T130334Z-001/ros2projet) by extensions ['ros']
[0.336s] Level 1:colcon.colcon_core.package_identification:_identify(ros2projet-20250217T194437Z-001/ros2projet/ros2projet-20250217T130334Z-001/ros2projet) by extension 'ros'
[0.336s] Level 1:colcon.colcon_core.package_identification:_identify(ros2projet-20250217T194437Z-001/ros2projet/ros2projet-20250217T130334Z-001/ros2projet) by extensions ['cmake', 'python']
[0.336s] Level 1:colcon.colcon_core.package_identification:_identify(ros2projet-20250217T194437Z-001/ros2projet/ros2projet-20250217T130334Z-001/ros2projet) by extension 'cmake'
[0.336s] Level 1:colcon.colcon_core.package_identification:_identify(ros2projet-20250217T194437Z-001/ros2projet/ros2projet-20250217T130334Z-001/ros2projet) by extension 'python'
[0.336s] Level 1:colcon.colcon_core.package_identification:_identify(ros2projet-20250217T194437Z-001/ros2projet/ros2projet-20250217T130334Z-001/ros2projet) by extensions ['python_setup_py']
[0.336s] Level 1:colcon.colcon_core.package_identification:_identify(ros2projet-20250217T194437Z-001/ros2projet/ros2projet-20250217T130334Z-001/ros2projet) by extension 'python_setup_py'
[0.336s] Level 1:colcon.colcon_core.package_identification:_identify(ros2projet-20250217T194437Z-001/ros2projet/ros2projet-20250217T130334Z-001/ros2projet/__pycache__) by extensions ['ignore', 'ignore_ament_install']
[0.336s] Level 1:colcon.colcon_core.package_identification:_identify(ros2projet-20250217T194437Z-001/ros2projet/ros2projet-20250217T130334Z-001/ros2projet/__pycache__) by extension 'ignore'
[0.336s] Level 1:colcon.colcon_core.package_identification:_identify(ros2projet-20250217T194437Z-001/ros2projet/ros2projet-20250217T130334Z-001/ros2projet/__pycache__) by extension 'ignore_ament_install'
[0.336s] Level 1:colcon.colcon_core.package_identification:_identify(ros2projet-20250217T194437Z-001/ros2projet/ros2projet-20250217T130334Z-001/ros2projet/__pycache__) by extensions ['colcon_pkg']
[0.336s] Level 1:colcon.colcon_core.package_identification:_identify(ros2projet-20250217T194437Z-001/ros2projet/ros2projet-20250217T130334Z-001/ros2projet/__pycache__) by extension 'colcon_pkg'
[0.336s] Level 1:colcon.colcon_core.package_identification:_identify(ros2projet-20250217T194437Z-001/ros2projet/ros2projet-20250217T130334Z-001/ros2projet/__pycache__) by extensions ['colcon_meta']
[0.336s] Level 1:colcon.colcon_core.package_identification:_identify(ros2projet-20250217T194437Z-001/ros2projet/ros2projet-20250217T130334Z-001/ros2projet/__pycache__) by extension 'colcon_meta'
[0.337s] Level 1:colcon.colcon_core.package_identification:_identify(ros2projet-20250217T194437Z-001/ros2projet/ros2projet-20250217T130334Z-001/ros2projet/__pycache__) by extensions ['ros']
[0.337s] Level 1:colcon.colcon_core.package_identification:_identify(ros2projet-20250217T194437Z-001/ros2projet/ros2projet-20250217T130334Z-001/ros2projet/__pycache__) by extension 'ros'
[0.337s] Level 1:colcon.colcon_core.package_identification:_identify(ros2projet-20250217T194437Z-001/ros2projet/ros2projet-20250217T130334Z-001/ros2projet/__pycache__) by extensions ['cmake', 'python']
[0.337s] Level 1:colcon.colcon_core.package_identification:_identify(ros2projet-20250217T194437Z-001/ros2projet/ros2projet-20250217T130334Z-001/ros2projet/__pycache__) by extension 'cmake'
[0.337s] Level 1:colcon.colcon_core.package_identification:_identify(ros2projet-20250217T194437Z-001/ros2projet/ros2projet-20250217T130334Z-001/ros2projet/__pycache__) by extension 'python'
[0.337s] Level 1:colcon.colcon_core.package_identification:_identify(ros2projet-20250217T194437Z-001/ros2projet/ros2projet-20250217T130334Z-001/ros2projet/__pycache__) by extensions ['python_setup_py']
[0.337s] Level 1:colcon.colcon_core.package_identification:_identify(ros2projet-20250217T194437Z-001/ros2projet/ros2projet-20250217T130334Z-001/ros2projet/__pycache__) by extension 'python_setup_py'
[0.337s] Level 1:colcon.colcon_core.package_identification:_identify(ros2projet-20250217T194437Z-001/ros2projet/templates) by extensions ['ignore', 'ignore_ament_install']
[0.337s] Level 1:colcon.colcon_core.package_identification:_identify(ros2projet-20250217T194437Z-001/ros2projet/templates) by extension 'ignore'
[0.337s] Level 1:colcon.colcon_core.package_identification:_identify(ros2projet-20250217T194437Z-001/ros2projet/templates) by extension 'ignore_ament_install'
[0.337s] Level 1:colcon.colcon_core.package_identification:_identify(ros2projet-20250217T194437Z-001/ros2projet/templates) by extensions ['colcon_pkg']
[0.337s] Level 1:colcon.colcon_core.package_identification:_identify(ros2projet-20250217T194437Z-001/ros2projet/templates) by extension 'colcon_pkg'
[0.337s] Level 1:colcon.colcon_core.package_identification:_identify(ros2projet-20250217T194437Z-001/ros2projet/templates) by extensions ['colcon_meta']
[0.337s] Level 1:colcon.colcon_core.package_identification:_identify(ros2projet-20250217T194437Z-001/ros2projet/templates) by extension 'colcon_meta'
[0.337s] Level 1:colcon.colcon_core.package_identification:_identify(ros2projet-20250217T194437Z-001/ros2projet/templates) by extensions ['ros']
[0.337s] Level 1:colcon.colcon_core.package_identification:_identify(ros2projet-20250217T194437Z-001/ros2projet/templates) by extension 'ros'
[0.337s] Level 1:colcon.colcon_core.package_identification:_identify(ros2projet-20250217T194437Z-001/ros2projet/templates) by extensions ['cmake', 'python']
[0.337s] Level 1:colcon.colcon_core.package_identification:_identify(ros2projet-20250217T194437Z-001/ros2projet/templates) by extension 'cmake'
[0.337s] Level 1:colcon.colcon_core.package_identification:_identify(ros2projet-20250217T194437Z-001/ros2projet/templates) by extension 'python'
[0.337s] Level 1:colcon.colcon_core.package_identification:_identify(ros2projet-20250217T194437Z-001/ros2projet/templates) by extensions ['python_setup_py']
[0.337s] Level 1:colcon.colcon_core.package_identification:_identify(ros2projet-20250217T194437Z-001/ros2projet/templates) by extension 'python_setup_py'
[0.338s] Level 1:colcon.colcon_core.package_identification:_identify(ros2projet-20250221T192005Z-001) by extensions ['ignore', 'ignore_ament_install']
[0.338s] Level 1:colcon.colcon_core.package_identification:_identify(ros2projet-20250221T192005Z-001) by extension 'ignore'
[0.338s] Level 1:colcon.colcon_core.package_identification:_identify(ros2projet-20250221T192005Z-001) by extension 'ignore_ament_install'
[0.338s] Level 1:colcon.colcon_core.package_identification:_identify(ros2projet-20250221T192005Z-001) by extensions ['colcon_pkg']
[0.338s] Level 1:colcon.colcon_core.package_identification:_identify(ros2projet-20250221T192005Z-001) by extension 'colcon_pkg'
[0.338s] Level 1:colcon.colcon_core.package_identification:_identify(ros2projet-20250221T192005Z-001) by extensions ['colcon_meta']
[0.338s] Level 1:colcon.colcon_core.package_identification:_identify(ros2projet-20250221T192005Z-001) by extension 'colcon_meta'
[0.338s] Level 1:colcon.colcon_core.package_identification:_identify(ros2projet-20250221T192005Z-001) by extensions ['ros']
[0.338s] Level 1:colcon.colcon_core.package_identification:_identify(ros2projet-20250221T192005Z-001) by extension 'ros'
[0.338s] Level 1:colcon.colcon_core.package_identification:_identify(ros2projet-20250221T192005Z-001) by extensions ['cmake', 'python']
[0.338s] Level 1:colcon.colcon_core.package_identification:_identify(ros2projet-20250221T192005Z-001) by extension 'cmake'
[0.338s] Level 1:colcon.colcon_core.package_identification:_identify(ros2projet-20250221T192005Z-001) by extension 'python'
[0.338s] Level 1:colcon.colcon_core.package_identification:_identify(ros2projet-20250221T192005Z-001) by extensions ['python_setup_py']
[0.338s] Level 1:colcon.colcon_core.package_identification:_identify(ros2projet-20250221T192005Z-001) by extension 'python_setup_py'
[0.338s] Level 1:colcon.colcon_core.package_identification:_identify(ros2projet-20250221T192005Z-001/ros2projet) by extensions ['ignore', 'ignore_ament_install']
[0.338s] Level 1:colcon.colcon_core.package_identification:_identify(ros2projet-20250221T192005Z-001/ros2projet) by extension 'ignore'
[0.338s] Level 1:colcon.colcon_core.package_identification:_identify(ros2projet-20250221T192005Z-001/ros2projet) by extension 'ignore_ament_install'
[0.338s] Level 1:colcon.colcon_core.package_identification:_identify(ros2projet-20250221T192005Z-001/ros2projet) by extensions ['colcon_pkg']
[0.338s] Level 1:colcon.colcon_core.package_identification:_identify(ros2projet-20250221T192005Z-001/ros2projet) by extension 'colcon_pkg'
[0.339s] Level 1:colcon.colcon_core.package_identification:_identify(ros2projet-20250221T192005Z-001/ros2projet) by extensions ['colcon_meta']
[0.339s] Level 1:colcon.colcon_core.package_identification:_identify(ros2projet-20250221T192005Z-001/ros2projet) by extension 'colcon_meta'
[0.339s] Level 1:colcon.colcon_core.package_identification:_identify(ros2projet-20250221T192005Z-001/ros2projet) by extensions ['ros']
[0.339s] Level 1:colcon.colcon_core.package_identification:_identify(ros2projet-20250221T192005Z-001/ros2projet) by extension 'ros'
[0.339s] Level 1:colcon.colcon_core.package_identification:_identify(ros2projet-20250221T192005Z-001/ros2projet) by extensions ['cmake', 'python']
[0.339s] Level 1:colcon.colcon_core.package_identification:_identify(ros2projet-20250221T192005Z-001/ros2projet) by extension 'cmake'
[0.339s] Level 1:colcon.colcon_core.package_identification:_identify(ros2projet-20250221T192005Z-001/ros2projet) by extension 'python'
[0.339s] Level 1:colcon.colcon_core.package_identification:_identify(ros2projet-20250221T192005Z-001/ros2projet) by extensions ['python_setup_py']
[0.339s] Level 1:colcon.colcon_core.package_identification:_identify(ros2projet-20250221T192005Z-001/ros2projet) by extension 'python_setup_py'
[0.339s] Level 1:colcon.colcon_core.package_identification:_identify(ros2projet-20250221T192005Z-001/ros2projet/__pycache__) by extensions ['ignore', 'ignore_ament_install']
[0.339s] Level 1:colcon.colcon_core.package_identification:_identify(ros2projet-20250221T192005Z-001/ros2projet/__pycache__) by extension 'ignore'
[0.339s] Level 1:colcon.colcon_core.package_identification:_identify(ros2projet-20250221T192005Z-001/ros2projet/__pycache__) by extension 'ignore_ament_install'
[0.339s] Level 1:colcon.colcon_core.package_identification:_identify(ros2projet-20250221T192005Z-001/ros2projet/__pycache__) by extensions ['colcon_pkg']
[0.339s] Level 1:colcon.colcon_core.package_identification:_identify(ros2projet-20250221T192005Z-001/ros2projet/__pycache__) by extension 'colcon_pkg'
[0.339s] Level 1:colcon.colcon_core.package_identification:_identify(ros2projet-20250221T192005Z-001/ros2projet/__pycache__) by extensions ['colcon_meta']
[0.339s] Level 1:colcon.colcon_core.package_identification:_identify(ros2projet-20250221T192005Z-001/ros2projet/__pycache__) by extension 'colcon_meta'
[0.339s] Level 1:colcon.colcon_core.package_identification:_identify(ros2projet-20250221T192005Z-001/ros2projet/__pycache__) by extensions ['ros']
[0.339s] Level 1:colcon.colcon_core.package_identification:_identify(ros2projet-20250221T192005Z-001/ros2projet/__pycache__) by extension 'ros'
[0.339s] Level 1:colcon.colcon_core.package_identification:_identify(ros2projet-20250221T192005Z-001/ros2projet/__pycache__) by extensions ['cmake', 'python']
[0.339s] Level 1:colcon.colcon_core.package_identification:_identify(ros2projet-20250221T192005Z-001/ros2projet/__pycache__) by extension 'cmake'
[0.339s] Level 1:colcon.colcon_core.package_identification:_identify(ros2projet-20250221T192005Z-001/ros2projet/__pycache__) by extension 'python'
[0.339s] Level 1:colcon.colcon_core.package_identification:_identify(ros2projet-20250221T192005Z-001/ros2projet/__pycache__) by extensions ['python_setup_py']
[0.340s] Level 1:colcon.colcon_core.package_identification:_identify(ros2projet-20250221T192005Z-001/ros2projet/__pycache__) by extension 'python_setup_py'
[0.340s] Level 1:colcon.colcon_core.package_identification:_identify(ros2projet-20250221T192005Z-001/ros2projet/build) by extensions ['ignore', 'ignore_ament_install']
[0.340s] Level 1:colcon.colcon_core.package_identification:_identify(ros2projet-20250221T192005Z-001/ros2projet/build) by extension 'ignore'
[0.340s] Level 1:colcon.colcon_core.package_identification:_identify(ros2projet-20250221T192005Z-001/ros2projet/build) ignored
[0.340s] Level 1:colcon.colcon_core.package_identification:_identify(ros2projet-20250221T192005Z-001/ros2projet/install) by extensions ['ignore', 'ignore_ament_install']
[0.340s] Level 1:colcon.colcon_core.package_identification:_identify(ros2projet-20250221T192005Z-001/ros2projet/install) by extension 'ignore'
[0.340s] Level 1:colcon.colcon_core.package_identification:_identify(ros2projet-20250221T192005Z-001/ros2projet/install) ignored
[0.340s] Level 1:colcon.colcon_core.package_identification:_identify(ros2projet-20250221T192005Z-001/ros2projet/log) by extensions ['ignore', 'ignore_ament_install']
[0.340s] Level 1:colcon.colcon_core.package_identification:_identify(ros2projet-20250221T192005Z-001/ros2projet/log) by extension 'ignore'
[0.340s] Level 1:colcon.colcon_core.package_identification:_identify(ros2projet-20250221T192005Z-001/ros2projet/log) ignored
[0.340s] Level 1:colcon.colcon_core.package_identification:_identify(ros2projet-20250221T192005Z-001/ros2projet/ros2projet-20250216T151337Z-001) by extensions ['ignore', 'ignore_ament_install']
[0.340s] Level 1:colcon.colcon_core.package_identification:_identify(ros2projet-20250221T192005Z-001/ros2projet/ros2projet-20250216T151337Z-001) by extension 'ignore'
[0.340s] Level 1:colcon.colcon_core.package_identification:_identify(ros2projet-20250221T192005Z-001/ros2projet/ros2projet-20250216T151337Z-001) by extension 'ignore_ament_install'
[0.340s] Level 1:colcon.colcon_core.package_identification:_identify(ros2projet-20250221T192005Z-001/ros2projet/ros2projet-20250216T151337Z-001) by extensions ['colcon_pkg']
[0.341s] Level 1:colcon.colcon_core.package_identification:_identify(ros2projet-20250221T192005Z-001/ros2projet/ros2projet-20250216T151337Z-001) by extension 'colcon_pkg'
[0.341s] Level 1:colcon.colcon_core.package_identification:_identify(ros2projet-20250221T192005Z-001/ros2projet/ros2projet-20250216T151337Z-001) by extensions ['colcon_meta']
[0.341s] Level 1:colcon.colcon_core.package_identification:_identify(ros2projet-20250221T192005Z-001/ros2projet/ros2projet-20250216T151337Z-001) by extension 'colcon_meta'
[0.341s] Level 1:colcon.colcon_core.package_identification:_identify(ros2projet-20250221T192005Z-001/ros2projet/ros2projet-20250216T151337Z-001) by extensions ['ros']
[0.341s] Level 1:colcon.colcon_core.package_identification:_identify(ros2projet-20250221T192005Z-001/ros2projet/ros2projet-20250216T151337Z-001) by extension 'ros'
[0.341s] Level 1:colcon.colcon_core.package_identification:_identify(ros2projet-20250221T192005Z-001/ros2projet/ros2projet-20250216T151337Z-001) by extensions ['cmake', 'python']
[0.341s] Level 1:colcon.colcon_core.package_identification:_identify(ros2projet-20250221T192005Z-001/ros2projet/ros2projet-20250216T151337Z-001) by extension 'cmake'
[0.341s] Level 1:colcon.colcon_core.package_identification:_identify(ros2projet-20250221T192005Z-001/ros2projet/ros2projet-20250216T151337Z-001) by extension 'python'
[0.341s] Level 1:colcon.colcon_core.package_identification:_identify(ros2projet-20250221T192005Z-001/ros2projet/ros2projet-20250216T151337Z-001) by extensions ['python_setup_py']
[0.341s] Level 1:colcon.colcon_core.package_identification:_identify(ros2projet-20250221T192005Z-001/ros2projet/ros2projet-20250216T151337Z-001) by extension 'python_setup_py'
[0.341s] Level 1:colcon.colcon_core.package_identification:_identify(ros2projet-20250221T192005Z-001/ros2projet/ros2projet-20250216T151337Z-001/ros2projet) by extensions ['ignore', 'ignore_ament_install']
[0.341s] Level 1:colcon.colcon_core.package_identification:_identify(ros2projet-20250221T192005Z-001/ros2projet/ros2projet-20250216T151337Z-001/ros2projet) by extension 'ignore'
[0.341s] Level 1:colcon.colcon_core.package_identification:_identify(ros2projet-20250221T192005Z-001/ros2projet/ros2projet-20250216T151337Z-001/ros2projet) by extension 'ignore_ament_install'
[0.341s] Level 1:colcon.colcon_core.package_identification:_identify(ros2projet-20250221T192005Z-001/ros2projet/ros2projet-20250216T151337Z-001/ros2projet) by extensions ['colcon_pkg']
[0.341s] Level 1:colcon.colcon_core.package_identification:_identify(ros2projet-20250221T192005Z-001/ros2projet/ros2projet-20250216T151337Z-001/ros2projet) by extension 'colcon_pkg'
[0.341s] Level 1:colcon.colcon_core.package_identification:_identify(ros2projet-20250221T192005Z-001/ros2projet/ros2projet-20250216T151337Z-001/ros2projet) by extensions ['colcon_meta']
[0.341s] Level 1:colcon.colcon_core.package_identification:_identify(ros2projet-20250221T192005Z-001/ros2projet/ros2projet-20250216T151337Z-001/ros2projet) by extension 'colcon_meta'
[0.341s] Level 1:colcon.colcon_core.package_identification:_identify(ros2projet-20250221T192005Z-001/ros2projet/ros2projet-20250216T151337Z-001/ros2projet) by extensions ['ros']
[0.341s] Level 1:colcon.colcon_core.package_identification:_identify(ros2projet-20250221T192005Z-001/ros2projet/ros2projet-20250216T151337Z-001/ros2projet) by extension 'ros'
[0.341s] Level 1:colcon.colcon_core.package_identification:_identify(ros2projet-20250221T192005Z-001/ros2projet/ros2projet-20250216T151337Z-001/ros2projet) by extensions ['cmake', 'python']
[0.341s] Level 1:colcon.colcon_core.package_identification:_identify(ros2projet-20250221T192005Z-001/ros2projet/ros2projet-20250216T151337Z-001/ros2projet) by extension 'cmake'
[0.341s] Level 1:colcon.colcon_core.package_identification:_identify(ros2projet-20250221T192005Z-001/ros2projet/ros2projet-20250216T151337Z-001/ros2projet) by extension 'python'
[0.342s] Level 1:colcon.colcon_core.package_identification:_identify(ros2projet-20250221T192005Z-001/ros2projet/ros2projet-20250216T151337Z-001/ros2projet) by extensions ['python_setup_py']
[0.342s] Level 1:colcon.colcon_core.package_identification:_identify(ros2projet-20250221T192005Z-001/ros2projet/ros2projet-20250216T151337Z-001/ros2projet) by extension 'python_setup_py'
[0.342s] Level 1:colcon.colcon_core.package_identification:_identify(ros2projet-20250221T192005Z-001/ros2projet/ros2projet-20250216T151337Z-001/ros2projet/__pycache__) by extensions ['ignore', 'ignore_ament_install']
[0.342s] Level 1:colcon.colcon_core.package_identification:_identify(ros2projet-20250221T192005Z-001/ros2projet/ros2projet-20250216T151337Z-001/ros2projet/__pycache__) by extension 'ignore'
[0.342s] Level 1:colcon.colcon_core.package_identification:_identify(ros2projet-20250221T192005Z-001/ros2projet/ros2projet-20250216T151337Z-001/ros2projet/__pycache__) by extension 'ignore_ament_install'
[0.342s] Level 1:colcon.colcon_core.package_identification:_identify(ros2projet-20250221T192005Z-001/ros2projet/ros2projet-20250216T151337Z-001/ros2projet/__pycache__) by extensions ['colcon_pkg']
[0.342s] Level 1:colcon.colcon_core.package_identification:_identify(ros2projet-20250221T192005Z-001/ros2projet/ros2projet-20250216T151337Z-001/ros2projet/__pycache__) by extension 'colcon_pkg'
[0.342s] Level 1:colcon.colcon_core.package_identification:_identify(ros2projet-20250221T192005Z-001/ros2projet/ros2projet-20250216T151337Z-001/ros2projet/__pycache__) by extensions ['colcon_meta']
[0.342s] Level 1:colcon.colcon_core.package_identification:_identify(ros2projet-20250221T192005Z-001/ros2projet/ros2projet-20250216T151337Z-001/ros2projet/__pycache__) by extension 'colcon_meta'
[0.342s] Level 1:colcon.colcon_core.package_identification:_identify(ros2projet-20250221T192005Z-001/ros2projet/ros2projet-20250216T151337Z-001/ros2projet/__pycache__) by extensions ['ros']
[0.342s] Level 1:colcon.colcon_core.package_identification:_identify(ros2projet-20250221T192005Z-001/ros2projet/ros2projet-20250216T151337Z-001/ros2projet/__pycache__) by extension 'ros'
[0.342s] Level 1:colcon.colcon_core.package_identification:_identify(ros2projet-20250221T192005Z-001/ros2projet/ros2projet-20250216T151337Z-001/ros2projet/__pycache__) by extensions ['cmake', 'python']
[0.342s] Level 1:colcon.colcon_core.package_identification:_identify(ros2projet-20250221T192005Z-001/ros2projet/ros2projet-20250216T151337Z-001/ros2projet/__pycache__) by extension 'cmake'
[0.342s] Level 1:colcon.colcon_core.package_identification:_identify(ros2projet-20250221T192005Z-001/ros2projet/ros2projet-20250216T151337Z-001/ros2projet/__pycache__) by extension 'python'
[0.342s] Level 1:colcon.colcon_core.package_identification:_identify(ros2projet-20250221T192005Z-001/ros2projet/ros2projet-20250216T151337Z-001/ros2projet/__pycache__) by extensions ['python_setup_py']
[0.342s] Level 1:colcon.colcon_core.package_identification:_identify(ros2projet-20250221T192005Z-001/ros2projet/ros2projet-20250216T151337Z-001/ros2projet/__pycache__) by extension 'python_setup_py'
[0.342s] Level 1:colcon.colcon_core.package_identification:_identify(ros2projet-20250221T192005Z-001/ros2projet/ros2projet-20250217T130334Z-001) by extensions ['ignore', 'ignore_ament_install']
[0.342s] Level 1:colcon.colcon_core.package_identification:_identify(ros2projet-20250221T192005Z-001/ros2projet/ros2projet-20250217T130334Z-001) by extension 'ignore'
[0.343s] Level 1:colcon.colcon_core.package_identification:_identify(ros2projet-20250221T192005Z-001/ros2projet/ros2projet-20250217T130334Z-001) by extension 'ignore_ament_install'
[0.343s] Level 1:colcon.colcon_core.package_identification:_identify(ros2projet-20250221T192005Z-001/ros2projet/ros2projet-20250217T130334Z-001) by extensions ['colcon_pkg']
[0.343s] Level 1:colcon.colcon_core.package_identification:_identify(ros2projet-20250221T192005Z-001/ros2projet/ros2projet-20250217T130334Z-001) by extension 'colcon_pkg'
[0.343s] Level 1:colcon.colcon_core.package_identification:_identify(ros2projet-20250221T192005Z-001/ros2projet/ros2projet-20250217T130334Z-001) by extensions ['colcon_meta']
[0.343s] Level 1:colcon.colcon_core.package_identification:_identify(ros2projet-20250221T192005Z-001/ros2projet/ros2projet-20250217T130334Z-001) by extension 'colcon_meta'
[0.343s] Level 1:colcon.colcon_core.package_identification:_identify(ros2projet-20250221T192005Z-001/ros2projet/ros2projet-20250217T130334Z-001) by extensions ['ros']
[0.343s] Level 1:colcon.colcon_core.package_identification:_identify(ros2projet-20250221T192005Z-001/ros2projet/ros2projet-20250217T130334Z-001) by extension 'ros'
[0.343s] Level 1:colcon.colcon_core.package_identification:_identify(ros2projet-20250221T192005Z-001/ros2projet/ros2projet-20250217T130334Z-001) by extensions ['cmake', 'python']
[0.343s] Level 1:colcon.colcon_core.package_identification:_identify(ros2projet-20250221T192005Z-001/ros2projet/ros2projet-20250217T130334Z-001) by extension 'cmake'
[0.343s] Level 1:colcon.colcon_core.package_identification:_identify(ros2projet-20250221T192005Z-001/ros2projet/ros2projet-20250217T130334Z-001) by extension 'python'
[0.343s] Level 1:colcon.colcon_core.package_identification:_identify(ros2projet-20250221T192005Z-001/ros2projet/ros2projet-20250217T130334Z-001) by extensions ['python_setup_py']
[0.343s] Level 1:colcon.colcon_core.package_identification:_identify(ros2projet-20250221T192005Z-001/ros2projet/ros2projet-20250217T130334Z-001) by extension 'python_setup_py'
[0.343s] Level 1:colcon.colcon_core.package_identification:_identify(ros2projet-20250221T192005Z-001/ros2projet/ros2projet-20250217T130334Z-001/ros2projet) by extensions ['ignore', 'ignore_ament_install']
[0.343s] Level 1:colcon.colcon_core.package_identification:_identify(ros2projet-20250221T192005Z-001/ros2projet/ros2projet-20250217T130334Z-001/ros2projet) by extension 'ignore'
[0.343s] Level 1:colcon.colcon_core.package_identification:_identify(ros2projet-20250221T192005Z-001/ros2projet/ros2projet-20250217T130334Z-001/ros2projet) by extension 'ignore_ament_install'
[0.343s] Level 1:colcon.colcon_core.package_identification:_identify(ros2projet-20250221T192005Z-001/ros2projet/ros2projet-20250217T130334Z-001/ros2projet) by extensions ['colcon_pkg']
[0.343s] Level 1:colcon.colcon_core.package_identification:_identify(ros2projet-20250221T192005Z-001/ros2projet/ros2projet-20250217T130334Z-001/ros2projet) by extension 'colcon_pkg'
[0.343s] Level 1:colcon.colcon_core.package_identification:_identify(ros2projet-20250221T192005Z-001/ros2projet/ros2projet-20250217T130334Z-001/ros2projet) by extensions ['colcon_meta']
[0.343s] Level 1:colcon.colcon_core.package_identification:_identify(ros2projet-20250221T192005Z-001/ros2projet/ros2projet-20250217T130334Z-001/ros2projet) by extension 'colcon_meta'
[0.343s] Level 1:colcon.colcon_core.package_identification:_identify(ros2projet-20250221T192005Z-001/ros2projet/ros2projet-20250217T130334Z-001/ros2projet) by extensions ['ros']
[0.343s] Level 1:colcon.colcon_core.package_identification:_identify(ros2projet-20250221T192005Z-001/ros2projet/ros2projet-20250217T130334Z-001/ros2projet) by extension 'ros'
[0.344s] Level 1:colcon.colcon_core.package_identification:_identify(ros2projet-20250221T192005Z-001/ros2projet/ros2projet-20250217T130334Z-001/ros2projet) by extensions ['cmake', 'python']
[0.344s] Level 1:colcon.colcon_core.package_identification:_identify(ros2projet-20250221T192005Z-001/ros2projet/ros2projet-20250217T130334Z-001/ros2projet) by extension 'cmake'
[0.344s] Level 1:colcon.colcon_core.package_identification:_identify(ros2projet-20250221T192005Z-001/ros2projet/ros2projet-20250217T130334Z-001/ros2projet) by extension 'python'
[0.344s] Level 1:colcon.colcon_core.package_identification:_identify(ros2projet-20250221T192005Z-001/ros2projet/ros2projet-20250217T130334Z-001/ros2projet) by extensions ['python_setup_py']
[0.344s] Level 1:colcon.colcon_core.package_identification:_identify(ros2projet-20250221T192005Z-001/ros2projet/ros2projet-20250217T130334Z-001/ros2projet) by extension 'python_setup_py'
[0.344s] Level 1:colcon.colcon_core.package_identification:_identify(ros2projet-20250221T192005Z-001/ros2projet/ros2projet-20250217T130334Z-001/ros2projet/__pycache__) by extensions ['ignore', 'ignore_ament_install']
[0.344s] Level 1:colcon.colcon_core.package_identification:_identify(ros2projet-20250221T192005Z-001/ros2projet/ros2projet-20250217T130334Z-001/ros2projet/__pycache__) by extension 'ignore'
[0.344s] Level 1:colcon.colcon_core.package_identification:_identify(ros2projet-20250221T192005Z-001/ros2projet/ros2projet-20250217T130334Z-001/ros2projet/__pycache__) by extension 'ignore_ament_install'
[0.344s] Level 1:colcon.colcon_core.package_identification:_identify(ros2projet-20250221T192005Z-001/ros2projet/ros2projet-20250217T130334Z-001/ros2projet/__pycache__) by extensions ['colcon_pkg']
[0.344s] Level 1:colcon.colcon_core.package_identification:_identify(ros2projet-20250221T192005Z-001/ros2projet/ros2projet-20250217T130334Z-001/ros2projet/__pycache__) by extension 'colcon_pkg'
[0.344s] Level 1:colcon.colcon_core.package_identification:_identify(ros2projet-20250221T192005Z-001/ros2projet/ros2projet-20250217T130334Z-001/ros2projet/__pycache__) by extensions ['colcon_meta']
[0.344s] Level 1:colcon.colcon_core.package_identification:_identify(ros2projet-20250221T192005Z-001/ros2projet/ros2projet-20250217T130334Z-001/ros2projet/__pycache__) by extension 'colcon_meta'
[0.344s] Level 1:colcon.colcon_core.package_identification:_identify(ros2projet-20250221T192005Z-001/ros2projet/ros2projet-20250217T130334Z-001/ros2projet/__pycache__) by extensions ['ros']
[0.344s] Level 1:colcon.colcon_core.package_identification:_identify(ros2projet-20250221T192005Z-001/ros2projet/ros2projet-20250217T130334Z-001/ros2projet/__pycache__) by extension 'ros'
[0.344s] Level 1:colcon.colcon_core.package_identification:_identify(ros2projet-20250221T192005Z-001/ros2projet/ros2projet-20250217T130334Z-001/ros2projet/__pycache__) by extensions ['cmake', 'python']
[0.344s] Level 1:colcon.colcon_core.package_identification:_identify(ros2projet-20250221T192005Z-001/ros2projet/ros2projet-20250217T130334Z-001/ros2projet/__pycache__) by extension 'cmake'
[0.344s] Level 1:colcon.colcon_core.package_identification:_identify(ros2projet-20250221T192005Z-001/ros2projet/ros2projet-20250217T130334Z-001/ros2projet/__pycache__) by extension 'python'
[0.344s] Level 1:colcon.colcon_core.package_identification:_identify(ros2projet-20250221T192005Z-001/ros2projet/ros2projet-20250217T130334Z-001/ros2projet/__pycache__) by extensions ['python_setup_py']
[0.344s] Level 1:colcon.colcon_core.package_identification:_identify(ros2projet-20250221T192005Z-001/ros2projet/ros2projet-20250217T130334Z-001/ros2projet/__pycache__) by extension 'python_setup_py'
[0.345s] Level 1:colcon.colcon_core.package_identification:_identify(ros2projet-20250221T192005Z-001/ros2projet/ros2projet-20250217T194437Z-001) by extensions ['ignore', 'ignore_ament_install']
[0.345s] Level 1:colcon.colcon_core.package_identification:_identify(ros2projet-20250221T192005Z-001/ros2projet/ros2projet-20250217T194437Z-001) by extension 'ignore'
[0.345s] Level 1:colcon.colcon_core.package_identification:_identify(ros2projet-20250221T192005Z-001/ros2projet/ros2projet-20250217T194437Z-001) by extension 'ignore_ament_install'
[0.345s] Level 1:colcon.colcon_core.package_identification:_identify(ros2projet-20250221T192005Z-001/ros2projet/ros2projet-20250217T194437Z-001) by extensions ['colcon_pkg']
[0.345s] Level 1:colcon.colcon_core.package_identification:_identify(ros2projet-20250221T192005Z-001/ros2projet/ros2projet-20250217T194437Z-001) by extension 'colcon_pkg'
[0.345s] Level 1:colcon.colcon_core.package_identification:_identify(ros2projet-20250221T192005Z-001/ros2projet/ros2projet-20250217T194437Z-001) by extensions ['colcon_meta']
[0.345s] Level 1:colcon.colcon_core.package_identification:_identify(ros2projet-20250221T192005Z-001/ros2projet/ros2projet-20250217T194437Z-001) by extension 'colcon_meta'
[0.345s] Level 1:colcon.colcon_core.package_identification:_identify(ros2projet-20250221T192005Z-001/ros2projet/ros2projet-20250217T194437Z-001) by extensions ['ros']
[0.345s] Level 1:colcon.colcon_core.package_identification:_identify(ros2projet-20250221T192005Z-001/ros2projet/ros2projet-20250217T194437Z-001) by extension 'ros'
[0.345s] Level 1:colcon.colcon_core.package_identification:_identify(ros2projet-20250221T192005Z-001/ros2projet/ros2projet-20250217T194437Z-001) by extensions ['cmake', 'python']
[0.345s] Level 1:colcon.colcon_core.package_identification:_identify(ros2projet-20250221T192005Z-001/ros2projet/ros2projet-20250217T194437Z-001) by extension 'cmake'
[0.345s] Level 1:colcon.colcon_core.package_identification:_identify(ros2projet-20250221T192005Z-001/ros2projet/ros2projet-20250217T194437Z-001) by extension 'python'
[0.345s] Level 1:colcon.colcon_core.package_identification:_identify(ros2projet-20250221T192005Z-001/ros2projet/ros2projet-20250217T194437Z-001) by extensions ['python_setup_py']
[0.345s] Level 1:colcon.colcon_core.package_identification:_identify(ros2projet-20250221T192005Z-001/ros2projet/ros2projet-20250217T194437Z-001) by extension 'python_setup_py'
[0.345s] Level 1:colcon.colcon_core.package_identification:_identify(ros2projet-20250221T192005Z-001/ros2projet/ros2projet-20250217T194437Z-001/ros2projet) by extensions ['ignore', 'ignore_ament_install']
[0.345s] Level 1:colcon.colcon_core.package_identification:_identify(ros2projet-20250221T192005Z-001/ros2projet/ros2projet-20250217T194437Z-001/ros2projet) by extension 'ignore'
[0.345s] Level 1:colcon.colcon_core.package_identification:_identify(ros2projet-20250221T192005Z-001/ros2projet/ros2projet-20250217T194437Z-001/ros2projet) by extension 'ignore_ament_install'
[0.345s] Level 1:colcon.colcon_core.package_identification:_identify(ros2projet-20250221T192005Z-001/ros2projet/ros2projet-20250217T194437Z-001/ros2projet) by extensions ['colcon_pkg']
[0.345s] Level 1:colcon.colcon_core.package_identification:_identify(ros2projet-20250221T192005Z-001/ros2projet/ros2projet-20250217T194437Z-001/ros2projet) by extension 'colcon_pkg'
[0.346s] Level 1:colcon.colcon_core.package_identification:_identify(ros2projet-20250221T192005Z-001/ros2projet/ros2projet-20250217T194437Z-001/ros2projet) by extensions ['colcon_meta']
[0.346s] Level 1:colcon.colcon_core.package_identification:_identify(ros2projet-20250221T192005Z-001/ros2projet/ros2projet-20250217T194437Z-001/ros2projet) by extension 'colcon_meta'
[0.346s] Level 1:colcon.colcon_core.package_identification:_identify(ros2projet-20250221T192005Z-001/ros2projet/ros2projet-20250217T194437Z-001/ros2projet) by extensions ['ros']
[0.346s] Level 1:colcon.colcon_core.package_identification:_identify(ros2projet-20250221T192005Z-001/ros2projet/ros2projet-20250217T194437Z-001/ros2projet) by extension 'ros'
[0.346s] Level 1:colcon.colcon_core.package_identification:_identify(ros2projet-20250221T192005Z-001/ros2projet/ros2projet-20250217T194437Z-001/ros2projet) by extensions ['cmake', 'python']
[0.346s] Level 1:colcon.colcon_core.package_identification:_identify(ros2projet-20250221T192005Z-001/ros2projet/ros2projet-20250217T194437Z-001/ros2projet) by extension 'cmake'
[0.346s] Level 1:colcon.colcon_core.package_identification:_identify(ros2projet-20250221T192005Z-001/ros2projet/ros2projet-20250217T194437Z-001/ros2projet) by extension 'python'
[0.346s] Level 1:colcon.colcon_core.package_identification:_identify(ros2projet-20250221T192005Z-001/ros2projet/ros2projet-20250217T194437Z-001/ros2projet) by extensions ['python_setup_py']
[0.346s] Level 1:colcon.colcon_core.package_identification:_identify(ros2projet-20250221T192005Z-001/ros2projet/ros2projet-20250217T194437Z-001/ros2projet) by extension 'python_setup_py'
[0.346s] Level 1:colcon.colcon_core.package_identification:_identify(ros2projet-20250221T192005Z-001/ros2projet/ros2projet-20250217T194437Z-001/ros2projet/__pycache__) by extensions ['ignore', 'ignore_ament_install']
[0.346s] Level 1:colcon.colcon_core.package_identification:_identify(ros2projet-20250221T192005Z-001/ros2projet/ros2projet-20250217T194437Z-001/ros2projet/__pycache__) by extension 'ignore'
[0.346s] Level 1:colcon.colcon_core.package_identification:_identify(ros2projet-20250221T192005Z-001/ros2projet/ros2projet-20250217T194437Z-001/ros2projet/__pycache__) by extension 'ignore_ament_install'
[0.346s] Level 1:colcon.colcon_core.package_identification:_identify(ros2projet-20250221T192005Z-001/ros2projet/ros2projet-20250217T194437Z-001/ros2projet/__pycache__) by extensions ['colcon_pkg']
[0.346s] Level 1:colcon.colcon_core.package_identification:_identify(ros2projet-20250221T192005Z-001/ros2projet/ros2projet-20250217T194437Z-001/ros2projet/__pycache__) by extension 'colcon_pkg'
[0.346s] Level 1:colcon.colcon_core.package_identification:_identify(ros2projet-20250221T192005Z-001/ros2projet/ros2projet-20250217T194437Z-001/ros2projet/__pycache__) by extensions ['colcon_meta']
[0.346s] Level 1:colcon.colcon_core.package_identification:_identify(ros2projet-20250221T192005Z-001/ros2projet/ros2projet-20250217T194437Z-001/ros2projet/__pycache__) by extension 'colcon_meta'
[0.346s] Level 1:colcon.colcon_core.package_identification:_identify(ros2projet-20250221T192005Z-001/ros2projet/ros2projet-20250217T194437Z-001/ros2projet/__pycache__) by extensions ['ros']
[0.346s] Level 1:colcon.colcon_core.package_identification:_identify(ros2projet-20250221T192005Z-001/ros2projet/ros2projet-20250217T194437Z-001/ros2projet/__pycache__) by extension 'ros'
[0.347s] Level 1:colcon.colcon_core.package_identification:_identify(ros2projet-20250221T192005Z-001/ros2projet/ros2projet-20250217T194437Z-001/ros2projet/__pycache__) by extensions ['cmake', 'python']
[0.347s] Level 1:colcon.colcon_core.package_identification:_identify(ros2projet-20250221T192005Z-001/ros2projet/ros2projet-20250217T194437Z-001/ros2projet/__pycache__) by extension 'cmake'
[0.347s] Level 1:colcon.colcon_core.package_identification:_identify(ros2projet-20250221T192005Z-001/ros2projet/ros2projet-20250217T194437Z-001/ros2projet/__pycache__) by extension 'python'
[0.347s] Level 1:colcon.colcon_core.package_identification:_identify(ros2projet-20250221T192005Z-001/ros2projet/ros2projet-20250217T194437Z-001/ros2projet/__pycache__) by extensions ['python_setup_py']
[0.347s] Level 1:colcon.colcon_core.package_identification:_identify(ros2projet-20250221T192005Z-001/ros2projet/ros2projet-20250217T194437Z-001/ros2projet/__pycache__) by extension 'python_setup_py'
[0.347s] Level 1:colcon.colcon_core.package_identification:_identify(ros2projet-20250221T192005Z-001/ros2projet/ros2projet-20250217T194437Z-001/ros2projet/ros2projet-20250217T130334Z-001) by extensions ['ignore', 'ignore_ament_install']
[0.347s] Level 1:colcon.colcon_core.package_identification:_identify(ros2projet-20250221T192005Z-001/ros2projet/ros2projet-20250217T194437Z-001/ros2projet/ros2projet-20250217T130334Z-001) by extension 'ignore'
[0.347s] Level 1:colcon.colcon_core.package_identification:_identify(ros2projet-20250221T192005Z-001/ros2projet/ros2projet-20250217T194437Z-001/ros2projet/ros2projet-20250217T130334Z-001) by extension 'ignore_ament_install'
[0.347s] Level 1:colcon.colcon_core.package_identification:_identify(ros2projet-20250221T192005Z-001/ros2projet/ros2projet-20250217T194437Z-001/ros2projet/ros2projet-20250217T130334Z-001) by extensions ['colcon_pkg']
[0.347s] Level 1:colcon.colcon_core.package_identification:_identify(ros2projet-20250221T192005Z-001/ros2projet/ros2projet-20250217T194437Z-001/ros2projet/ros2projet-20250217T130334Z-001) by extension 'colcon_pkg'
[0.347s] Level 1:colcon.colcon_core.package_identification:_identify(ros2projet-20250221T192005Z-001/ros2projet/ros2projet-20250217T194437Z-001/ros2projet/ros2projet-20250217T130334Z-001) by extensions ['colcon_meta']
[0.347s] Level 1:colcon.colcon_core.package_identification:_identify(ros2projet-20250221T192005Z-001/ros2projet/ros2projet-20250217T194437Z-001/ros2projet/ros2projet-20250217T130334Z-001) by extension 'colcon_meta'
[0.347s] Level 1:colcon.colcon_core.package_identification:_identify(ros2projet-20250221T192005Z-001/ros2projet/ros2projet-20250217T194437Z-001/ros2projet/ros2projet-20250217T130334Z-001) by extensions ['ros']
[0.347s] Level 1:colcon.colcon_core.package_identification:_identify(ros2projet-20250221T192005Z-001/ros2projet/ros2projet-20250217T194437Z-001/ros2projet/ros2projet-20250217T130334Z-001) by extension 'ros'
[0.347s] Level 1:colcon.colcon_core.package_identification:_identify(ros2projet-20250221T192005Z-001/ros2projet/ros2projet-20250217T194437Z-001/ros2projet/ros2projet-20250217T130334Z-001) by extensions ['cmake', 'python']
[0.347s] Level 1:colcon.colcon_core.package_identification:_identify(ros2projet-20250221T192005Z-001/ros2projet/ros2projet-20250217T194437Z-001/ros2projet/ros2projet-20250217T130334Z-001) by extension 'cmake'
[0.347s] Level 1:colcon.colcon_core.package_identification:_identify(ros2projet-20250221T192005Z-001/ros2projet/ros2projet-20250217T194437Z-001/ros2projet/ros2projet-20250217T130334Z-001) by extension 'python'
[0.347s] Level 1:colcon.colcon_core.package_identification:_identify(ros2projet-20250221T192005Z-001/ros2projet/ros2projet-20250217T194437Z-001/ros2projet/ros2projet-20250217T130334Z-001) by extensions ['python_setup_py']
[0.347s] Level 1:colcon.colcon_core.package_identification:_identify(ros2projet-20250221T192005Z-001/ros2projet/ros2projet-20250217T194437Z-001/ros2projet/ros2projet-20250217T130334Z-001) by extension 'python_setup_py'
[0.348s] Level 1:colcon.colcon_core.package_identification:_identify(ros2projet-20250221T192005Z-001/ros2projet/ros2projet-20250217T194437Z-001/ros2projet/ros2projet-20250217T130334Z-001/ros2projet) by extensions ['ignore', 'ignore_ament_install']
[0.348s] Level 1:colcon.colcon_core.package_identification:_identify(ros2projet-20250221T192005Z-001/ros2projet/ros2projet-20250217T194437Z-001/ros2projet/ros2projet-20250217T130334Z-001/ros2projet) by extension 'ignore'
[0.348s] Level 1:colcon.colcon_core.package_identification:_identify(ros2projet-20250221T192005Z-001/ros2projet/ros2projet-20250217T194437Z-001/ros2projet/ros2projet-20250217T130334Z-001/ros2projet) by extension 'ignore_ament_install'
[0.348s] Level 1:colcon.colcon_core.package_identification:_identify(ros2projet-20250221T192005Z-001/ros2projet/ros2projet-20250217T194437Z-001/ros2projet/ros2projet-20250217T130334Z-001/ros2projet) by extensions ['colcon_pkg']
[0.348s] Level 1:colcon.colcon_core.package_identification:_identify(ros2projet-20250221T192005Z-001/ros2projet/ros2projet-20250217T194437Z-001/ros2projet/ros2projet-20250217T130334Z-001/ros2projet) by extension 'colcon_pkg'
[0.348s] Level 1:colcon.colcon_core.package_identification:_identify(ros2projet-20250221T192005Z-001/ros2projet/ros2projet-20250217T194437Z-001/ros2projet/ros2projet-20250217T130334Z-001/ros2projet) by extensions ['colcon_meta']
[0.348s] Level 1:colcon.colcon_core.package_identification:_identify(ros2projet-20250221T192005Z-001/ros2projet/ros2projet-20250217T194437Z-001/ros2projet/ros2projet-20250217T130334Z-001/ros2projet) by extension 'colcon_meta'
[0.348s] Level 1:colcon.colcon_core.package_identification:_identify(ros2projet-20250221T192005Z-001/ros2projet/ros2projet-20250217T194437Z-001/ros2projet/ros2projet-20250217T130334Z-001/ros2projet) by extensions ['ros']
[0.348s] Level 1:colcon.colcon_core.package_identification:_identify(ros2projet-20250221T192005Z-001/ros2projet/ros2projet-20250217T194437Z-001/ros2projet/ros2projet-20250217T130334Z-001/ros2projet) by extension 'ros'
[0.348s] Level 1:colcon.colcon_core.package_identification:_identify(ros2projet-20250221T192005Z-001/ros2projet/ros2projet-20250217T194437Z-001/ros2projet/ros2projet-20250217T130334Z-001/ros2projet) by extensions ['cmake', 'python']
[0.348s] Level 1:colcon.colcon_core.package_identification:_identify(ros2projet-20250221T192005Z-001/ros2projet/ros2projet-20250217T194437Z-001/ros2projet/ros2projet-20250217T130334Z-001/ros2projet) by extension 'cmake'
[0.348s] Level 1:colcon.colcon_core.package_identification:_identify(ros2projet-20250221T192005Z-001/ros2projet/ros2projet-20250217T194437Z-001/ros2projet/ros2projet-20250217T130334Z-001/ros2projet) by extension 'python'
[0.348s] Level 1:colcon.colcon_core.package_identification:_identify(ros2projet-20250221T192005Z-001/ros2projet/ros2projet-20250217T194437Z-001/ros2projet/ros2projet-20250217T130334Z-001/ros2projet) by extensions ['python_setup_py']
[0.348s] Level 1:colcon.colcon_core.package_identification:_identify(ros2projet-20250221T192005Z-001/ros2projet/ros2projet-20250217T194437Z-001/ros2projet/ros2projet-20250217T130334Z-001/ros2projet) by extension 'python_setup_py'
[0.348s] Level 1:colcon.colcon_core.package_identification:_identify(ros2projet-20250221T192005Z-001/ros2projet/ros2projet-20250217T194437Z-001/ros2projet/ros2projet-20250217T130334Z-001/ros2projet/__pycache__) by extensions ['ignore', 'ignore_ament_install']
[0.348s] Level 1:colcon.colcon_core.package_identification:_identify(ros2projet-20250221T192005Z-001/ros2projet/ros2projet-20250217T194437Z-001/ros2projet/ros2projet-20250217T130334Z-001/ros2projet/__pycache__) by extension 'ignore'
[0.348s] Level 1:colcon.colcon_core.package_identification:_identify(ros2projet-20250221T192005Z-001/ros2projet/ros2projet-20250217T194437Z-001/ros2projet/ros2projet-20250217T130334Z-001/ros2projet/__pycache__) by extension 'ignore_ament_install'
[0.349s] Level 1:colcon.colcon_core.package_identification:_identify(ros2projet-20250221T192005Z-001/ros2projet/ros2projet-20250217T194437Z-001/ros2projet/ros2projet-20250217T130334Z-001/ros2projet/__pycache__) by extensions ['colcon_pkg']
[0.349s] Level 1:colcon.colcon_core.package_identification:_identify(ros2projet-20250221T192005Z-001/ros2projet/ros2projet-20250217T194437Z-001/ros2projet/ros2projet-20250217T130334Z-001/ros2projet/__pycache__) by extension 'colcon_pkg'
[0.349s] Level 1:colcon.colcon_core.package_identification:_identify(ros2projet-20250221T192005Z-001/ros2projet/ros2projet-20250217T194437Z-001/ros2projet/ros2projet-20250217T130334Z-001/ros2projet/__pycache__) by extensions ['colcon_meta']
[0.349s] Level 1:colcon.colcon_core.package_identification:_identify(ros2projet-20250221T192005Z-001/ros2projet/ros2projet-20250217T194437Z-001/ros2projet/ros2projet-20250217T130334Z-001/ros2projet/__pycache__) by extension 'colcon_meta'
[0.349s] Level 1:colcon.colcon_core.package_identification:_identify(ros2projet-20250221T192005Z-001/ros2projet/ros2projet-20250217T194437Z-001/ros2projet/ros2projet-20250217T130334Z-001/ros2projet/__pycache__) by extensions ['ros']
[0.349s] Level 1:colcon.colcon_core.package_identification:_identify(ros2projet-20250221T192005Z-001/ros2projet/ros2projet-20250217T194437Z-001/ros2projet/ros2projet-20250217T130334Z-001/ros2projet/__pycache__) by extension 'ros'
[0.349s] Level 1:colcon.colcon_core.package_identification:_identify(ros2projet-20250221T192005Z-001/ros2projet/ros2projet-20250217T194437Z-001/ros2projet/ros2projet-20250217T130334Z-001/ros2projet/__pycache__) by extensions ['cmake', 'python']
[0.349s] Level 1:colcon.colcon_core.package_identification:_identify(ros2projet-20250221T192005Z-001/ros2projet/ros2projet-20250217T194437Z-001/ros2projet/ros2projet-20250217T130334Z-001/ros2projet/__pycache__) by extension 'cmake'
[0.349s] Level 1:colcon.colcon_core.package_identification:_identify(ros2projet-20250221T192005Z-001/ros2projet/ros2projet-20250217T194437Z-001/ros2projet/ros2projet-20250217T130334Z-001/ros2projet/__pycache__) by extension 'python'
[0.349s] Level 1:colcon.colcon_core.package_identification:_identify(ros2projet-20250221T192005Z-001/ros2projet/ros2projet-20250217T194437Z-001/ros2projet/ros2projet-20250217T130334Z-001/ros2projet/__pycache__) by extensions ['python_setup_py']
[0.349s] Level 1:colcon.colcon_core.package_identification:_identify(ros2projet-20250221T192005Z-001/ros2projet/ros2projet-20250217T194437Z-001/ros2projet/ros2projet-20250217T130334Z-001/ros2projet/__pycache__) by extension 'python_setup_py'
[0.349s] Level 1:colcon.colcon_core.package_identification:_identify(ros2projet-20250221T192005Z-001/ros2projet/ros2projet-20250217T194437Z-001/ros2projet/templates) by extensions ['ignore', 'ignore_ament_install']
[0.349s] Level 1:colcon.colcon_core.package_identification:_identify(ros2projet-20250221T192005Z-001/ros2projet/ros2projet-20250217T194437Z-001/ros2projet/templates) by extension 'ignore'
[0.349s] Level 1:colcon.colcon_core.package_identification:_identify(ros2projet-20250221T192005Z-001/ros2projet/ros2projet-20250217T194437Z-001/ros2projet/templates) by extension 'ignore_ament_install'
[0.349s] Level 1:colcon.colcon_core.package_identification:_identify(ros2projet-20250221T192005Z-001/ros2projet/ros2projet-20250217T194437Z-001/ros2projet/templates) by extensions ['colcon_pkg']
[0.349s] Level 1:colcon.colcon_core.package_identification:_identify(ros2projet-20250221T192005Z-001/ros2projet/ros2projet-20250217T194437Z-001/ros2projet/templates) by extension 'colcon_pkg'
[0.349s] Level 1:colcon.colcon_core.package_identification:_identify(ros2projet-20250221T192005Z-001/ros2projet/ros2projet-20250217T194437Z-001/ros2projet/templates) by extensions ['colcon_meta']
[0.349s] Level 1:colcon.colcon_core.package_identification:_identify(ros2projet-20250221T192005Z-001/ros2projet/ros2projet-20250217T194437Z-001/ros2projet/templates) by extension 'colcon_meta'
[0.349s] Level 1:colcon.colcon_core.package_identification:_identify(ros2projet-20250221T192005Z-001/ros2projet/ros2projet-20250217T194437Z-001/ros2projet/templates) by extensions ['ros']
[0.350s] Level 1:colcon.colcon_core.package_identification:_identify(ros2projet-20250221T192005Z-001/ros2projet/ros2projet-20250217T194437Z-001/ros2projet/templates) by extension 'ros'
[0.350s] Level 1:colcon.colcon_core.package_identification:_identify(ros2projet-20250221T192005Z-001/ros2projet/ros2projet-20250217T194437Z-001/ros2projet/templates) by extensions ['cmake', 'python']
[0.350s] Level 1:colcon.colcon_core.package_identification:_identify(ros2projet-20250221T192005Z-001/ros2projet/ros2projet-20250217T194437Z-001/ros2projet/templates) by extension 'cmake'
[0.350s] Level 1:colcon.colcon_core.package_identification:_identify(ros2projet-20250221T192005Z-001/ros2projet/ros2projet-20250217T194437Z-001/ros2projet/templates) by extension 'python'
[0.350s] Level 1:colcon.colcon_core.package_identification:_identify(ros2projet-20250221T192005Z-001/ros2projet/ros2projet-20250217T194437Z-001/ros2projet/templates) by extensions ['python_setup_py']
[0.350s] Level 1:colcon.colcon_core.package_identification:_identify(ros2projet-20250221T192005Z-001/ros2projet/ros2projet-20250217T194437Z-001/ros2projet/templates) by extension 'python_setup_py'
[0.350s] Level 1:colcon.colcon_core.package_identification:_identify(ros2projet-20250221T192005Z-001/ros2projet/templates) by extensions ['ignore', 'ignore_ament_install']
[0.350s] Level 1:colcon.colcon_core.package_identification:_identify(ros2projet-20250221T192005Z-001/ros2projet/templates) by extension 'ignore'
[0.350s] Level 1:colcon.colcon_core.package_identification:_identify(ros2projet-20250221T192005Z-001/ros2projet/templates) by extension 'ignore_ament_install'
[0.350s] Level 1:colcon.colcon_core.package_identification:_identify(ros2projet-20250221T192005Z-001/ros2projet/templates) by extensions ['colcon_pkg']
[0.350s] Level 1:colcon.colcon_core.package_identification:_identify(ros2projet-20250221T192005Z-001/ros2projet/templates) by extension 'colcon_pkg'
[0.350s] Level 1:colcon.colcon_core.package_identification:_identify(ros2projet-20250221T192005Z-001/ros2projet/templates) by extensions ['colcon_meta']
[0.350s] Level 1:colcon.colcon_core.package_identification:_identify(ros2projet-20250221T192005Z-001/ros2projet/templates) by extension 'colcon_meta'
[0.350s] Level 1:colcon.colcon_core.package_identification:_identify(ros2projet-20250221T192005Z-001/ros2projet/templates) by extensions ['ros']
[0.350s] Level 1:colcon.colcon_core.package_identification:_identify(ros2projet-20250221T192005Z-001/ros2projet/templates) by extension 'ros'
[0.350s] Level 1:colcon.colcon_core.package_identification:_identify(ros2projet-20250221T192005Z-001/ros2projet/templates) by extensions ['cmake', 'python']
[0.350s] Level 1:colcon.colcon_core.package_identification:_identify(ros2projet-20250221T192005Z-001/ros2projet/templates) by extension 'cmake'
[0.350s] Level 1:colcon.colcon_core.package_identification:_identify(ros2projet-20250221T192005Z-001/ros2projet/templates) by extension 'python'
[0.350s] Level 1:colcon.colcon_core.package_identification:_identify(ros2projet-20250221T192005Z-001/ros2projet/templates) by extensions ['python_setup_py']
[0.350s] Level 1:colcon.colcon_core.package_identification:_identify(ros2projet-20250221T192005Z-001/ros2projet/templates) by extension 'python_setup_py'
[0.351s] Level 1:colcon.colcon_core.package_identification:_identify(templates) by extensions ['ignore', 'ignore_ament_install']
[0.351s] Level 1:colcon.colcon_core.package_identification:_identify(templates) by extension 'ignore'
[0.351s] Level 1:colcon.colcon_core.package_identification:_identify(templates) by extension 'ignore_ament_install'
[0.351s] Level 1:colcon.colcon_core.package_identification:_identify(templates) by extensions ['colcon_pkg']
[0.351s] Level 1:colcon.colcon_core.package_identification:_identify(templates) by extension 'colcon_pkg'
[0.351s] Level 1:colcon.colcon_core.package_identification:_identify(templates) by extensions ['colcon_meta']
[0.351s] Level 1:colcon.colcon_core.package_identification:_identify(templates) by extension 'colcon_meta'
[0.351s] Level 1:colcon.colcon_core.package_identification:_identify(templates) by extensions ['ros']
[0.351s] Level 1:colcon.colcon_core.package_identification:_identify(templates) by extension 'ros'
[0.351s] Level 1:colcon.colcon_core.package_identification:_identify(templates) by extensions ['cmake', 'python']
[0.351s] Level 1:colcon.colcon_core.package_identification:_identify(templates) by extension 'cmake'
[0.351s] Level 1:colcon.colcon_core.package_identification:_identify(templates) by extension 'python'
[0.351s] Level 1:colcon.colcon_core.package_identification:_identify(templates) by extensions ['python_setup_py']
[0.351s] Level 1:colcon.colcon_core.package_identification:_identify(templates) by extension 'python_setup_py'
[0.351s] Level 1:colcon.colcon_core.package_discovery:discover_packages(recursive) using defaults
[0.351s] Level 1:colcon.colcon_core.package_discovery:discover_packages(ignore) discover
[0.351s] Level 1:colcon.colcon_core.package_discovery:discover_packages(ignore) using defaults
[0.351s] Level 1:colcon.colcon_core.package_discovery:discover_packages(path) discover
[0.351s] Level 1:colcon.colcon_core.package_discovery:discover_packages(path) using defaults
[0.387s] Level 1:colcon.colcon_core.package_discovery:discover_packages(prefix_path) check parameters
[0.387s] Level 1:colcon.colcon_core.package_discovery:discover_packages(prefix_path) discover
[0.390s] DEBUG:colcon.colcon_installed_package_information.package_discovery:Found 271 installed packages in /opt/ros/humble
[0.392s] Level 1:colcon.colcon_core.package_discovery:discover_packages(prefix_path) using defaults
[0.437s] INFO:colcon.colcon_core.executor:Executing jobs using 'parallel' executor
[0.439s] DEBUG:colcon.colcon_parallel_executor.executor.parallel:run_until_complete
[0.439s] DEBUG:colcon.colcon_parallel_executor.executor.parallel:closing loop
[0.439s] DEBUG:colcon.colcon_parallel_executor.executor.parallel:loop closed
[0.439s] DEBUG:colcon.colcon_parallel_executor.executor.parallel:run_until_complete finished with '0'
[0.439s] DEBUG:colcon.colcon_core.event_reactor:joining thread
[0.444s] INFO:colcon.colcon_core.plugin_system:Skipping extension 'colcon_notification.desktop_notification.terminal_notifier': Not used on non-Darwin systems
[0.444s] INFO:colcon.colcon_core.plugin_system:Skipping extension 'colcon_notification.desktop_notification.win32': Not used on non-Windows systems
[0.444s] INFO:colcon.colcon_notification.desktop_notification:Sending desktop notification using 'notify2'
[0.456s] DEBUG:colcon.colcon_core.event_reactor:joined thread
[0.458s] INFO:colcon.colcon_core.plugin_system:Skipping extension 'colcon_core.shell.bat': Not used on non-Windows systems
[0.459s] INFO:colcon.colcon_core.shell:Creating prefix script '/home/alan/ros2_ws/src/package_projet/package_projet/install/local_setup.ps1'
[0.460s] INFO:colcon.colcon_core.shell:Creating prefix util module '/home/alan/ros2_ws/src/package_projet/package_projet/install/_local_setup_util_ps1.py'
[0.462s] INFO:colcon.colcon_core.shell:Creating prefix chain script '/home/alan/ros2_ws/src/package_projet/package_projet/install/setup.ps1'
[0.463s] INFO:colcon.colcon_core.shell:Creating prefix script '/home/alan/ros2_ws/src/package_projet/package_projet/install/local_setup.sh'
[0.463s] INFO:colcon.colcon_core.shell:Creating prefix util module '/home/alan/ros2_ws/src/package_projet/package_projet/install/_local_setup_util_sh.py'
[0.464s] INFO:colcon.colcon_core.shell:Creating prefix chain script '/home/alan/ros2_ws/src/package_projet/package_projet/install/setup.sh'
[0.465s] INFO:colcon.colcon_core.shell:Creating prefix script '/home/alan/ros2_ws/src/package_projet/package_projet/install/local_setup.bash'
[0.466s] INFO:colcon.colcon_core.shell:Creating prefix chain script '/home/alan/ros2_ws/src/package_projet/package_projet/install/setup.bash'
[0.467s] INFO:colcon.colcon_core.shell:Creating prefix script '/home/alan/ros2_ws/src/package_projet/package_projet/install/local_setup.zsh'
[0.467s] INFO:colcon.colcon_core.shell:Creating prefix chain script '/home/alan/ros2_ws/src/package_projet/package_projet/install/setup.zsh'
