[0.685s] Invoking command in '/home/alan/ros2_ws/src/package_projet': PYTHONPATH=/home/alan/ros2_ws/build/package_projet/prefix_override:/usr/lib/python3/dist-packages/colcon_core/task/python/colcon_distutils_commands:/home/alan/ros2_ws/install/package_projet/lib/python3.10/site-packages:${PYTHONPATH} /usr/bin/python3 -W ignore:setup.py install is deprecated -W ignore:easy_install command is deprecated setup.py egg_info --egg-base ../../build/package_projet build --build-base /home/alan/ros2_ws/build/package_projet/build install --record /home/alan/ros2_ws/build/package_projet/install.log --single-version-externally-managed install_data
[0.967s] running egg_info
[0.967s] writing ../../build/package_projet/package_projet.egg-info/PKG-INFO
[0.967s] writing dependency_links to ../../build/package_projet/package_projet.egg-info/dependency_links.txt
[0.968s] writing entry points to ../../build/package_projet/package_projet.egg-info/entry_points.txt
[0.968s] writing requirements to ../../build/package_projet/package_projet.egg-info/requires.txt
[0.968s] writing top-level names to ../../build/package_projet/package_projet.egg-info/top_level.txt
[0.970s] reading manifest file '../../build/package_projet/package_projet.egg-info/SOURCES.txt'
[0.971s] writing manifest file '../../build/package_projet/package_projet.egg-info/SOURCES.txt'
[0.971s] running build
[0.972s] running build_py
[0.972s] running install
[0.973s] running install_lib
[0.974s] running install_data
[0.975s] running install_egg_info
[0.976s] removing '/home/alan/ros2_ws/install/package_projet/lib/python3.10/site-packages/package_projet-0.0.0-py3.10.egg-info' (and everything under it)
[0.977s] Copying ../../build/package_projet/package_projet.egg-info to /home/alan/ros2_ws/install/package_projet/lib/python3.10/site-packages/package_projet-0.0.0-py3.10.egg-info
[0.978s] running install_scripts
[1.000s] Installing capteur_presence script to /home/alan/ros2_ws/install/package_projet/lib/package_projet
[1.000s] Installing client script to /home/alan/ros2_ws/install/package_projet/lib/package_projet
[1.000s] Installing my_node script to /home/alan/ros2_ws/install/package_projet/lib/package_projet
[1.001s] Installing porte script to /home/alan/ros2_ws/install/package_projet/lib/package_projet
[1.001s] Installing publisher_i2c_rand script to /home/alan/ros2_ws/install/package_projet/lib/package_projet
[1.001s] Installing serveur script to /home/alan/ros2_ws/install/package_projet/lib/package_projet
[1.001s] Installing site script to /home/alan/ros2_ws/install/package_projet/lib/package_projet
[1.001s] Installing suscriber_basededonne script to /home/alan/ros2_ws/install/package_projet/lib/package_projet
[1.001s] Installing suscriber_i2c script to /home/alan/ros2_ws/install/package_projet/lib/package_projet
[1.002s] writing list of installed files to '/home/alan/ros2_ws/build/package_projet/install.log'
[1.038s] Invoked command in '/home/alan/ros2_ws/src/package_projet' returned '0': PYTHONPATH=/home/alan/ros2_ws/build/package_projet/prefix_override:/usr/lib/python3/dist-packages/colcon_core/task/python/colcon_distutils_commands:/home/alan/ros2_ws/install/package_projet/lib/python3.10/site-packages:${PYTHONPATH} /usr/bin/python3 -W ignore:setup.py install is deprecated -W ignore:easy_install command is deprecated setup.py egg_info --egg-base ../../build/package_projet build --build-base /home/alan/ros2_ws/build/package_projet/build install --record /home/alan/ros2_ws/build/package_projet/install.log --single-version-externally-managed install_data
