/home/alan/ros2_ws/src/package_projet/install/package_projet/lib/python3.10/site-packages/package_projet/porte.py
/home/alan/ros2_ws/src/package_projet/install/package_projet/lib/python3.10/site-packages/package_projet/capteur_presence.py
/home/alan/ros2_ws/src/package_projet/install/package_projet/lib/python3.10/site-packages/package_projet/suscriber.py
/home/alan/ros2_ws/src/package_projet/install/package_projet/lib/python3.10/site-packages/package_projet/__init__.py
/home/alan/ros2_ws/src/package_projet/install/package_projet/lib/python3.10/site-packages/package_projet/client.py
/home/alan/ros2_ws/src/package_projet/install/package_projet/lib/python3.10/site-packages/package_projet/suscriber_i2c.py
/home/alan/ros2_ws/src/package_projet/install/package_projet/lib/python3.10/site-packages/package_projet/serveur.py
/home/alan/ros2_ws/src/package_projet/install/package_projet/lib/python3.10/site-packages/package_projet/publisher.py
/home/alan/ros2_ws/src/package_projet/install/package_projet/lib/python3.10/site-packages/package_projet/publisher_i2c_rand.py
/home/alan/ros2_ws/src/package_projet/install/package_projet/lib/python3.10/site-packages/package_projet/my_node.py
/home/alan/ros2_ws/src/package_projet/install/package_projet/lib/python3.10/site-packages/package_projet/site.py
/home/alan/ros2_ws/src/package_projet/install/package_projet/lib/python3.10/site-packages/package_projet/suscriber_basededonne.py
/home/alan/ros2_ws/src/package_projet/install/package_projet/lib/python3.10/site-packages/package_projet/install/site4.py
/home/alan/ros2_ws/src/package_projet/install/package_projet/lib/python3.10/site-packages/package_projet/install/siteoui2.py
/home/alan/ros2_ws/src/package_projet/install/package_projet/lib/python3.10/site-packages/package_projet/install/sescriber_i2c.py
/home/alan/ros2_ws/src/package_projet/install/package_projet/lib/python3.10/site-packages/package_projet/install/capteur_presence.py
/home/alan/ros2_ws/src/package_projet/install/package_projet/lib/python3.10/site-packages/package_projet/install/_local_setup_util_sh.py
/home/alan/ros2_ws/src/package_projet/install/package_projet/lib/python3.10/site-packages/package_projet/install/suscriber.py
/home/alan/ros2_ws/src/package_projet/install/package_projet/lib/python3.10/site-packages/package_projet/install/__init__.py
/home/alan/ros2_ws/src/package_projet/install/package_projet/lib/python3.10/site-packages/package_projet/install/client.py
/home/alan/ros2_ws/src/package_projet/install/package_projet/lib/python3.10/site-packages/package_projet/install/testeur_recu.py
/home/alan/ros2_ws/src/package_projet/install/package_projet/lib/python3.10/site-packages/package_projet/install/serveur.py
/home/alan/ros2_ws/src/package_projet/install/package_projet/lib/python3.10/site-packages/package_projet/install/publisher.py
/home/alan/ros2_ws/src/package_projet/install/package_projet/lib/python3.10/site-packages/package_projet/install/siteoui.py
/home/alan/ros2_ws/src/package_projet/install/package_projet/lib/python3.10/site-packages/package_projet/install/publisher_i2c_rand.py
/home/alan/ros2_ws/src/package_projet/install/package_projet/lib/python3.10/site-packages/package_projet/install/site2.py
/home/alan/ros2_ws/src/package_projet/install/package_projet/lib/python3.10/site-packages/package_projet/install/my_node.py
/home/alan/ros2_ws/src/package_projet/install/package_projet/lib/python3.10/site-packages/package_projet/install/publisher_i2c.py
/home/alan/ros2_ws/src/package_projet/install/package_projet/lib/python3.10/site-packages/package_projet/install/site3 (copy).py
/home/alan/ros2_ws/src/package_projet/install/package_projet/lib/python3.10/site-packages/package_projet/install/site.py
/home/alan/ros2_ws/src/package_projet/install/package_projet/lib/python3.10/site-packages/package_projet/install/site3.py
/home/alan/ros2_ws/src/package_projet/install/package_projet/lib/python3.10/site-packages/package_projet/install/suscriber_bdd.py
/home/alan/ros2_ws/src/package_projet/install/package_projet/lib/python3.10/site-packages/package_projet/install/suscriber_basededonne.py
/home/alan/ros2_ws/src/package_projet/install/package_projet/lib/python3.10/site-packages/package_projet/install/site5.py
/home/alan/ros2_ws/src/package_projet/install/package_projet/lib/python3.10/site-packages/package_projet/install/_local_setup_util_ps1.py
/home/alan/ros2_ws/src/package_projet/install/package_projet/lib/python3.10/site-packages/package_projet/__pycache__/porte.cpython-310.pyc
/home/alan/ros2_ws/src/package_projet/install/package_projet/lib/python3.10/site-packages/package_projet/__pycache__/capteur_presence.cpython-310.pyc
/home/alan/ros2_ws/src/package_projet/install/package_projet/lib/python3.10/site-packages/package_projet/__pycache__/suscriber.cpython-310.pyc
/home/alan/ros2_ws/src/package_projet/install/package_projet/lib/python3.10/site-packages/package_projet/__pycache__/__init__.cpython-310.pyc
/home/alan/ros2_ws/src/package_projet/install/package_projet/lib/python3.10/site-packages/package_projet/__pycache__/client.cpython-310.pyc
/home/alan/ros2_ws/src/package_projet/install/package_projet/lib/python3.10/site-packages/package_projet/__pycache__/suscriber_i2c.cpython-310.pyc
/home/alan/ros2_ws/src/package_projet/install/package_projet/lib/python3.10/site-packages/package_projet/__pycache__/serveur.cpython-310.pyc
/home/alan/ros2_ws/src/package_projet/install/package_projet/lib/python3.10/site-packages/package_projet/__pycache__/publisher.cpython-310.pyc
/home/alan/ros2_ws/src/package_projet/install/package_projet/lib/python3.10/site-packages/package_projet/__pycache__/publisher_i2c_rand.cpython-310.pyc
/home/alan/ros2_ws/src/package_projet/install/package_projet/lib/python3.10/site-packages/package_projet/__pycache__/my_node.cpython-310.pyc
/home/alan/ros2_ws/src/package_projet/install/package_projet/lib/python3.10/site-packages/package_projet/__pycache__/site.cpython-310.pyc
/home/alan/ros2_ws/src/package_projet/install/package_projet/lib/python3.10/site-packages/package_projet/__pycache__/suscriber_basededonne.cpython-310.pyc
/home/alan/ros2_ws/src/package_projet/install/package_projet/lib/python3.10/site-packages/package_projet/install/__pycache__/site4.cpython-310.pyc
/home/alan/ros2_ws/src/package_projet/install/package_projet/lib/python3.10/site-packages/package_projet/install/__pycache__/siteoui2.cpython-310.pyc
/home/alan/ros2_ws/src/package_projet/install/package_projet/lib/python3.10/site-packages/package_projet/install/__pycache__/sescriber_i2c.cpython-310.pyc
/home/alan/ros2_ws/src/package_projet/install/package_projet/lib/python3.10/site-packages/package_projet/install/__pycache__/capteur_presence.cpython-310.pyc
/home/alan/ros2_ws/src/package_projet/install/package_projet/lib/python3.10/site-packages/package_projet/install/__pycache__/_local_setup_util_sh.cpython-310.pyc
/home/alan/ros2_ws/src/package_projet/install/package_projet/lib/python3.10/site-packages/package_projet/install/__pycache__/suscriber.cpython-310.pyc
/home/alan/ros2_ws/src/package_projet/install/package_projet/lib/python3.10/site-packages/package_projet/install/__pycache__/__init__.cpython-310.pyc
/home/alan/ros2_ws/src/package_projet/install/package_projet/lib/python3.10/site-packages/package_projet/install/__pycache__/client.cpython-310.pyc
/home/alan/ros2_ws/src/package_projet/install/package_projet/lib/python3.10/site-packages/package_projet/install/__pycache__/testeur_recu.cpython-310.pyc
/home/alan/ros2_ws/src/package_projet/install/package_projet/lib/python3.10/site-packages/package_projet/install/__pycache__/serveur.cpython-310.pyc
/home/alan/ros2_ws/src/package_projet/install/package_projet/lib/python3.10/site-packages/package_projet/install/__pycache__/publisher.cpython-310.pyc
/home/alan/ros2_ws/src/package_projet/install/package_projet/lib/python3.10/site-packages/package_projet/install/__pycache__/siteoui.cpython-310.pyc
/home/alan/ros2_ws/src/package_projet/install/package_projet/lib/python3.10/site-packages/package_projet/install/__pycache__/publisher_i2c_rand.cpython-310.pyc
/home/alan/ros2_ws/src/package_projet/install/package_projet/lib/python3.10/site-packages/package_projet/install/__pycache__/site2.cpython-310.pyc
/home/alan/ros2_ws/src/package_projet/install/package_projet/lib/python3.10/site-packages/package_projet/install/__pycache__/my_node.cpython-310.pyc
/home/alan/ros2_ws/src/package_projet/install/package_projet/lib/python3.10/site-packages/package_projet/install/__pycache__/publisher_i2c.cpython-310.pyc
/home/alan/ros2_ws/src/package_projet/install/package_projet/lib/python3.10/site-packages/package_projet/install/__pycache__/site3 (copy).cpython-310.pyc
/home/alan/ros2_ws/src/package_projet/install/package_projet/lib/python3.10/site-packages/package_projet/install/__pycache__/site.cpython-310.pyc
/home/alan/ros2_ws/src/package_projet/install/package_projet/lib/python3.10/site-packages/package_projet/install/__pycache__/site3.cpython-310.pyc
/home/alan/ros2_ws/src/package_projet/install/package_projet/lib/python3.10/site-packages/package_projet/install/__pycache__/suscriber_bdd.cpython-310.pyc
/home/alan/ros2_ws/src/package_projet/install/package_projet/lib/python3.10/site-packages/package_projet/install/__pycache__/suscriber_basededonne.cpython-310.pyc
/home/alan/ros2_ws/src/package_projet/install/package_projet/lib/python3.10/site-packages/package_projet/install/__pycache__/site5.cpython-310.pyc
/home/alan/ros2_ws/src/package_projet/install/package_projet/lib/python3.10/site-packages/package_projet/install/__pycache__/_local_setup_util_ps1.cpython-310.pyc
/home/alan/ros2_ws/src/package_projet/install/package_projet/share/ament_index/resource_index/packages/package_projet
/home/alan/ros2_ws/src/package_projet/install/package_projet/share/package_projet/package.xml
/home/alan/ros2_ws/src/package_projet/install/package_projet/lib/python3.10/site-packages/package_projet-0.0.0-py3.10.egg-info/requires.txt
/home/alan/ros2_ws/src/package_projet/install/package_projet/lib/python3.10/site-packages/package_projet-0.0.0-py3.10.egg-info/dependency_links.txt
/home/alan/ros2_ws/src/package_projet/install/package_projet/lib/python3.10/site-packages/package_projet-0.0.0-py3.10.egg-info/PKG-INFO
/home/alan/ros2_ws/src/package_projet/install/package_projet/lib/python3.10/site-packages/package_projet-0.0.0-py3.10.egg-info/entry_points.txt
/home/alan/ros2_ws/src/package_projet/install/package_projet/lib/python3.10/site-packages/package_projet-0.0.0-py3.10.egg-info/SOURCES.txt
/home/alan/ros2_ws/src/package_projet/install/package_projet/lib/python3.10/site-packages/package_projet-0.0.0-py3.10.egg-info/zip-safe
/home/alan/ros2_ws/src/package_projet/install/package_projet/lib/python3.10/site-packages/package_projet-0.0.0-py3.10.egg-info/top_level.txt
/home/alan/ros2_ws/src/package_projet/install/package_projet/lib/package_projet/my_node
