running egg_info
writing build/package_projet/package_projet.egg-info/PKG-INFO
writing dependency_links to build/package_projet/package_projet.egg-info/dependency_links.txt
writing entry points to build/package_projet/package_projet.egg-info/entry_points.txt
writing requirements to build/package_projet/package_projet.egg-info/requires.txt
writing top-level names to build/package_projet/package_projet.egg-info/top_level.txt
reading manifest file 'build/package_projet/package_projet.egg-info/SOURCES.txt'
writing manifest file 'build/package_projet/package_projet.egg-info/SOURCES.txt'
running build
running build_py
copying package_projet/my_node.py -> /home/alan/ros2_ws/src/package_projet/build/package_projet/build/lib/package_projet
running install
running install_lib
copying /home/alan/ros2_ws/src/package_projet/build/package_projet/build/lib/package_projet/my_node.py -> /home/alan/ros2_ws/src/package_projet/install/package_projet/lib/python3.10/site-packages/package_projet
byte-compiling /home/alan/ros2_ws/src/package_projet/install/package_projet/lib/python3.10/site-packages/package_projet/my_node.py to my_node.cpython-310.pyc
running install_data
running install_egg_info
removing '/home/alan/ros2_ws/src/package_projet/install/package_projet/lib/python3.10/site-packages/package_projet-0.0.0-py3.10.egg-info' (and everything under it)
Copying build/package_projet/package_projet.egg-info to /home/alan/ros2_ws/src/package_projet/install/package_projet/lib/python3.10/site-packages/package_projet-0.0.0-py3.10.egg-info
running install_scripts
Installing my_node script to /home/alan/ros2_ws/src/package_projet/install/package_projet/lib/package_projet
writing list of installed files to '/home/alan/ros2_ws/src/package_projet/build/package_projet/install.log'
