python3: can't open file '/home/alan/ros2_ws/src/package_projet/publisher_i2c_rand.py': [Errno 2] No such file or directory
python3: can't open file '/home/alan/ros2_ws/src/package_projet/serveur.py': [Errno 2] No such file or directory
python3: can't open file '/home/alan/ros2_ws/src/package_projet/site.py': [Errno 2] No such file or directory
python3: can't open file '/home/alan/ros2_ws/src/package_projet/suscriber_basededonne.py': [Errno 2] No such file or directory
python3: can't open file '/home/alan/ros2_ws/src/package_projet/suscriber_i2c.py': [Errno 2] No such file or directory
python3: can't open file '/home/alan/ros2_ws/src/package_projet/capteur_presence.py': [Errno 2] No such file or directory
python3: can't open file '/home/alan/ros2_ws/src/package_projet/porte.py': [Errno 2] No such file or directory
python3: can't open file '/home/alan/ros2_ws/src/package_projet/client.py': [Errno 2] No such file or directory
python3: can't open file '/home/alan/ros2_ws/src/package_projet/client.py': [Errno 2] No such file or directory
python3: can't open file '/home/alan/ros2_ws/src/package_projet/site.py': [Errno 2] No such file or directory
python3: can't open file '/home/alan/ros2_ws/src/package_projet/publisher_i2c_rand.py': [Errno 2] No such file or directory
python3: can't open file '/home/alan/ros2_ws/src/package_projet/porte.py': [Errno 2] No such file or directory
python3: can't open file '/home/alan/ros2_ws/src/package_projet/suscriber_i2c.py': [Errno 2] No such file or directory
python3: can't open file '/home/alan/ros2_ws/src/package_projet/capteur_presence.py': [Errno 2] No such file or directory
python3: can't open file '/home/alan/ros2_ws/src/package_projet/serveur.py': [Errno 2] No such file or directory
python3: can't open file '/home/alan/ros2_ws/src/package_projet/suscriber_basededonne.py': [Errno 2] No such file or directory
python3: can't open file '/home/alan/ros2_ws/src/package_projet/client.py': [Errno 2] No such file or directory
python3: can't open file '/home/alan/ros2_ws/src/package_projet/capteur_presence.py': [Errno 2] No such file or directory
python3: can't open file '/home/alan/ros2_ws/src/package_projet/publisher_i2c_rand.py': [Errno 2] No such file or directory
python3: can't open file '/home/alan/ros2_ws/src/package_projet/suscriber_basededonne.py': [Errno 2] No such file or directory
python3: can't open file '/home/alan/ros2_ws/src/package_projet/serveur.py': [Errno 2] No such file or directory
python3: can't open file '/home/alan/ros2_ws/src/package_projet/site.py': [Errno 2] No such file or directory
python3: can't open file '/home/alan/ros2_ws/src/package_projet/porte.py': [Errno 2] No such file or directory
python3: can't open file '/home/alan/ros2_ws/src/package_projet/suscriber_i2c.py': [Errno 2] No such file or directory
python3: can't open file '/home/alan/ros2_ws/src/package_projet/serveur.py': [Errno 2] No such file or directory
python3: can't open file '/home/alan/ros2_ws/src/package_projet/publisher_i2c_rand.py': [Errno 2] No such file or directory
python3: can't open file '/home/alan/ros2_ws/src/package_projet/client.py': [Errno 2] No such file or directory
python3: can't open file '/home/alan/ros2_ws/src/package_projet/suscriber_basededonne.py': [Errno 2] No such file or directory
python3: can't open file '/home/alan/ros2_ws/src/package_projet/capteur_presence.py': [Errno 2] No such file or directory
python3: can't open file '/home/alan/ros2_ws/src/package_projet/site.py': [Errno 2] No such file or directory
python3: can't open file '/home/alan/ros2_ws/src/package_projet/porte.py': [Errno 2] No such file or directory
python3: can't open file '/home/alan/ros2_ws/src/package_projet/suscriber_i2c.py': [Errno 2] No such file or directory
python3: can't open file '/home/alan/ros2_ws/src/package_projet/publisher_i2c_rand.py': [Errno 2] No such file or directory
python3: can't open file '/home/alan/ros2_ws/src/package_projet/client.py': [Errno 2] No such file or directory
python3: can't open file '/home/alan/ros2_ws/src/package_projet/suscriber_basededonne.py': [Errno 2] No such file or directory
python3: can't open file '/home/alan/ros2_ws/src/package_projet/suscriber_i2c.py': [Errno 2] No such file or directory
python3: can't open file '/home/alan/ros2_ws/src/package_projet/porte.py': [Errno 2] No such file or directory
python3: can't open file '/home/alan/ros2_ws/src/package_projet/capteur_presence.py': [Errno 2] No such file or directory
python3: can't open file '/home/alan/ros2_ws/src/package_projet/serveur.py': [Errno 2] No such file or directory
python3: can't open file '/home/alan/ros2_ws/src/package_projet/site.py': [Errno 2] No such file or directory
python3: can't open file '/home/alan/ros2_ws/src/package_projet/suscriber_basededonne.py': [Errno 2] No such file or directory
python3: can't open file '/home/alan/ros2_ws/src/package_projet/site.py': [Errno 2] No such file or directory
python3: can't open file '/home/alan/ros2_ws/src/package_projet/serveur.py': [Errno 2] No such file or directory
python3: can't open file '/home/alan/ros2_ws/src/package_projet/porte.py': [Errno 2] No such file or directory
python3: can't open file '/home/alan/ros2_ws/src/package_projet/client.py': [Errno 2] No such file or directory
python3: can't open file '/home/alan/ros2_ws/src/package_projet/capteur_presence.py': [Errno 2] No such file or directory
python3: can't open file '/home/alan/ros2_ws/src/package_projet/publisher_i2c_rand.py': [Errno 2] No such file or directory
python3: can't open file '/home/alan/ros2_ws/src/package_projet/suscriber_i2c.py': [Errno 2] No such file or directory
python3: can't open file '/home/alan/ros2_ws/src/package_projet/serveur.py': [Errno 2] No such file or directory
python3: can't open file '/home/alan/ros2_ws/src/package_projet/capteur_presence.py': [Errno 2] No such file or directory
python3: can't open file '/home/alan/ros2_ws/src/package_projet/publisher_i2c_rand.py': [Errno 2] No such file or directory
python3: can't open file '/home/alan/ros2_ws/src/package_projet/site.py': [Errno 2] No such file or directory
python3: can't open file '/home/alan/ros2_ws/src/package_projet/client.py': [Errno 2] No such file or directory
python3: can't open file '/home/alan/ros2_ws/src/package_projet/suscriber_basededonne.py': [Errno 2] No such file or directory
python3: can't open file '/home/alan/ros2_ws/src/package_projet/suscriber_i2c.py': [Errno 2] No such file or directory
python3: can't open file '/home/alan/ros2_ws/src/package_projet/porte.py': [Errno 2] No such file or directory
python3: can't open file '/package_projet/serveur.py': [Errno 2] No such file or directory
python3: can't open file '/package_projet/capteur_presence.py': [Errno 2] No such file or directory
python3: can't open file '/package_projet/publisher_i2c_rand.py': [Errno 2] No such file or directory
python3: can't open file '/package_projet/site.py': [Errno 2] No such file or directory
python3: can't open file '/package_projet/client.py': [Errno 2] No such file or directory
python3: can't open file '/package_projet/suscriber_basededonne.py': [Errno 2] No such file or directory
python3: can't open file '/package_projet/suscriber_i2c.py': [Errno 2] No such file or directory
python3: can't open file '/package_projet/porte.py': [Errno 2] No such file or directory
[INFO] [1740175105.903055759] [lamp_service]: Service "allumer_lampe" prêt.
[INFO] [1740175200.299983887] [lamp_service]: Service "allumer_lampe" prêt.
 * Serving Flask app 'site'
 * Debug mode: on
WARNING: This is a development server. Do not use it in a production deployment. Use a production WSGI server instead.
 * Running on all addresses (0.0.0.0)
 * Running on http://127.0.0.1:5000
 * Running on http://10.0.2.15:5000
Press CTRL+C to quit
 * Restarting with stat
[INFO] [1740175200.546700719] [lamp_client]: Service trouvé, envoi des requêtes en boucle...
[INFO] [1740175200.547343666] [lamp_client]: Prochaine requête dans 5.36 secondes...
[INFO] [1740175200.547905319] [lamp_service]: État de la lampe : ON
 * Debugger is active!
 * Debugger PIN: 936-503-022
[INFO] [1740175201.306117195] [data_logger]: Température reçue: 28
[INFO] [1740175201.306273394] [publisher_i2c]: Publishing Temp: 28
[INFO] [1740175201.306564372] [subscriber_actioneur]: Température reçue: "28"
[INFO] [1740175201.306828546] [publisher_i2c]: Publishing Humid: 83
[INFO] [1740175201.307039656] [data_logger]: Humidité reçue: 83
[INFO] [1740175201.307087584] [subscriber_actioneur]: Publishing on "chauffage": "Chauffage OFF"
[INFO] [1740175201.307301003] [publisher_i2c]: Publishing Qualite: 35
[INFO] [1740175201.307680339] [data_logger]: Stockage en mémoire tampon : 28, 83, 35, None
[INFO] [1740175201.307880212] [subscriber_actioneur]: Humidité reçue: "83"
[INFO] [1740175201.308126045] [data_logger]: Qualité de l'air reçue: 35
[INFO] [1740175201.308371584] [subscriber_actioneur]: Qualité reçue: "35"
[INFO] [1740175201.308787905] [subscriber_actioneur]: Publishing on "fenetre": "Ferme la fenêtre"
[INFO] [1740175201.315453508] [site_flask_int]: Température reçue: 28
[INFO] [1740175201.315806126] [site_flask_int]: Température reçue: 28
[INFO] [1740175201.317395548] [site_flask_int]: Humidité reçue: 83
[INFO] [1740175201.317576388] [site_flask_int]: Humidité reçue: 83
[INFO] [1740175201.317599481] [publisher_presence]: Publishing: "1"
[INFO] [1740175201.319126738] [site_flask_int]: Qualité de l'air reçue: 35
[INFO] [1740175201.319129447] [site_flask_int]: Qualité de l'air reçue: 35
[INFO] [1740175201.320703407] [site_flask_int]: presence: 1
[INFO] [1740175201.320811750] [site_flask_int]: presence: 1
[INFO] [1740175202.313285500] [publisher_presence]: Publishing: "1"
[INFO] [1740175202.314589275] [site_flask_int]: presence: 1
[INFO] [1740175202.314744200] [site_flask_int]: presence: 1
[INFO] [1740175202.333408415] [publisher_i2c]: Publishing Temp: 22
[INFO] [1740175202.333639248] [data_logger]: Température reçue: 22
[INFO] [1740175202.333645464] [subscriber_actioneur]: Température reçue: "22"
[INFO] [1740175202.334062954] [publisher_i2c]: Publishing Humid: 68
[INFO] [1740175202.334438693] [subscriber_actioneur]: Humidité reçue: "68"
[INFO] [1740175202.334501096] [site_flask_int]: Température reçue: 22
[INFO] [1740175202.334540840] [data_logger]: Humidité reçue: 68
[INFO] [1740175202.334562722] [publisher_i2c]: Publishing Qualite: 41
[INFO] [1740175202.334821392] [site_flask_int]: Température reçue: 22
[INFO] [1740175202.335046123] [subscriber_actioneur]: Qualité reçue: "41"
[INFO] [1740175202.335312629] [data_logger]: Stockage en mémoire tampon : 22, 68, 41, None
[INFO] [1740175202.335524330] [subscriber_actioneur]: Publishing on "fenetre": "Ferme la fenêtre"
[INFO] [1740175202.335725363] [data_logger]: Qualité de l'air reçue: 41
[INFO] [1740175202.336036117] [site_flask_int]: Humidité reçue: 68
[INFO] [1740175202.336956313] [site_flask_int]: Humidité reçue: 68
[INFO] [1740175202.337753084] [site_flask_int]: Qualité de l'air reçue: 41
[INFO] [1740175202.338818368] [site_flask_int]: Qualité de l'air reçue: 41
[INFO] [1740175203.304829833] [publisher_presence]: Publishing: "1"
[INFO] [1740175203.305926331] [publisher_i2c]: Publishing Temp: 27
[INFO] [1740175203.306144244] [site_flask_int]: presence: 1
[INFO] [1740175203.306219672] [subscriber_actioneur]: Température reçue: "27"
[INFO] [1740175203.306223228] [site_flask_int]: presence: 1
[INFO] [1740175203.306261761] [data_logger]: Température reçue: 27
[INFO] [1740175203.306477185] [publisher_i2c]: Publishing Humid: 91
[INFO] [1740175203.306743415] [subscriber_actioneur]: Publishing on "chauffage": "Chauffage OFF"
[INFO] [1740175203.306992542] [publisher_i2c]: Publishing Qualite: 13
[INFO] [1740175203.306996750] [data_logger]: Humidité reçue: 91
[INFO] [1740175203.307473856] [subscriber_actioneur]: Humidité reçue: "91"
[INFO] [1740175203.307681726] [data_logger]: Stockage en mémoire tampon : 27, 91, 13, None
[INFO] [1740175203.307933629] [subscriber_actioneur]: Qualité reçue: "13"
[INFO] [1740175203.308022085] [site_flask_int]: Température reçue: 27
[INFO] [1740175203.308068432] [data_logger]: Qualité de l'air reçue: 13
[INFO] [1740175203.308390216] [subscriber_actioneur]: Publishing on "fenetre": "Ouvre la fenêtre"
[INFO] [1740175203.308481296] [site_flask_int]: Température reçue: 27
[INFO] [1740175203.309931077] [site_flask_int]: Humidité reçue: 91
[INFO] [1740175203.310746978] [site_flask_int]: Humidité reçue: 91
[INFO] [1740175203.311826925] [site_flask_int]: Qualité de l'air reçue: 13
[INFO] [1740175203.312262964] [site_flask_int]: Qualité de l'air reçue: 13
[INFO] [1740175204.305602709] [publisher_presence]: Publishing: "1"
[INFO] [1740175204.306969805] [site_flask_int]: presence: 1
[INFO] [1740175204.307051954] [site_flask_int]: presence: 1
[INFO] [1740175204.311135493] [publisher_i2c]: Publishing Temp: 25
[INFO] [1740175204.311313627] [subscriber_actioneur]: Température reçue: "25"
[INFO] [1740175204.311451686] [data_logger]: Température reçue: 25
[INFO] [1740175204.311757571] [publisher_i2c]: Publishing Humid: 96
[INFO] [1740175204.311828153] [subscriber_actioneur]: Publishing on "chauffage": "Chauffage OFF"
[INFO] [1740175204.311959585] [site_flask_int]: Température reçue: 25
[INFO] [1740175204.312255064] [data_logger]: Humidité reçue: 96
[INFO] [1740175204.312334693] [publisher_i2c]: Publishing Qualite: 34
[INFO] [1740175204.312600868] [subscriber_actioneur]: Humidité reçue: "96"
[INFO] [1740175204.312792002] [site_flask_int]: Température reçue: 25
[INFO] [1740175204.312890577] [data_logger]: Stockage en mémoire tampon : 25, 96, 34, None
[INFO] [1740175204.313099394] [subscriber_actioneur]: Qualité reçue: "34"
[INFO] [1740175204.313408464] [data_logger]: Qualité de l'air reçue: 34
[INFO] [1740175204.313592159] [subscriber_actioneur]: Publishing on "fenetre": "Ferme la fenêtre"
[INFO] [1740175204.314357521] [site_flask_int]: Humidité reçue: 96
[INFO] [1740175204.314900760] [site_flask_int]: Humidité reçue: 96
[INFO] [1740175204.316448790] [site_flask_int]: Qualité de l'air reçue: 34
[INFO] [1740175204.316699957] [site_flask_int]: Qualité de l'air reçue: 34
[INFO] [1740175205.304962055] [publisher_presence]: Publishing: "1"
[INFO] [1740175205.306192871] [site_flask_int]: presence: 1
[INFO] [1740175205.306467376] [site_flask_int]: presence: 1
[INFO] [1740175205.547012073] [publisher_i2c]: Publishing Temp: 23
[INFO] [1740175205.547246212] [subscriber_actioneur]: Température reçue: "23"
[INFO] [1740175205.547305247] [data_logger]: Température reçue: 23
[INFO] [1740175205.547625304] [publisher_i2c]: Publishing Humid: 70
[INFO] [1740175205.547757672] [subscriber_actioneur]: Publishing on "chauffage": "Chauffage OFF"
[INFO] [1740175205.548071235] [data_logger]: Humidité reçue: 70
[INFO] [1740175205.548175797] [publisher_i2c]: Publishing Qualite: 20
[INFO] [1740175205.548401531] [site_flask_int]: Température reçue: 23
[INFO] [1740175205.548708988] [subscriber_actioneur]: Humidité reçue: "70"
[INFO] [1740175205.548864994] [data_logger]: Stockage en mémoire tampon : 23, 70, 20, None
[INFO] [1740175205.549091656] [site_flask_int]: Température reçue: 23
[INFO] [1740175205.549214176] [subscriber_actioneur]: Qualité reçue: "20"
[INFO] [1740175205.549289501] [data_logger]: Qualité de l'air reçue: 20
[INFO] [1740175205.549672496] [subscriber_actioneur]: Publishing on "fenetre": "Ouvre la fenêtre"
[INFO] [1740175205.550656232] [site_flask_int]: Humidité reçue: 70
[INFO] [1740175205.551058357] [site_flask_int]: Humidité reçue: 70
[INFO] [1740175205.552622484] [site_flask_int]: Qualité de l'air reçue: 20
[INFO] [1740175205.552997957] [site_flask_int]: Qualité de l'air reçue: 20
[INFO] [1740175205.952436299] [lamp_client]: Prochaine requête dans 7.39 secondes...
[INFO] [1740175205.952498736] [lamp_service]: État de la lampe : OFF
[INFO] [1740175206.305079058] [publisher_presence]: Publishing: "1"
[INFO] [1740175206.306423741] [site_flask_int]: presence: 1
[INFO] [1740175206.306681771] [site_flask_int]: presence: 1
[INFO] [1740175206.328520588] [publisher_i2c]: Publishing Temp: 22
[INFO] [1740175206.328854739] [subscriber_actioneur]: Température reçue: "22"
[INFO] [1740175206.328894440] [data_logger]: Température reçue: 22
[INFO] [1740175206.329104113] [publisher_i2c]: Publishing Humid: 79
[INFO] [1740175206.329563390] [site_flask_int]: Température reçue: 22
[INFO] [1740175206.329607798] [publisher_i2c]: Publishing Qualite: 27
[INFO] [1740175206.329650853] [subscriber_actioneur]: Humidité reçue: "79"
[INFO] [1740175206.329685234] [site_flask_int]: Température reçue: 22
[INFO] [1740175206.329727112] [data_logger]: Humidité reçue: 79
[INFO] [1740175206.330230457] [data_logger]: Stockage en mémoire tampon : 22, 79, 27, None
[INFO] [1740175206.330246752] [subscriber_actioneur]: Qualité reçue: "27"
[INFO] [1740175206.330657949] [data_logger]: Qualité de l'air reçue: 27
[INFO] [1740175206.330673403] [subscriber_actioneur]: Publishing on "fenetre": "Ouvre la fenêtre"
[INFO] [1740175206.331818267] [site_flask_int]: Humidité reçue: 79
[INFO] [1740175206.331939345] [site_flask_int]: Humidité reçue: 79
[INFO] [1740175206.333636109] [site_flask_int]: Qualité de l'air reçue: 27
[INFO] [1740175206.333644089] [site_flask_int]: Qualité de l'air reçue: 27
Traceback (most recent call last):
Traceback (most recent call last):
Traceback (most recent call last):
  File "/home/alan/ros2_ws/src/package_projet/./package_projet/publisher_i2c_rand.py", line 46, in <module>
  File "/home/alan/ros2_ws/src/package_projet/./package_projet/suscriber_basededonne.py", line 85, in <module>
  File "/home/alan/ros2_ws/src/package_projet/./package_projet/serveur.py", line 33, in <module>
Traceback (most recent call last):
  File "/home/alan/ros2_ws/src/package_projet/./package_projet/capteur_presence.py", line 43, in <module>
    main()
    main()
    rclpy.spin(node)
  File "/home/alan/ros2_ws/src/package_projet/./package_projet/serveur.py", line 28, in main
  File "/opt/ros/humble/local/lib/python3.10/dist-packages/rclpy/__init__.py", line 226, in spin
  File "/home/alan/ros2_ws/src/package_projet/./package_projet/capteur_presence.py", line 33, in main
    main()
  File "/home/alan/ros2_ws/src/package_projet/./package_projet/publisher_i2c_rand.py", line 39, in main
    rclpy.spin(node)
    rclpy.spin(minimal_publisher)
  File "/opt/ros/humble/local/lib/python3.10/dist-packages/rclpy/__init__.py", line 226, in spin
  File "/opt/ros/humble/local/lib/python3.10/dist-packages/rclpy/__init__.py", line 226, in spin
    executor.spin_once()
    rclpy.spin(minimal_publisher)
  File "/opt/ros/humble/local/lib/python3.10/dist-packages/rclpy/executors.py", line 739, in spin_once
  File "/opt/ros/humble/local/lib/python3.10/dist-packages/rclpy/__init__.py", line 226, in spin
    executor.spin_once()
  File "/opt/ros/humble/local/lib/python3.10/dist-packages/rclpy/executors.py", line 739, in spin_once
    executor.spin_once()
  File "/opt/ros/humble/local/lib/python3.10/dist-packages/rclpy/executors.py", line 739, in spin_once
    executor.spin_once()
  File "/opt/ros/humble/local/lib/python3.10/dist-packages/rclpy/executors.py", line 739, in spin_once
Traceback (most recent call last):
  File "/home/alan/ros2_ws/src/package_projet/./package_projet/client.py", line 44, in <module>
    self._spin_once_impl(timeout_sec)
  File "/opt/ros/humble/local/lib/python3.10/dist-packages/rclpy/executors.py", line 728, in _spin_once_impl
    self._spin_once_impl(timeout_sec)
Traceback (most recent call last):
  File "/opt/ros/humble/local/lib/python3.10/dist-packages/rclpy/executors.py", line 728, in _spin_once_impl
  File "/home/alan/ros2_ws/src/package_projet/./package_projet/suscriber_i2c.py", line 70, in <module>
    main()
    self._spin_once_impl(timeout_sec)
  File "/home/alan/ros2_ws/src/package_projet/./package_projet/client.py", line 39, in main
  File "/opt/ros/humble/local/lib/python3.10/dist-packages/rclpy/executors.py", line 728, in _spin_once_impl
    self._spin_once_impl(timeout_sec)
  File "/opt/ros/humble/local/lib/python3.10/dist-packages/rclpy/executors.py", line 728, in _spin_once_impl
    handler, entity, node = self.wait_for_ready_callbacks(timeout_sec=timeout_sec)
  File "/opt/ros/humble/local/lib/python3.10/dist-packages/rclpy/executors.py", line 711, in wait_for_ready_callbacks
    node = LampClient()
Traceback (most recent call last):
  File "/home/alan/ros2_ws/src/package_projet/./package_projet/client.py", line 16, in __init__
    main()
  File "/home/alan/ros2_ws/src/package_projet/./package_projet/suscriber_i2c.py", line 64, in main
  File "/home/alan/ros2_ws/src/package_projet/./package_projet/porte.py", line 39, in <module>
    handler, entity, node = self.wait_for_ready_callbacks(timeout_sec=timeout_sec)
  File "/opt/ros/humble/local/lib/python3.10/dist-packages/rclpy/executors.py", line 711, in wait_for_ready_callbacks
    self.send_requests_loop()
  File "/home/alan/ros2_ws/src/package_projet/./package_projet/client.py", line 23, in send_requests_loop
    rclpy.spin(minimal_subscriber)
  File "/opt/ros/humble/local/lib/python3.10/dist-packages/rclpy/__init__.py", line 226, in spin
    time.sleep(delay)
    handler, entity, node = self.wait_for_ready_callbacks(timeout_sec=timeout_sec)
  File "/opt/ros/humble/local/lib/python3.10/dist-packages/rclpy/executors.py", line 711, in wait_for_ready_callbacks
KeyboardInterrupt
    return next(self._cb_iter)
    handler, entity, node = self.wait_for_ready_callbacks(timeout_sec=timeout_sec)
  File "/opt/ros/humble/local/lib/python3.10/dist-packages/rclpy/executors.py", line 608, in _wait_for_ready_callbacks
    main()
  File "/opt/ros/humble/local/lib/python3.10/dist-packages/rclpy/executors.py", line 711, in wait_for_ready_callbacks
  File "/home/alan/ros2_ws/src/package_projet/./package_projet/porte.py", line 34, in main
    return next(self._cb_iter)
    executor.spin_once()
  File "/opt/ros/humble/local/lib/python3.10/dist-packages/rclpy/executors.py", line 608, in _wait_for_ready_callbacks
  File "/opt/ros/humble/local/lib/python3.10/dist-packages/rclpy/executors.py", line 739, in spin_once
    rclpy.spin(door_controller)
  File "/opt/ros/humble/local/lib/python3.10/dist-packages/rclpy/__init__.py", line 226, in spin
    return next(self._cb_iter)
  File "/opt/ros/humble/local/lib/python3.10/dist-packages/rclpy/executors.py", line 608, in _wait_for_ready_callbacks
    wait_set.wait(timeout_nsec)
KeyboardInterrupt
    wait_set.wait(timeout_nsec)
    return next(self._cb_iter)
KeyboardInterrupt
  File "/opt/ros/humble/local/lib/python3.10/dist-packages/rclpy/executors.py", line 608, in _wait_for_ready_callbacks
    executor.spin_once()
    self._spin_once_impl(timeout_sec)
  File "/opt/ros/humble/local/lib/python3.10/dist-packages/rclpy/executors.py", line 739, in spin_once
  File "/opt/ros/humble/local/lib/python3.10/dist-packages/rclpy/executors.py", line 728, in _spin_once_impl
    wait_set.wait(timeout_nsec)
KeyboardInterrupt
    wait_set.wait(timeout_nsec)
KeyboardInterrupt
    handler, entity, node = self.wait_for_ready_callbacks(timeout_sec=timeout_sec)
  File "/opt/ros/humble/local/lib/python3.10/dist-packages/rclpy/executors.py", line 711, in wait_for_ready_callbacks
    self._spin_once_impl(timeout_sec)
  File "/opt/ros/humble/local/lib/python3.10/dist-packages/rclpy/executors.py", line 728, in _spin_once_impl
    return next(self._cb_iter)
  File "/opt/ros/humble/local/lib/python3.10/dist-packages/rclpy/executors.py", line 608, in _wait_for_ready_callbacks
    handler, entity, node = self.wait_for_ready_callbacks(timeout_sec=timeout_sec)
  File "/opt/ros/humble/local/lib/python3.10/dist-packages/rclpy/executors.py", line 711, in wait_for_ready_callbacks
    wait_set.wait(timeout_nsec)
KeyboardInterrupt
    return next(self._cb_iter)
  File "/opt/ros/humble/local/lib/python3.10/dist-packages/rclpy/executors.py", line 608, in _wait_for_ready_callbacks
    wait_set.wait(timeout_nsec)
KeyboardInterrupt
