[0.709s] Invoking command in '/home/alan/ros2_ws/src/package_projet': PYTHONPATH=/home/alan/ros2_ws/src/build/package_projet/prefix_override:/usr/lib/python3/dist-packages/colcon_core/task/python/colcon_distutils_commands:/home/alan/ros2_ws/src/install/package_projet/lib/python3.10/site-packages:${PYTHONPATH} /usr/bin/python3 -W ignore:setup.py install is deprecated -W ignore:easy_install command is deprecated setup.py egg_info --egg-base ../build/package_projet build --build-base /home/alan/ros2_ws/src/build/package_projet/build install --record /home/alan/ros2_ws/src/build/package_projet/install.log --single-version-externally-managed install_data
[0.971s] running egg_info
[0.971s] writing ../build/package_projet/package_projet.egg-info/PKG-INFO
[0.972s] writing dependency_links to ../build/package_projet/package_projet.egg-info/dependency_links.txt
[0.972s] writing entry points to ../build/package_projet/package_projet.egg-info/entry_points.txt
[0.972s] writing requirements to ../build/package_projet/package_projet.egg-info/requires.txt
[0.972s] writing top-level names to ../build/package_projet/package_projet.egg-info/top_level.txt
[0.974s] reading manifest file '../build/package_projet/package_projet.egg-info/SOURCES.txt'
[0.975s] writing manifest file '../build/package_projet/package_projet.egg-info/SOURCES.txt'
[0.976s] running build
[0.976s] running build_py
[0.976s] copying package_projet/my_node.py -> /home/alan/ros2_ws/src/build/package_projet/build/lib/package_projet
[0.977s] running install
[0.977s] running install_lib
[0.978s] copying /home/alan/ros2_ws/src/build/package_projet/build/lib/package_projet/my_node.py -> /home/alan/ros2_ws/src/install/package_projet/lib/python3.10/site-packages/package_projet
[0.979s] byte-compiling /home/alan/ros2_ws/src/install/package_projet/lib/python3.10/site-packages/package_projet/my_node.py to my_node.cpython-310.pyc
[0.980s] running install_data
[0.980s] copying package.xml -> /home/alan/ros2_ws/src/install/package_projet/share/package_projet
[0.981s] creating /home/alan/ros2_ws/src/install/package_projet/share/package_projet/launch
[0.981s] running install_egg_info
[0.982s] removing '/home/alan/ros2_ws/src/install/package_projet/lib/python3.10/site-packages/package_projet-0.0.0-py3.10.egg-info' (and everything under it)
[0.983s] Copying ../build/package_projet/package_projet.egg-info to /home/alan/ros2_ws/src/install/package_projet/lib/python3.10/site-packages/package_projet-0.0.0-py3.10.egg-info
[0.984s] running install_scripts
[1.004s] Installing capteur_presence script to /home/alan/ros2_ws/src/install/package_projet/lib/package_projet
[1.005s] Installing client script to /home/alan/ros2_ws/src/install/package_projet/lib/package_projet
[1.005s] Installing my_node script to /home/alan/ros2_ws/src/install/package_projet/lib/package_projet
[1.005s] Installing porte script to /home/alan/ros2_ws/src/install/package_projet/lib/package_projet
[1.005s] Installing publisher_i2c_rand script to /home/alan/ros2_ws/src/install/package_projet/lib/package_projet
[1.005s] Installing serveur script to /home/alan/ros2_ws/src/install/package_projet/lib/package_projet
[1.005s] Installing site script to /home/alan/ros2_ws/src/install/package_projet/lib/package_projet
[1.006s] Installing suscriber_basededonne script to /home/alan/ros2_ws/src/install/package_projet/lib/package_projet
[1.006s] Installing suscriber_i2c script to /home/alan/ros2_ws/src/install/package_projet/lib/package_projet
[1.006s] writing list of installed files to '/home/alan/ros2_ws/src/build/package_projet/install.log'
[1.041s] Invoked command in '/home/alan/ros2_ws/src/package_projet' returned '0': PYTHONPATH=/home/alan/ros2_ws/src/build/package_projet/prefix_override:/usr/lib/python3/dist-packages/colcon_core/task/python/colcon_distutils_commands:/home/alan/ros2_ws/src/install/package_projet/lib/python3.10/site-packages:${PYTHONPATH} /usr/bin/python3 -W ignore:setup.py install is deprecated -W ignore:easy_install command is deprecated setup.py egg_info --egg-base ../build/package_projet build --build-base /home/alan/ros2_ws/src/build/package_projet/build install --record /home/alan/ros2_ws/src/build/package_projet/install.log --single-version-externally-managed install_data
