running egg_info
creating ../../build/package_projet/package_projet.egg-info
writing ../../build/package_projet/package_projet.egg-info/PKG-INFO
writing dependency_links to ../../build/package_projet/package_projet.egg-info/dependency_links.txt
writing entry points to ../../build/package_projet/package_projet.egg-info/entry_points.txt
writing requirements to ../../build/package_projet/package_projet.egg-info/requires.txt
writing top-level names to ../../build/package_projet/package_projet.egg-info/top_level.txt
writing manifest file '../../build/package_projet/package_projet.egg-info/SOURCES.txt'
reading manifest file '../../build/package_projet/package_projet.egg-info/SOURCES.txt'
writing manifest file '../../build/package_projet/package_projet.egg-info/SOURCES.txt'
running build
running build_py
creating /home/alan/ros2_ws/build/package_projet/build
creating /home/alan/ros2_ws/build/package_projet/build/lib
creating /home/alan/ros2_ws/build/package_projet/build/lib/package_projet
copying package_projet/porte.py -> /home/alan/ros2_ws/build/package_projet/build/lib/package_projet
copying package_projet/capteur_presence.py -> /home/alan/ros2_ws/build/package_projet/build/lib/package_projet
copying package_projet/suscriber.py -> /home/alan/ros2_ws/build/package_projet/build/lib/package_projet
copying package_projet/__init__.py -> /home/alan/ros2_ws/build/package_projet/build/lib/package_projet
copying package_projet/client.py -> /home/alan/ros2_ws/build/package_projet/build/lib/package_projet
copying package_projet/suscriber_i2c.py -> /home/alan/ros2_ws/build/package_projet/build/lib/package_projet
copying package_projet/serveur.py -> /home/alan/ros2_ws/build/package_projet/build/lib/package_projet
copying package_projet/publisher.py -> /home/alan/ros2_ws/build/package_projet/build/lib/package_projet
copying package_projet/publisher_i2c_rand.py -> /home/alan/ros2_ws/build/package_projet/build/lib/package_projet
copying package_projet/my_node.py -> /home/alan/ros2_ws/build/package_projet/build/lib/package_projet
copying package_projet/site.py -> /home/alan/ros2_ws/build/package_projet/build/lib/package_projet
copying package_projet/suscriber_basededonne.py -> /home/alan/ros2_ws/build/package_projet/build/lib/package_projet
running install
running install_lib
creating /home/alan/ros2_ws/install/package_projet/lib/python3.10/site-packages/package_projet
copying /home/alan/ros2_ws/build/package_projet/build/lib/package_projet/porte.py -> /home/alan/ros2_ws/install/package_projet/lib/python3.10/site-packages/package_projet
copying /home/alan/ros2_ws/build/package_projet/build/lib/package_projet/capteur_presence.py -> /home/alan/ros2_ws/install/package_projet/lib/python3.10/site-packages/package_projet
copying /home/alan/ros2_ws/build/package_projet/build/lib/package_projet/suscriber.py -> /home/alan/ros2_ws/install/package_projet/lib/python3.10/site-packages/package_projet
copying /home/alan/ros2_ws/build/package_projet/build/lib/package_projet/__init__.py -> /home/alan/ros2_ws/install/package_projet/lib/python3.10/site-packages/package_projet
copying /home/alan/ros2_ws/build/package_projet/build/lib/package_projet/client.py -> /home/alan/ros2_ws/install/package_projet/lib/python3.10/site-packages/package_projet
copying /home/alan/ros2_ws/build/package_projet/build/lib/package_projet/suscriber_i2c.py -> /home/alan/ros2_ws/install/package_projet/lib/python3.10/site-packages/package_projet
copying /home/alan/ros2_ws/build/package_projet/build/lib/package_projet/serveur.py -> /home/alan/ros2_ws/install/package_projet/lib/python3.10/site-packages/package_projet
copying /home/alan/ros2_ws/build/package_projet/build/lib/package_projet/publisher.py -> /home/alan/ros2_ws/install/package_projet/lib/python3.10/site-packages/package_projet
copying /home/alan/ros2_ws/build/package_projet/build/lib/package_projet/publisher_i2c_rand.py -> /home/alan/ros2_ws/install/package_projet/lib/python3.10/site-packages/package_projet
copying /home/alan/ros2_ws/build/package_projet/build/lib/package_projet/my_node.py -> /home/alan/ros2_ws/install/package_projet/lib/python3.10/site-packages/package_projet
copying /home/alan/ros2_ws/build/package_projet/build/lib/package_projet/site.py -> /home/alan/ros2_ws/install/package_projet/lib/python3.10/site-packages/package_projet
copying /home/alan/ros2_ws/build/package_projet/build/lib/package_projet/suscriber_basededonne.py -> /home/alan/ros2_ws/install/package_projet/lib/python3.10/site-packages/package_projet
byte-compiling /home/alan/ros2_ws/install/package_projet/lib/python3.10/site-packages/package_projet/porte.py to porte.cpython-310.pyc
byte-compiling /home/alan/ros2_ws/install/package_projet/lib/python3.10/site-packages/package_projet/capteur_presence.py to capteur_presence.cpython-310.pyc
byte-compiling /home/alan/ros2_ws/install/package_projet/lib/python3.10/site-packages/package_projet/suscriber.py to suscriber.cpython-310.pyc
byte-compiling /home/alan/ros2_ws/install/package_projet/lib/python3.10/site-packages/package_projet/__init__.py to __init__.cpython-310.pyc
byte-compiling /home/alan/ros2_ws/install/package_projet/lib/python3.10/site-packages/package_projet/client.py to client.cpython-310.pyc
byte-compiling /home/alan/ros2_ws/install/package_projet/lib/python3.10/site-packages/package_projet/suscriber_i2c.py to suscriber_i2c.cpython-310.pyc
byte-compiling /home/alan/ros2_ws/install/package_projet/lib/python3.10/site-packages/package_projet/serveur.py to serveur.cpython-310.pyc
byte-compiling /home/alan/ros2_ws/install/package_projet/lib/python3.10/site-packages/package_projet/publisher.py to publisher.cpython-310.pyc
byte-compiling /home/alan/ros2_ws/install/package_projet/lib/python3.10/site-packages/package_projet/publisher_i2c_rand.py to publisher_i2c_rand.cpython-310.pyc
byte-compiling /home/alan/ros2_ws/install/package_projet/lib/python3.10/site-packages/package_projet/my_node.py to my_node.cpython-310.pyc
byte-compiling /home/alan/ros2_ws/install/package_projet/lib/python3.10/site-packages/package_projet/site.py to site.cpython-310.pyc
byte-compiling /home/alan/ros2_ws/install/package_projet/lib/python3.10/site-packages/package_projet/suscriber_basededonne.py to suscriber_basededonne.cpython-310.pyc
running install_data
creating /home/alan/ros2_ws/install/package_projet/share/ament_index
creating /home/alan/ros2_ws/install/package_projet/share/ament_index/resource_index
creating /home/alan/ros2_ws/install/package_projet/share/ament_index/resource_index/packages
copying resource/package_projet -> /home/alan/ros2_ws/install/package_projet/share/ament_index/resource_index/packages
copying package.xml -> /home/alan/ros2_ws/install/package_projet/share/package_projet
creating /home/alan/ros2_ws/install/package_projet/share/package_projet/launch
running install_egg_info
Copying ../../build/package_projet/package_projet.egg-info to /home/alan/ros2_ws/install/package_projet/lib/python3.10/site-packages/package_projet-0.0.0-py3.10.egg-info
running install_scripts
Installing capteur_presence script to /home/alan/ros2_ws/install/package_projet/lib/package_projet
Installing client script to /home/alan/ros2_ws/install/package_projet/lib/package_projet
Installing my_node script to /home/alan/ros2_ws/install/package_projet/lib/package_projet
Installing porte script to /home/alan/ros2_ws/install/package_projet/lib/package_projet
Installing publisher_i2c_rand script to /home/alan/ros2_ws/install/package_projet/lib/package_projet
Installing serveur script to /home/alan/ros2_ws/install/package_projet/lib/package_projet
Installing site script to /home/alan/ros2_ws/install/package_projet/lib/package_projet
Installing suscriber_basededonne script to /home/alan/ros2_ws/install/package_projet/lib/package_projet
Installing suscriber_i2c script to /home/alan/ros2_ws/install/package_projet/lib/package_projet
writing list of installed files to '/home/alan/ros2_ws/build/package_projet/install.log'
