[0.689s] Invoking command in '/home/alan/ros2_ws/src/package_projet': PYTHONPATH=/home/alan/ros2_ws/build/package_projet/prefix_override:/usr/lib/python3/dist-packages/colcon_core/task/python/colcon_distutils_commands:/home/alan/ros2_ws/install/package_projet/lib/python3.10/site-packages:${PYTHONPATH} /usr/bin/python3 -W ignore:setup.py install is deprecated -W ignore:easy_install command is deprecated setup.py egg_info --egg-base ../../build/package_projet build --build-base /home/alan/ros2_ws/build/package_projet/build install --record /home/alan/ros2_ws/build/package_projet/install.log --single-version-externally-managed install_data
[0.957s] running egg_info
[0.957s] creating ../../build/package_projet/package_projet.egg-info
[0.958s] writing ../../build/package_projet/package_projet.egg-info/PKG-INFO
[0.958s] writing dependency_links to ../../build/package_projet/package_projet.egg-info/dependency_links.txt
[0.958s] writing entry points to ../../build/package_projet/package_projet.egg-info/entry_points.txt
[0.958s] writing requirements to ../../build/package_projet/package_projet.egg-info/requires.txt
[0.958s] writing top-level names to ../../build/package_projet/package_projet.egg-info/top_level.txt
[0.958s] writing manifest file '../../build/package_projet/package_projet.egg-info/SOURCES.txt'
[0.960s] reading manifest file '../../build/package_projet/package_projet.egg-info/SOURCES.txt'
[0.961s] writing manifest file '../../build/package_projet/package_projet.egg-info/SOURCES.txt'
[0.961s] running build
[0.961s] running build_py
[0.962s] creating /home/alan/ros2_ws/build/package_projet/build
[0.962s] creating /home/alan/ros2_ws/build/package_projet/build/lib
[0.962s] creating /home/alan/ros2_ws/build/package_projet/build/lib/package_projet
[0.962s] copying package_projet/porte.py -> /home/alan/ros2_ws/build/package_projet/build/lib/package_projet
[0.962s] copying package_projet/capteur_presence.py -> /home/alan/ros2_ws/build/package_projet/build/lib/package_projet
[0.962s] copying package_projet/suscriber.py -> /home/alan/ros2_ws/build/package_projet/build/lib/package_projet
[0.962s] copying package_projet/__init__.py -> /home/alan/ros2_ws/build/package_projet/build/lib/package_projet
[0.962s] copying package_projet/client.py -> /home/alan/ros2_ws/build/package_projet/build/lib/package_projet
[0.963s] copying package_projet/suscriber_i2c.py -> /home/alan/ros2_ws/build/package_projet/build/lib/package_projet
[0.963s] copying package_projet/serveur.py -> /home/alan/ros2_ws/build/package_projet/build/lib/package_projet
[0.963s] copying package_projet/publisher.py -> /home/alan/ros2_ws/build/package_projet/build/lib/package_projet
[0.963s] copying package_projet/publisher_i2c_rand.py -> /home/alan/ros2_ws/build/package_projet/build/lib/package_projet
[0.963s] copying package_projet/my_node.py -> /home/alan/ros2_ws/build/package_projet/build/lib/package_projet
[0.963s] copying package_projet/site.py -> /home/alan/ros2_ws/build/package_projet/build/lib/package_projet
[0.963s] copying package_projet/suscriber_basededonne.py -> /home/alan/ros2_ws/build/package_projet/build/lib/package_projet
[0.964s] running install
[0.964s] running install_lib
[0.964s] creating /home/alan/ros2_ws/install/package_projet/lib/python3.10/site-packages/package_projet
[0.965s] copying /home/alan/ros2_ws/build/package_projet/build/lib/package_projet/porte.py -> /home/alan/ros2_ws/install/package_projet/lib/python3.10/site-packages/package_projet
[0.965s] copying /home/alan/ros2_ws/build/package_projet/build/lib/package_projet/capteur_presence.py -> /home/alan/ros2_ws/install/package_projet/lib/python3.10/site-packages/package_projet
[0.965s] copying /home/alan/ros2_ws/build/package_projet/build/lib/package_projet/suscriber.py -> /home/alan/ros2_ws/install/package_projet/lib/python3.10/site-packages/package_projet
[0.965s] copying /home/alan/ros2_ws/build/package_projet/build/lib/package_projet/__init__.py -> /home/alan/ros2_ws/install/package_projet/lib/python3.10/site-packages/package_projet
[0.965s] copying /home/alan/ros2_ws/build/package_projet/build/lib/package_projet/client.py -> /home/alan/ros2_ws/install/package_projet/lib/python3.10/site-packages/package_projet
[0.965s] copying /home/alan/ros2_ws/build/package_projet/build/lib/package_projet/suscriber_i2c.py -> /home/alan/ros2_ws/install/package_projet/lib/python3.10/site-packages/package_projet
[0.965s] copying /home/alan/ros2_ws/build/package_projet/build/lib/package_projet/serveur.py -> /home/alan/ros2_ws/install/package_projet/lib/python3.10/site-packages/package_projet
[0.965s] copying /home/alan/ros2_ws/build/package_projet/build/lib/package_projet/publisher.py -> /home/alan/ros2_ws/install/package_projet/lib/python3.10/site-packages/package_projet
[0.966s] copying /home/alan/ros2_ws/build/package_projet/build/lib/package_projet/publisher_i2c_rand.py -> /home/alan/ros2_ws/install/package_projet/lib/python3.10/site-packages/package_projet
[0.966s] copying /home/alan/ros2_ws/build/package_projet/build/lib/package_projet/my_node.py -> /home/alan/ros2_ws/install/package_projet/lib/python3.10/site-packages/package_projet
[0.966s] copying /home/alan/ros2_ws/build/package_projet/build/lib/package_projet/site.py -> /home/alan/ros2_ws/install/package_projet/lib/python3.10/site-packages/package_projet
[0.966s] copying /home/alan/ros2_ws/build/package_projet/build/lib/package_projet/suscriber_basededonne.py -> /home/alan/ros2_ws/install/package_projet/lib/python3.10/site-packages/package_projet
[0.966s] byte-compiling /home/alan/ros2_ws/install/package_projet/lib/python3.10/site-packages/package_projet/porte.py to porte.cpython-310.pyc
[0.967s] byte-compiling /home/alan/ros2_ws/install/package_projet/lib/python3.10/site-packages/package_projet/capteur_presence.py to capteur_presence.cpython-310.pyc
[0.967s] byte-compiling /home/alan/ros2_ws/install/package_projet/lib/python3.10/site-packages/package_projet/suscriber.py to suscriber.cpython-310.pyc
[0.968s] byte-compiling /home/alan/ros2_ws/install/package_projet/lib/python3.10/site-packages/package_projet/__init__.py to __init__.cpython-310.pyc
[0.968s] byte-compiling /home/alan/ros2_ws/install/package_projet/lib/python3.10/site-packages/package_projet/client.py to client.cpython-310.pyc
[0.968s] byte-compiling /home/alan/ros2_ws/install/package_projet/lib/python3.10/site-packages/package_projet/suscriber_i2c.py to suscriber_i2c.cpython-310.pyc
[0.969s] byte-compiling /home/alan/ros2_ws/install/package_projet/lib/python3.10/site-packages/package_projet/serveur.py to serveur.cpython-310.pyc
[0.969s] byte-compiling /home/alan/ros2_ws/install/package_projet/lib/python3.10/site-packages/package_projet/publisher.py to publisher.cpython-310.pyc
[0.969s] byte-compiling /home/alan/ros2_ws/install/package_projet/lib/python3.10/site-packages/package_projet/publisher_i2c_rand.py to publisher_i2c_rand.cpython-310.pyc
[0.970s] byte-compiling /home/alan/ros2_ws/install/package_projet/lib/python3.10/site-packages/package_projet/my_node.py to my_node.cpython-310.pyc
[0.970s] byte-compiling /home/alan/ros2_ws/install/package_projet/lib/python3.10/site-packages/package_projet/site.py to site.cpython-310.pyc
[0.971s] byte-compiling /home/alan/ros2_ws/install/package_projet/lib/python3.10/site-packages/package_projet/suscriber_basededonne.py to suscriber_basededonne.cpython-310.pyc
[0.972s] running install_data
[0.972s] creating /home/alan/ros2_ws/install/package_projet/share/ament_index
[0.972s] creating /home/alan/ros2_ws/install/package_projet/share/ament_index/resource_index
[0.972s] creating /home/alan/ros2_ws/install/package_projet/share/ament_index/resource_index/packages
[0.972s] copying resource/package_projet -> /home/alan/ros2_ws/install/package_projet/share/ament_index/resource_index/packages
[0.972s] copying package.xml -> /home/alan/ros2_ws/install/package_projet/share/package_projet
[0.972s] creating /home/alan/ros2_ws/install/package_projet/share/package_projet/launch
[0.972s] running install_egg_info
[0.974s] Copying ../../build/package_projet/package_projet.egg-info to /home/alan/ros2_ws/install/package_projet/lib/python3.10/site-packages/package_projet-0.0.0-py3.10.egg-info
[0.975s] running install_scripts
[0.997s] Installing capteur_presence script to /home/alan/ros2_ws/install/package_projet/lib/package_projet
[0.997s] Installing client script to /home/alan/ros2_ws/install/package_projet/lib/package_projet
[0.997s] Installing my_node script to /home/alan/ros2_ws/install/package_projet/lib/package_projet
[0.997s] Installing porte script to /home/alan/ros2_ws/install/package_projet/lib/package_projet
[0.997s] Installing publisher_i2c_rand script to /home/alan/ros2_ws/install/package_projet/lib/package_projet
[0.998s] Installing serveur script to /home/alan/ros2_ws/install/package_projet/lib/package_projet
[0.998s] Installing site script to /home/alan/ros2_ws/install/package_projet/lib/package_projet
[0.998s] Installing suscriber_basededonne script to /home/alan/ros2_ws/install/package_projet/lib/package_projet
[0.998s] Installing suscriber_i2c script to /home/alan/ros2_ws/install/package_projet/lib/package_projet
[0.998s] writing list of installed files to '/home/alan/ros2_ws/build/package_projet/install.log'
[1.030s] Invoked command in '/home/alan/ros2_ws/src/package_projet' returned '0': PYTHONPATH=/home/alan/ros2_ws/build/package_projet/prefix_override:/usr/lib/python3/dist-packages/colcon_core/task/python/colcon_distutils_commands:/home/alan/ros2_ws/install/package_projet/lib/python3.10/site-packages:${PYTHONPATH} /usr/bin/python3 -W ignore:setup.py install is deprecated -W ignore:easy_install command is deprecated setup.py egg_info --egg-base ../../build/package_projet build --build-base /home/alan/ros2_ws/build/package_projet/build install --record /home/alan/ros2_ws/build/package_projet/install.log --single-version-externally-managed install_data
