running egg_info
creating build/package_projet/package_projet.egg-info
writing build/package_projet/package_projet.egg-info/PKG-INFO
writing dependency_links to build/package_projet/package_projet.egg-info/dependency_links.txt
writing entry points to build/package_projet/package_projet.egg-info/entry_points.txt
writing requirements to build/package_projet/package_projet.egg-info/requires.txt
writing top-level names to build/package_projet/package_projet.egg-info/top_level.txt
writing manifest file 'build/package_projet/package_projet.egg-info/SOURCES.txt'
reading manifest file 'build/package_projet/package_projet.egg-info/SOURCES.txt'
writing manifest file 'build/package_projet/package_projet.egg-info/SOURCES.txt'
running build
running build_py
creating /home/alan/ros2_ws/src/package_projet/build/package_projet/build
creating /home/alan/ros2_ws/src/package_projet/build/package_projet/build/lib
creating /home/alan/ros2_ws/src/package_projet/build/package_projet/build/lib/package_projet
copying package_projet/porte.py -> /home/alan/ros2_ws/src/package_projet/build/package_projet/build/lib/package_projet
copying package_projet/capteur_presence.py -> /home/alan/ros2_ws/src/package_projet/build/package_projet/build/lib/package_projet
copying package_projet/suscriber.py -> /home/alan/ros2_ws/src/package_projet/build/package_projet/build/lib/package_projet
copying package_projet/__init__.py -> /home/alan/ros2_ws/src/package_projet/build/package_projet/build/lib/package_projet
copying package_projet/client.py -> /home/alan/ros2_ws/src/package_projet/build/package_projet/build/lib/package_projet
copying package_projet/suscriber_i2c.py -> /home/alan/ros2_ws/src/package_projet/build/package_projet/build/lib/package_projet
copying package_projet/serveur.py -> /home/alan/ros2_ws/src/package_projet/build/package_projet/build/lib/package_projet
copying package_projet/publisher.py -> /home/alan/ros2_ws/src/package_projet/build/package_projet/build/lib/package_projet
copying package_projet/publisher_i2c_rand.py -> /home/alan/ros2_ws/src/package_projet/build/package_projet/build/lib/package_projet
copying package_projet/my_node.py -> /home/alan/ros2_ws/src/package_projet/build/package_projet/build/lib/package_projet
copying package_projet/site.py -> /home/alan/ros2_ws/src/package_projet/build/package_projet/build/lib/package_projet
copying package_projet/suscriber_basededonne.py -> /home/alan/ros2_ws/src/package_projet/build/package_projet/build/lib/package_projet
creating /home/alan/ros2_ws/src/package_projet/build/package_projet/build/lib/package_projet/install
copying package_projet/install/site4.py -> /home/alan/ros2_ws/src/package_projet/build/package_projet/build/lib/package_projet/install
copying package_projet/install/siteoui2.py -> /home/alan/ros2_ws/src/package_projet/build/package_projet/build/lib/package_projet/install
copying package_projet/install/sescriber_i2c.py -> /home/alan/ros2_ws/src/package_projet/build/package_projet/build/lib/package_projet/install
copying package_projet/install/capteur_presence.py -> /home/alan/ros2_ws/src/package_projet/build/package_projet/build/lib/package_projet/install
copying package_projet/install/_local_setup_util_sh.py -> /home/alan/ros2_ws/src/package_projet/build/package_projet/build/lib/package_projet/install
copying package_projet/install/suscriber.py -> /home/alan/ros2_ws/src/package_projet/build/package_projet/build/lib/package_projet/install
copying package_projet/install/__init__.py -> /home/alan/ros2_ws/src/package_projet/build/package_projet/build/lib/package_projet/install
copying package_projet/install/client.py -> /home/alan/ros2_ws/src/package_projet/build/package_projet/build/lib/package_projet/install
copying package_projet/install/testeur_recu.py -> /home/alan/ros2_ws/src/package_projet/build/package_projet/build/lib/package_projet/install
copying package_projet/install/serveur.py -> /home/alan/ros2_ws/src/package_projet/build/package_projet/build/lib/package_projet/install
copying package_projet/install/publisher.py -> /home/alan/ros2_ws/src/package_projet/build/package_projet/build/lib/package_projet/install
copying package_projet/install/siteoui.py -> /home/alan/ros2_ws/src/package_projet/build/package_projet/build/lib/package_projet/install
copying package_projet/install/publisher_i2c_rand.py -> /home/alan/ros2_ws/src/package_projet/build/package_projet/build/lib/package_projet/install
copying package_projet/install/site2.py -> /home/alan/ros2_ws/src/package_projet/build/package_projet/build/lib/package_projet/install
copying package_projet/install/my_node.py -> /home/alan/ros2_ws/src/package_projet/build/package_projet/build/lib/package_projet/install
copying package_projet/install/publisher_i2c.py -> /home/alan/ros2_ws/src/package_projet/build/package_projet/build/lib/package_projet/install
copying package_projet/install/site3 (copy).py -> /home/alan/ros2_ws/src/package_projet/build/package_projet/build/lib/package_projet/install
copying package_projet/install/site.py -> /home/alan/ros2_ws/src/package_projet/build/package_projet/build/lib/package_projet/install
copying package_projet/install/site3.py -> /home/alan/ros2_ws/src/package_projet/build/package_projet/build/lib/package_projet/install
copying package_projet/install/suscriber_bdd.py -> /home/alan/ros2_ws/src/package_projet/build/package_projet/build/lib/package_projet/install
copying package_projet/install/suscriber_basededonne.py -> /home/alan/ros2_ws/src/package_projet/build/package_projet/build/lib/package_projet/install
copying package_projet/install/site5.py -> /home/alan/ros2_ws/src/package_projet/build/package_projet/build/lib/package_projet/install
copying package_projet/install/_local_setup_util_ps1.py -> /home/alan/ros2_ws/src/package_projet/build/package_projet/build/lib/package_projet/install
running install
running install_lib
creating /home/alan/ros2_ws/src/package_projet/install/package_projet/lib/python3.10/site-packages/package_projet
copying /home/alan/ros2_ws/src/package_projet/build/package_projet/build/lib/package_projet/porte.py -> /home/alan/ros2_ws/src/package_projet/install/package_projet/lib/python3.10/site-packages/package_projet
copying /home/alan/ros2_ws/src/package_projet/build/package_projet/build/lib/package_projet/capteur_presence.py -> /home/alan/ros2_ws/src/package_projet/install/package_projet/lib/python3.10/site-packages/package_projet
copying /home/alan/ros2_ws/src/package_projet/build/package_projet/build/lib/package_projet/suscriber.py -> /home/alan/ros2_ws/src/package_projet/install/package_projet/lib/python3.10/site-packages/package_projet
copying /home/alan/ros2_ws/src/package_projet/build/package_projet/build/lib/package_projet/__init__.py -> /home/alan/ros2_ws/src/package_projet/install/package_projet/lib/python3.10/site-packages/package_projet
copying /home/alan/ros2_ws/src/package_projet/build/package_projet/build/lib/package_projet/client.py -> /home/alan/ros2_ws/src/package_projet/install/package_projet/lib/python3.10/site-packages/package_projet
copying /home/alan/ros2_ws/src/package_projet/build/package_projet/build/lib/package_projet/suscriber_i2c.py -> /home/alan/ros2_ws/src/package_projet/install/package_projet/lib/python3.10/site-packages/package_projet
copying /home/alan/ros2_ws/src/package_projet/build/package_projet/build/lib/package_projet/serveur.py -> /home/alan/ros2_ws/src/package_projet/install/package_projet/lib/python3.10/site-packages/package_projet
copying /home/alan/ros2_ws/src/package_projet/build/package_projet/build/lib/package_projet/publisher.py -> /home/alan/ros2_ws/src/package_projet/install/package_projet/lib/python3.10/site-packages/package_projet
copying /home/alan/ros2_ws/src/package_projet/build/package_projet/build/lib/package_projet/publisher_i2c_rand.py -> /home/alan/ros2_ws/src/package_projet/install/package_projet/lib/python3.10/site-packages/package_projet
copying /home/alan/ros2_ws/src/package_projet/build/package_projet/build/lib/package_projet/my_node.py -> /home/alan/ros2_ws/src/package_projet/install/package_projet/lib/python3.10/site-packages/package_projet
copying /home/alan/ros2_ws/src/package_projet/build/package_projet/build/lib/package_projet/site.py -> /home/alan/ros2_ws/src/package_projet/install/package_projet/lib/python3.10/site-packages/package_projet
creating /home/alan/ros2_ws/src/package_projet/install/package_projet/lib/python3.10/site-packages/package_projet/install
copying /home/alan/ros2_ws/src/package_projet/build/package_projet/build/lib/package_projet/install/site4.py -> /home/alan/ros2_ws/src/package_projet/install/package_projet/lib/python3.10/site-packages/package_projet/install
copying /home/alan/ros2_ws/src/package_projet/build/package_projet/build/lib/package_projet/install/siteoui2.py -> /home/alan/ros2_ws/src/package_projet/install/package_projet/lib/python3.10/site-packages/package_projet/install
copying /home/alan/ros2_ws/src/package_projet/build/package_projet/build/lib/package_projet/install/sescriber_i2c.py -> /home/alan/ros2_ws/src/package_projet/install/package_projet/lib/python3.10/site-packages/package_projet/install
copying /home/alan/ros2_ws/src/package_projet/build/package_projet/build/lib/package_projet/install/capteur_presence.py -> /home/alan/ros2_ws/src/package_projet/install/package_projet/lib/python3.10/site-packages/package_projet/install
copying /home/alan/ros2_ws/src/package_projet/build/package_projet/build/lib/package_projet/install/_local_setup_util_sh.py -> /home/alan/ros2_ws/src/package_projet/install/package_projet/lib/python3.10/site-packages/package_projet/install
copying /home/alan/ros2_ws/src/package_projet/build/package_projet/build/lib/package_projet/install/suscriber.py -> /home/alan/ros2_ws/src/package_projet/install/package_projet/lib/python3.10/site-packages/package_projet/install
copying /home/alan/ros2_ws/src/package_projet/build/package_projet/build/lib/package_projet/install/__init__.py -> /home/alan/ros2_ws/src/package_projet/install/package_projet/lib/python3.10/site-packages/package_projet/install
copying /home/alan/ros2_ws/src/package_projet/build/package_projet/build/lib/package_projet/install/client.py -> /home/alan/ros2_ws/src/package_projet/install/package_projet/lib/python3.10/site-packages/package_projet/install
copying /home/alan/ros2_ws/src/package_projet/build/package_projet/build/lib/package_projet/install/testeur_recu.py -> /home/alan/ros2_ws/src/package_projet/install/package_projet/lib/python3.10/site-packages/package_projet/install
copying /home/alan/ros2_ws/src/package_projet/build/package_projet/build/lib/package_projet/install/serveur.py -> /home/alan/ros2_ws/src/package_projet/install/package_projet/lib/python3.10/site-packages/package_projet/install
copying /home/alan/ros2_ws/src/package_projet/build/package_projet/build/lib/package_projet/install/publisher.py -> /home/alan/ros2_ws/src/package_projet/install/package_projet/lib/python3.10/site-packages/package_projet/install
copying /home/alan/ros2_ws/src/package_projet/build/package_projet/build/lib/package_projet/install/siteoui.py -> /home/alan/ros2_ws/src/package_projet/install/package_projet/lib/python3.10/site-packages/package_projet/install
copying /home/alan/ros2_ws/src/package_projet/build/package_projet/build/lib/package_projet/install/publisher_i2c_rand.py -> /home/alan/ros2_ws/src/package_projet/install/package_projet/lib/python3.10/site-packages/package_projet/install
copying /home/alan/ros2_ws/src/package_projet/build/package_projet/build/lib/package_projet/install/site2.py -> /home/alan/ros2_ws/src/package_projet/install/package_projet/lib/python3.10/site-packages/package_projet/install
copying /home/alan/ros2_ws/src/package_projet/build/package_projet/build/lib/package_projet/install/my_node.py -> /home/alan/ros2_ws/src/package_projet/install/package_projet/lib/python3.10/site-packages/package_projet/install
copying /home/alan/ros2_ws/src/package_projet/build/package_projet/build/lib/package_projet/install/publisher_i2c.py -> /home/alan/ros2_ws/src/package_projet/install/package_projet/lib/python3.10/site-packages/package_projet/install
copying /home/alan/ros2_ws/src/package_projet/build/package_projet/build/lib/package_projet/install/site3 (copy).py -> /home/alan/ros2_ws/src/package_projet/install/package_projet/lib/python3.10/site-packages/package_projet/install
copying /home/alan/ros2_ws/src/package_projet/build/package_projet/build/lib/package_projet/install/site.py -> /home/alan/ros2_ws/src/package_projet/install/package_projet/lib/python3.10/site-packages/package_projet/install
copying /home/alan/ros2_ws/src/package_projet/build/package_projet/build/lib/package_projet/install/site3.py -> /home/alan/ros2_ws/src/package_projet/install/package_projet/lib/python3.10/site-packages/package_projet/install
copying /home/alan/ros2_ws/src/package_projet/build/package_projet/build/lib/package_projet/install/suscriber_bdd.py -> /home/alan/ros2_ws/src/package_projet/install/package_projet/lib/python3.10/site-packages/package_projet/install
copying /home/alan/ros2_ws/src/package_projet/build/package_projet/build/lib/package_projet/install/suscriber_basededonne.py -> /home/alan/ros2_ws/src/package_projet/install/package_projet/lib/python3.10/site-packages/package_projet/install
copying /home/alan/ros2_ws/src/package_projet/build/package_projet/build/lib/package_projet/install/site5.py -> /home/alan/ros2_ws/src/package_projet/install/package_projet/lib/python3.10/site-packages/package_projet/install
copying /home/alan/ros2_ws/src/package_projet/build/package_projet/build/lib/package_projet/install/_local_setup_util_ps1.py -> /home/alan/ros2_ws/src/package_projet/install/package_projet/lib/python3.10/site-packages/package_projet/install
copying /home/alan/ros2_ws/src/package_projet/build/package_projet/build/lib/package_projet/suscriber_basededonne.py -> /home/alan/ros2_ws/src/package_projet/install/package_projet/lib/python3.10/site-packages/package_projet
byte-compiling /home/alan/ros2_ws/src/package_projet/install/package_projet/lib/python3.10/site-packages/package_projet/porte.py to porte.cpython-310.pyc
byte-compiling /home/alan/ros2_ws/src/package_projet/install/package_projet/lib/python3.10/site-packages/package_projet/capteur_presence.py to capteur_presence.cpython-310.pyc
byte-compiling /home/alan/ros2_ws/src/package_projet/install/package_projet/lib/python3.10/site-packages/package_projet/suscriber.py to suscriber.cpython-310.pyc
byte-compiling /home/alan/ros2_ws/src/package_projet/install/package_projet/lib/python3.10/site-packages/package_projet/__init__.py to __init__.cpython-310.pyc
byte-compiling /home/alan/ros2_ws/src/package_projet/install/package_projet/lib/python3.10/site-packages/package_projet/client.py to client.cpython-310.pyc
byte-compiling /home/alan/ros2_ws/src/package_projet/install/package_projet/lib/python3.10/site-packages/package_projet/suscriber_i2c.py to suscriber_i2c.cpython-310.pyc
byte-compiling /home/alan/ros2_ws/src/package_projet/install/package_projet/lib/python3.10/site-packages/package_projet/serveur.py to serveur.cpython-310.pyc
byte-compiling /home/alan/ros2_ws/src/package_projet/install/package_projet/lib/python3.10/site-packages/package_projet/publisher.py to publisher.cpython-310.pyc
byte-compiling /home/alan/ros2_ws/src/package_projet/install/package_projet/lib/python3.10/site-packages/package_projet/publisher_i2c_rand.py to publisher_i2c_rand.cpython-310.pyc
byte-compiling /home/alan/ros2_ws/src/package_projet/install/package_projet/lib/python3.10/site-packages/package_projet/my_node.py to my_node.cpython-310.pyc
Sorry: IndentationError: expected an indented block after function definition on line 3 (my_node.py, line 5)
byte-compiling /home/alan/ros2_ws/src/package_projet/install/package_projet/lib/python3.10/site-packages/package_projet/site.py to site.cpython-310.pyc
byte-compiling /home/alan/ros2_ws/src/package_projet/install/package_projet/lib/python3.10/site-packages/package_projet/install/site4.py to site4.cpython-310.pyc
byte-compiling /home/alan/ros2_ws/src/package_projet/install/package_projet/lib/python3.10/site-packages/package_projet/install/siteoui2.py to siteoui2.cpython-310.pyc
byte-compiling /home/alan/ros2_ws/src/package_projet/install/package_projet/lib/python3.10/site-packages/package_projet/install/sescriber_i2c.py to sescriber_i2c.cpython-310.pyc
byte-compiling /home/alan/ros2_ws/src/package_projet/install/package_projet/lib/python3.10/site-packages/package_projet/install/capteur_presence.py to capteur_presence.cpython-310.pyc
byte-compiling /home/alan/ros2_ws/src/package_projet/install/package_projet/lib/python3.10/site-packages/package_projet/install/_local_setup_util_sh.py to _local_setup_util_sh.cpython-310.pyc
byte-compiling /home/alan/ros2_ws/src/package_projet/install/package_projet/lib/python3.10/site-packages/package_projet/install/suscriber.py to suscriber.cpython-310.pyc
byte-compiling /home/alan/ros2_ws/src/package_projet/install/package_projet/lib/python3.10/site-packages/package_projet/install/__init__.py to __init__.cpython-310.pyc
byte-compiling /home/alan/ros2_ws/src/package_projet/install/package_projet/lib/python3.10/site-packages/package_projet/install/client.py to client.cpython-310.pyc
byte-compiling /home/alan/ros2_ws/src/package_projet/install/package_projet/lib/python3.10/site-packages/package_projet/install/testeur_recu.py to testeur_recu.cpython-310.pyc
byte-compiling /home/alan/ros2_ws/src/package_projet/install/package_projet/lib/python3.10/site-packages/package_projet/install/serveur.py to serveur.cpython-310.pyc
byte-compiling /home/alan/ros2_ws/src/package_projet/install/package_projet/lib/python3.10/site-packages/package_projet/install/publisher.py to publisher.cpython-310.pyc
byte-compiling /home/alan/ros2_ws/src/package_projet/install/package_projet/lib/python3.10/site-packages/package_projet/install/siteoui.py to siteoui.cpython-310.pyc
byte-compiling /home/alan/ros2_ws/src/package_projet/install/package_projet/lib/python3.10/site-packages/package_projet/install/publisher_i2c_rand.py to publisher_i2c_rand.cpython-310.pyc
byte-compiling /home/alan/ros2_ws/src/package_projet/install/package_projet/lib/python3.10/site-packages/package_projet/install/site2.py to site2.cpython-310.pyc
byte-compiling /home/alan/ros2_ws/src/package_projet/install/package_projet/lib/python3.10/site-packages/package_projet/install/my_node.py to my_node.cpython-310.pyc
byte-compiling /home/alan/ros2_ws/src/package_projet/install/package_projet/lib/python3.10/site-packages/package_projet/install/publisher_i2c.py to publisher_i2c.cpython-310.pyc
byte-compiling /home/alan/ros2_ws/src/package_projet/install/package_projet/lib/python3.10/site-packages/package_projet/install/site3 (copy).py to site3 (copy).cpython-310.pyc
byte-compiling /home/alan/ros2_ws/src/package_projet/install/package_projet/lib/python3.10/site-packages/package_projet/install/site.py to site.cpython-310.pyc
byte-compiling /home/alan/ros2_ws/src/package_projet/install/package_projet/lib/python3.10/site-packages/package_projet/install/site3.py to site3.cpython-310.pyc
byte-compiling /home/alan/ros2_ws/src/package_projet/install/package_projet/lib/python3.10/site-packages/package_projet/install/suscriber_bdd.py to suscriber_bdd.cpython-310.pyc
byte-compiling /home/alan/ros2_ws/src/package_projet/install/package_projet/lib/python3.10/site-packages/package_projet/install/suscriber_basededonne.py to suscriber_basededonne.cpython-310.pyc
byte-compiling /home/alan/ros2_ws/src/package_projet/install/package_projet/lib/python3.10/site-packages/package_projet/install/site5.py to site5.cpython-310.pyc
byte-compiling /home/alan/ros2_ws/src/package_projet/install/package_projet/lib/python3.10/site-packages/package_projet/install/_local_setup_util_ps1.py to _local_setup_util_ps1.cpython-310.pyc
byte-compiling /home/alan/ros2_ws/src/package_projet/install/package_projet/lib/python3.10/site-packages/package_projet/suscriber_basededonne.py to suscriber_basededonne.cpython-310.pyc
running install_data
creating /home/alan/ros2_ws/src/package_projet/install/package_projet/share/ament_index
creating /home/alan/ros2_ws/src/package_projet/install/package_projet/share/ament_index/resource_index
creating /home/alan/ros2_ws/src/package_projet/install/package_projet/share/ament_index/resource_index/packages
copying resource/package_projet -> /home/alan/ros2_ws/src/package_projet/install/package_projet/share/ament_index/resource_index/packages
copying package.xml -> /home/alan/ros2_ws/src/package_projet/install/package_projet/share/package_projet
running install_egg_info
Copying build/package_projet/package_projet.egg-info to /home/alan/ros2_ws/src/package_projet/install/package_projet/lib/python3.10/site-packages/package_projet-0.0.0-py3.10.egg-info
running install_scripts
Installing my_node script to /home/alan/ros2_ws/src/package_projet/install/package_projet/lib/package_projet
writing list of installed files to '/home/alan/ros2_ws/src/package_projet/build/package_projet/install.log'
