[0.500s] Invoking command in '/home/alan/ros2_ws/src/package_projet': PYTHONPATH=/home/alan/ros2_ws/src/build/package_projet/prefix_override:/usr/lib/python3/dist-packages/colcon_core/task/python/colcon_distutils_commands:/home/alan/ros2_ws/src/install/package_projet/lib/python3.10/site-packages:${PYTHONPATH} /usr/bin/python3 -W ignore:setup.py install is deprecated -W ignore:easy_install command is deprecated setup.py egg_info --egg-base ../build/package_projet build --build-base /home/alan/ros2_ws/src/build/package_projet/build install --record /home/alan/ros2_ws/src/build/package_projet/install.log --single-version-externally-managed install_data
[0.700s] running egg_info
[0.701s] creating ../build/package_projet/package_projet.egg-info
[0.701s] writing ../build/package_projet/package_projet.egg-info/PKG-INFO
[0.701s] writing dependency_links to ../build/package_projet/package_projet.egg-info/dependency_links.txt
[0.701s] writing entry points to ../build/package_projet/package_projet.egg-info/entry_points.txt
[0.701s] writing requirements to ../build/package_projet/package_projet.egg-info/requires.txt
[0.701s] writing top-level names to ../build/package_projet/package_projet.egg-info/top_level.txt
[0.701s] writing manifest file '../build/package_projet/package_projet.egg-info/SOURCES.txt'
[0.703s] reading manifest file '../build/package_projet/package_projet.egg-info/SOURCES.txt'
[0.703s] writing manifest file '../build/package_projet/package_projet.egg-info/SOURCES.txt'
[0.703s] running build
[0.703s] running build_py
[0.704s] creating /home/alan/ros2_ws/src/build/package_projet/build
[0.704s] creating /home/alan/ros2_ws/src/build/package_projet/build/lib
[0.704s] creating /home/alan/ros2_ws/src/build/package_projet/build/lib/package_projet
[0.704s] copying package_projet/__init__.py -> /home/alan/ros2_ws/src/build/package_projet/build/lib/package_projet
[0.704s] copying package_projet/my_node.py -> /home/alan/ros2_ws/src/build/package_projet/build/lib/package_projet
[0.704s] running install
[0.704s] running install_lib
[0.705s] creating /home/alan/ros2_ws/src/install/package_projet/lib/python3.10/site-packages/package_projet
[0.705s] copying /home/alan/ros2_ws/src/build/package_projet/build/lib/package_projet/__init__.py -> /home/alan/ros2_ws/src/install/package_projet/lib/python3.10/site-packages/package_projet
[0.705s] copying /home/alan/ros2_ws/src/build/package_projet/build/lib/package_projet/my_node.py -> /home/alan/ros2_ws/src/install/package_projet/lib/python3.10/site-packages/package_projet
[0.705s] byte-compiling /home/alan/ros2_ws/src/install/package_projet/lib/python3.10/site-packages/package_projet/__init__.py to __init__.cpython-310.pyc
[0.706s] byte-compiling /home/alan/ros2_ws/src/install/package_projet/lib/python3.10/site-packages/package_projet/my_node.py to my_node.cpython-310.pyc
[0.706s] running install_data
[0.706s] creating /home/alan/ros2_ws/src/install/package_projet/share
[0.706s] creating /home/alan/ros2_ws/src/install/package_projet/share/ament_index
[0.706s] creating /home/alan/ros2_ws/src/install/package_projet/share/ament_index/resource_index
[0.706s] creating /home/alan/ros2_ws/src/install/package_projet/share/ament_index/resource_index/packages
[0.706s] copying resource/package_projet -> /home/alan/ros2_ws/src/install/package_projet/share/ament_index/resource_index/packages
[0.706s] creating /home/alan/ros2_ws/src/install/package_projet/share/package_projet
[0.707s] copying package.xml -> /home/alan/ros2_ws/src/install/package_projet/share/package_projet
[0.707s] running install_egg_info
[0.708s] Copying ../build/package_projet/package_projet.egg-info to /home/alan/ros2_ws/src/install/package_projet/lib/python3.10/site-packages/package_projet-0.0.0-py3.10.egg-info
[0.709s] running install_scripts
[0.725s] Installing my_node script to /home/alan/ros2_ws/src/install/package_projet/lib/package_projet
[0.725s] writing list of installed files to '/home/alan/ros2_ws/src/build/package_projet/install.log'
[0.749s] Invoked command in '/home/alan/ros2_ws/src/package_projet' returned '0': PYTHONPATH=/home/alan/ros2_ws/src/build/package_projet/prefix_override:/usr/lib/python3/dist-packages/colcon_core/task/python/colcon_distutils_commands:/home/alan/ros2_ws/src/install/package_projet/lib/python3.10/site-packages:${PYTHONPATH} /usr/bin/python3 -W ignore:setup.py install is deprecated -W ignore:easy_install command is deprecated setup.py egg_info --egg-base ../build/package_projet build --build-base /home/alan/ros2_ws/src/build/package_projet/build install --record /home/alan/ros2_ws/src/build/package_projet/install.log --single-version-externally-managed install_data
