[0.198s] DEBUG:colcon:Command line arguments: ['/usr/bin/colcon', 'build']
[0.199s] DEBUG:colcon:Parsed command line arguments: Namespace(log_base=None, log_level=None, verb_name='build', build_base='build', install_base='install', merge_install=False, symlink_install=False, test_result_base=None, continue_on_error=False, executor='parallel', parallel_workers=8, event_handlers=None, ignore_user_meta=False, metas=['./colcon.meta'], base_paths=['.'], packages_ignore=None, packages_ignore_regex=None, paths=None, packages_up_to=None, packages_up_to_regex=None, packages_above=None, packages_above_and_dependencies=None, packages_above_depth=None, packages_select_by_dep=None, packages_skip_by_dep=None, packages_skip_up_to=None, packages_select_build_failed=False, packages_skip_build_finished=False, packages_select_test_failures=False, packages_skip_test_passed=False, packages_select=None, packages_skip=None, packages_select_regex=None, packages_skip_regex=None, packages_start=None, packages_end=None, allow_overriding=[], cmake_args=None, cmake_target=None, cmake_target_skip_unavailable=False, cmake_clean_cache=False, cmake_clean_first=False, cmake_force_configure=False, ament_cmake_args=None, catkin_cmake_args=None, catkin_skip_building_tests=False, verb_parser=<colcon_defaults.argument_parser.defaults.DefaultArgumentsDecorator object at 0x71ec745ae9b0>, verb_extension=<colcon_core.verb.build.BuildVerb object at 0x71ec746a7e20>, main=<bound method BuildVerb.main of <colcon_core.verb.build.BuildVerb object at 0x71ec746a7e20>>)
[0.516s] Level 1:colcon.colcon_core.package_discovery:discover_packages(colcon_meta) check parameters
[0.516s] Level 1:colcon.colcon_core.package_discovery:discover_packages(recursive) check parameters
[0.516s] Level 1:colcon.colcon_core.package_discovery:discover_packages(ignore) check parameters
[0.516s] Level 1:colcon.colcon_core.package_discovery:discover_packages(path) check parameters
[0.516s] Level 1:colcon.colcon_core.package_discovery:discover_packages(colcon_meta) discover
[0.516s] Level 1:colcon.colcon_core.package_discovery:discover_packages(recursive) discover
[0.516s] INFO:colcon.colcon_core.package_discovery:Crawling recursively for packages in '/home/alan/ros2_ws/src/package_projet/package_projet'
[0.516s] Level 1:colcon.colcon_core.package_identification:_identify(.) by extensions ['ignore', 'ignore_ament_install']
[0.516s] Level 1:colcon.colcon_core.package_identification:_identify(.) by extension 'ignore'
[0.516s] Level 1:colcon.colcon_core.package_identification:_identify(.) by extension 'ignore_ament_install'
[0.516s] Level 1:colcon.colcon_core.package_identification:_identify(.) by extensions ['colcon_pkg']
[0.516s] Level 1:colcon.colcon_core.package_identification:_identify(.) by extension 'colcon_pkg'
[0.516s] Level 1:colcon.colcon_core.package_identification:_identify(.) by extensions ['colcon_meta']
[0.516s] Level 1:colcon.colcon_core.package_identification:_identify(.) by extension 'colcon_meta'
[0.516s] Level 1:colcon.colcon_core.package_identification:_identify(.) by extensions ['ros']
[0.516s] Level 1:colcon.colcon_core.package_identification:_identify(.) by extension 'ros'
[0.529s] Level 1:colcon.colcon_core.package_identification:_identify(.) by extensions ['cmake', 'python']
[0.529s] Level 1:colcon.colcon_core.package_identification:_identify(.) by extension 'cmake'
[0.529s] Level 1:colcon.colcon_core.package_identification:_identify(.) by extension 'python'
[0.529s] Level 1:colcon.colcon_core.package_identification:_identify(.) by extensions ['python_setup_py']
[0.529s] Level 1:colcon.colcon_core.package_identification:_identify(.) by extension 'python_setup_py'
[0.529s] Level 1:colcon.colcon_core.package_identification:_identify(__pycache__) by extensions ['ignore', 'ignore_ament_install']
[0.529s] Level 1:colcon.colcon_core.package_identification:_identify(__pycache__) by extension 'ignore'
[0.529s] Level 1:colcon.colcon_core.package_identification:_identify(__pycache__) by extension 'ignore_ament_install'
[0.529s] Level 1:colcon.colcon_core.package_identification:_identify(__pycache__) by extensions ['colcon_pkg']
[0.529s] Level 1:colcon.colcon_core.package_identification:_identify(__pycache__) by extension 'colcon_pkg'
[0.529s] Level 1:colcon.colcon_core.package_identification:_identify(__pycache__) by extensions ['colcon_meta']
[0.529s] Level 1:colcon.colcon_core.package_identification:_identify(__pycache__) by extension 'colcon_meta'
[0.530s] Level 1:colcon.colcon_core.package_identification:_identify(__pycache__) by extensions ['ros']
[0.530s] Level 1:colcon.colcon_core.package_identification:_identify(__pycache__) by extension 'ros'
[0.530s] Level 1:colcon.colcon_core.package_identification:_identify(__pycache__) by extensions ['cmake', 'python']
[0.530s] Level 1:colcon.colcon_core.package_identification:_identify(__pycache__) by extension 'cmake'
[0.530s] Level 1:colcon.colcon_core.package_identification:_identify(__pycache__) by extension 'python'
[0.530s] Level 1:colcon.colcon_core.package_identification:_identify(__pycache__) by extensions ['python_setup_py']
[0.530s] Level 1:colcon.colcon_core.package_identification:_identify(__pycache__) by extension 'python_setup_py'
[0.530s] Level 1:colcon.colcon_core.package_identification:_identify(build) by extensions ['ignore', 'ignore_ament_install']
[0.530s] Level 1:colcon.colcon_core.package_identification:_identify(build) by extension 'ignore'
[0.530s] Level 1:colcon.colcon_core.package_identification:_identify(build) ignored
[0.530s] Level 1:colcon.colcon_core.package_identification:_identify(install) by extensions ['ignore', 'ignore_ament_install']
[0.530s] Level 1:colcon.colcon_core.package_identification:_identify(install) by extension 'ignore'
[0.530s] Level 1:colcon.colcon_core.package_identification:_identify(install) ignored
[0.530s] Level 1:colcon.colcon_core.package_identification:_identify(log) by extensions ['ignore', 'ignore_ament_install']
[0.530s] Level 1:colcon.colcon_core.package_identification:_identify(log) by extension 'ignore'
[0.530s] Level 1:colcon.colcon_core.package_identification:_identify(log) ignored
[0.530s] Level 1:colcon.colcon_core.package_identification:_identify(ros2projet-20250216T151337Z-001) by extensions ['ignore', 'ignore_ament_install']
[0.531s] Level 1:colcon.colcon_core.package_identification:_identify(ros2projet-20250216T151337Z-001) by extension 'ignore'
[0.531s] Level 1:colcon.colcon_core.package_identification:_identify(ros2projet-20250216T151337Z-001) by extension 'ignore_ament_install'
[0.531s] Level 1:colcon.colcon_core.package_identification:_identify(ros2projet-20250216T151337Z-001) by extensions ['colcon_pkg']
[0.531s] Level 1:colcon.colcon_core.package_identification:_identify(ros2projet-20250216T151337Z-001) by extension 'colcon_pkg'
[0.531s] Level 1:colcon.colcon_core.package_identification:_identify(ros2projet-20250216T151337Z-001) by extensions ['colcon_meta']
[0.531s] Level 1:colcon.colcon_core.package_identification:_identify(ros2projet-20250216T151337Z-001) by extension 'colcon_meta'
[0.531s] Level 1:colcon.colcon_core.package_identification:_identify(ros2projet-20250216T151337Z-001) by extensions ['ros']
[0.531s] Level 1:colcon.colcon_core.package_identification:_identify(ros2projet-20250216T151337Z-001) by extension 'ros'
[0.531s] Level 1:colcon.colcon_core.package_identification:_identify(ros2projet-20250216T151337Z-001) by extensions ['cmake', 'python']
[0.531s] Level 1:colcon.colcon_core.package_identification:_identify(ros2projet-20250216T151337Z-001) by extension 'cmake'
[0.531s] Level 1:colcon.colcon_core.package_identification:_identify(ros2projet-20250216T151337Z-001) by extension 'python'
[0.531s] Level 1:colcon.colcon_core.package_identification:_identify(ros2projet-20250216T151337Z-001) by extensions ['python_setup_py']
[0.531s] Level 1:colcon.colcon_core.package_identification:_identify(ros2projet-20250216T151337Z-001) by extension 'python_setup_py'
[0.531s] Level 1:colcon.colcon_core.package_identification:_identify(ros2projet-20250216T151337Z-001/ros2projet) by extensions ['ignore', 'ignore_ament_install']
[0.531s] Level 1:colcon.colcon_core.package_identification:_identify(ros2projet-20250216T151337Z-001/ros2projet) by extension 'ignore'
[0.531s] Level 1:colcon.colcon_core.package_identification:_identify(ros2projet-20250216T151337Z-001/ros2projet) by extension 'ignore_ament_install'
[0.531s] Level 1:colcon.colcon_core.package_identification:_identify(ros2projet-20250216T151337Z-001/ros2projet) by extensions ['colcon_pkg']
[0.531s] Level 1:colcon.colcon_core.package_identification:_identify(ros2projet-20250216T151337Z-001/ros2projet) by extension 'colcon_pkg'
[0.531s] Level 1:colcon.colcon_core.package_identification:_identify(ros2projet-20250216T151337Z-001/ros2projet) by extensions ['colcon_meta']
[0.531s] Level 1:colcon.colcon_core.package_identification:_identify(ros2projet-20250216T151337Z-001/ros2projet) by extension 'colcon_meta'
[0.531s] Level 1:colcon.colcon_core.package_identification:_identify(ros2projet-20250216T151337Z-001/ros2projet) by extensions ['ros']
[0.531s] Level 1:colcon.colcon_core.package_identification:_identify(ros2projet-20250216T151337Z-001/ros2projet) by extension 'ros'
[0.532s] Level 1:colcon.colcon_core.package_identification:_identify(ros2projet-20250216T151337Z-001/ros2projet) by extensions ['cmake', 'python']
[0.532s] Level 1:colcon.colcon_core.package_identification:_identify(ros2projet-20250216T151337Z-001/ros2projet) by extension 'cmake'
[0.532s] Level 1:colcon.colcon_core.package_identification:_identify(ros2projet-20250216T151337Z-001/ros2projet) by extension 'python'
[0.532s] Level 1:colcon.colcon_core.package_identification:_identify(ros2projet-20250216T151337Z-001/ros2projet) by extensions ['python_setup_py']
[0.532s] Level 1:colcon.colcon_core.package_identification:_identify(ros2projet-20250216T151337Z-001/ros2projet) by extension 'python_setup_py'
[0.532s] Level 1:colcon.colcon_core.package_identification:_identify(ros2projet-20250216T151337Z-001/ros2projet/__pycache__) by extensions ['ignore', 'ignore_ament_install']
[0.532s] Level 1:colcon.colcon_core.package_identification:_identify(ros2projet-20250216T151337Z-001/ros2projet/__pycache__) by extension 'ignore'
[0.532s] Level 1:colcon.colcon_core.package_identification:_identify(ros2projet-20250216T151337Z-001/ros2projet/__pycache__) by extension 'ignore_ament_install'
[0.532s] Level 1:colcon.colcon_core.package_identification:_identify(ros2projet-20250216T151337Z-001/ros2projet/__pycache__) by extensions ['colcon_pkg']
[0.532s] Level 1:colcon.colcon_core.package_identification:_identify(ros2projet-20250216T151337Z-001/ros2projet/__pycache__) by extension 'colcon_pkg'
[0.532s] Level 1:colcon.colcon_core.package_identification:_identify(ros2projet-20250216T151337Z-001/ros2projet/__pycache__) by extensions ['colcon_meta']
[0.532s] Level 1:colcon.colcon_core.package_identification:_identify(ros2projet-20250216T151337Z-001/ros2projet/__pycache__) by extension 'colcon_meta'
[0.532s] Level 1:colcon.colcon_core.package_identification:_identify(ros2projet-20250216T151337Z-001/ros2projet/__pycache__) by extensions ['ros']
[0.532s] Level 1:colcon.colcon_core.package_identification:_identify(ros2projet-20250216T151337Z-001/ros2projet/__pycache__) by extension 'ros'
[0.532s] Level 1:colcon.colcon_core.package_identification:_identify(ros2projet-20250216T151337Z-001/ros2projet/__pycache__) by extensions ['cmake', 'python']
[0.532s] Level 1:colcon.colcon_core.package_identification:_identify(ros2projet-20250216T151337Z-001/ros2projet/__pycache__) by extension 'cmake'
[0.532s] Level 1:colcon.colcon_core.package_identification:_identify(ros2projet-20250216T151337Z-001/ros2projet/__pycache__) by extension 'python'
[0.532s] Level 1:colcon.colcon_core.package_identification:_identify(ros2projet-20250216T151337Z-001/ros2projet/__pycache__) by extensions ['python_setup_py']
[0.532s] Level 1:colcon.colcon_core.package_identification:_identify(ros2projet-20250216T151337Z-001/ros2projet/__pycache__) by extension 'python_setup_py'
[0.532s] Level 1:colcon.colcon_core.package_identification:_identify(ros2projet-20250217T130334Z-001) by extensions ['ignore', 'ignore_ament_install']
[0.533s] Level 1:colcon.colcon_core.package_identification:_identify(ros2projet-20250217T130334Z-001) by extension 'ignore'
[0.533s] Level 1:colcon.colcon_core.package_identification:_identify(ros2projet-20250217T130334Z-001) by extension 'ignore_ament_install'
[0.533s] Level 1:colcon.colcon_core.package_identification:_identify(ros2projet-20250217T130334Z-001) by extensions ['colcon_pkg']
[0.533s] Level 1:colcon.colcon_core.package_identification:_identify(ros2projet-20250217T130334Z-001) by extension 'colcon_pkg'
[0.533s] Level 1:colcon.colcon_core.package_identification:_identify(ros2projet-20250217T130334Z-001) by extensions ['colcon_meta']
[0.533s] Level 1:colcon.colcon_core.package_identification:_identify(ros2projet-20250217T130334Z-001) by extension 'colcon_meta'
[0.533s] Level 1:colcon.colcon_core.package_identification:_identify(ros2projet-20250217T130334Z-001) by extensions ['ros']
[0.533s] Level 1:colcon.colcon_core.package_identification:_identify(ros2projet-20250217T130334Z-001) by extension 'ros'
[0.533s] Level 1:colcon.colcon_core.package_identification:_identify(ros2projet-20250217T130334Z-001) by extensions ['cmake', 'python']
[0.533s] Level 1:colcon.colcon_core.package_identification:_identify(ros2projet-20250217T130334Z-001) by extension 'cmake'
[0.533s] Level 1:colcon.colcon_core.package_identification:_identify(ros2projet-20250217T130334Z-001) by extension 'python'
[0.533s] Level 1:colcon.colcon_core.package_identification:_identify(ros2projet-20250217T130334Z-001) by extensions ['python_setup_py']
[0.533s] Level 1:colcon.colcon_core.package_identification:_identify(ros2projet-20250217T130334Z-001) by extension 'python_setup_py'
[0.533s] Level 1:colcon.colcon_core.package_identification:_identify(ros2projet-20250217T130334Z-001/ros2projet) by extensions ['ignore', 'ignore_ament_install']
[0.533s] Level 1:colcon.colcon_core.package_identification:_identify(ros2projet-20250217T130334Z-001/ros2projet) by extension 'ignore'
[0.533s] Level 1:colcon.colcon_core.package_identification:_identify(ros2projet-20250217T130334Z-001/ros2projet) by extension 'ignore_ament_install'
[0.533s] Level 1:colcon.colcon_core.package_identification:_identify(ros2projet-20250217T130334Z-001/ros2projet) by extensions ['colcon_pkg']
[0.533s] Level 1:colcon.colcon_core.package_identification:_identify(ros2projet-20250217T130334Z-001/ros2projet) by extension 'colcon_pkg'
[0.533s] Level 1:colcon.colcon_core.package_identification:_identify(ros2projet-20250217T130334Z-001/ros2projet) by extensions ['colcon_meta']
[0.533s] Level 1:colcon.colcon_core.package_identification:_identify(ros2projet-20250217T130334Z-001/ros2projet) by extension 'colcon_meta'
[0.533s] Level 1:colcon.colcon_core.package_identification:_identify(ros2projet-20250217T130334Z-001/ros2projet) by extensions ['ros']
[0.533s] Level 1:colcon.colcon_core.package_identification:_identify(ros2projet-20250217T130334Z-001/ros2projet) by extension 'ros'
[0.533s] Level 1:colcon.colcon_core.package_identification:_identify(ros2projet-20250217T130334Z-001/ros2projet) by extensions ['cmake', 'python']
[0.534s] Level 1:colcon.colcon_core.package_identification:_identify(ros2projet-20250217T130334Z-001/ros2projet) by extension 'cmake'
[0.534s] Level 1:colcon.colcon_core.package_identification:_identify(ros2projet-20250217T130334Z-001/ros2projet) by extension 'python'
[0.534s] Level 1:colcon.colcon_core.package_identification:_identify(ros2projet-20250217T130334Z-001/ros2projet) by extensions ['python_setup_py']
[0.534s] Level 1:colcon.colcon_core.package_identification:_identify(ros2projet-20250217T130334Z-001/ros2projet) by extension 'python_setup_py'
[0.534s] Level 1:colcon.colcon_core.package_identification:_identify(ros2projet-20250217T130334Z-001/ros2projet/__pycache__) by extensions ['ignore', 'ignore_ament_install']
[0.534s] Level 1:colcon.colcon_core.package_identification:_identify(ros2projet-20250217T130334Z-001/ros2projet/__pycache__) by extension 'ignore'
[0.534s] Level 1:colcon.colcon_core.package_identification:_identify(ros2projet-20250217T130334Z-001/ros2projet/__pycache__) by extension 'ignore_ament_install'
[0.534s] Level 1:colcon.colcon_core.package_identification:_identify(ros2projet-20250217T130334Z-001/ros2projet/__pycache__) by extensions ['colcon_pkg']
[0.534s] Level 1:colcon.colcon_core.package_identification:_identify(ros2projet-20250217T130334Z-001/ros2projet/__pycache__) by extension 'colcon_pkg'
[0.534s] Level 1:colcon.colcon_core.package_identification:_identify(ros2projet-20250217T130334Z-001/ros2projet/__pycache__) by extensions ['colcon_meta']
[0.534s] Level 1:colcon.colcon_core.package_identification:_identify(ros2projet-20250217T130334Z-001/ros2projet/__pycache__) by extension 'colcon_meta'
[0.534s] Level 1:colcon.colcon_core.package_identification:_identify(ros2projet-20250217T130334Z-001/ros2projet/__pycache__) by extensions ['ros']
[0.534s] Level 1:colcon.colcon_core.package_identification:_identify(ros2projet-20250217T130334Z-001/ros2projet/__pycache__) by extension 'ros'
[0.534s] Level 1:colcon.colcon_core.package_identification:_identify(ros2projet-20250217T130334Z-001/ros2projet/__pycache__) by extensions ['cmake', 'python']
[0.534s] Level 1:colcon.colcon_core.package_identification:_identify(ros2projet-20250217T130334Z-001/ros2projet/__pycache__) by extension 'cmake'
[0.534s] Level 1:colcon.colcon_core.package_identification:_identify(ros2projet-20250217T130334Z-001/ros2projet/__pycache__) by extension 'python'
[0.534s] Level 1:colcon.colcon_core.package_identification:_identify(ros2projet-20250217T130334Z-001/ros2projet/__pycache__) by extensions ['python_setup_py']
[0.534s] Level 1:colcon.colcon_core.package_identification:_identify(ros2projet-20250217T130334Z-001/ros2projet/__pycache__) by extension 'python_setup_py'
[0.534s] Level 1:colcon.colcon_core.package_identification:_identify(ros2projet-20250217T194437Z-001) by extensions ['ignore', 'ignore_ament_install']
[0.534s] Level 1:colcon.colcon_core.package_identification:_identify(ros2projet-20250217T194437Z-001) by extension 'ignore'
[0.535s] Level 1:colcon.colcon_core.package_identification:_identify(ros2projet-20250217T194437Z-001) by extension 'ignore_ament_install'
[0.535s] Level 1:colcon.colcon_core.package_identification:_identify(ros2projet-20250217T194437Z-001) by extensions ['colcon_pkg']
[0.535s] Level 1:colcon.colcon_core.package_identification:_identify(ros2projet-20250217T194437Z-001) by extension 'colcon_pkg'
[0.535s] Level 1:colcon.colcon_core.package_identification:_identify(ros2projet-20250217T194437Z-001) by extensions ['colcon_meta']
[0.535s] Level 1:colcon.colcon_core.package_identification:_identify(ros2projet-20250217T194437Z-001) by extension 'colcon_meta'
[0.535s] Level 1:colcon.colcon_core.package_identification:_identify(ros2projet-20250217T194437Z-001) by extensions ['ros']
[0.535s] Level 1:colcon.colcon_core.package_identification:_identify(ros2projet-20250217T194437Z-001) by extension 'ros'
[0.535s] Level 1:colcon.colcon_core.package_identification:_identify(ros2projet-20250217T194437Z-001) by extensions ['cmake', 'python']
[0.535s] Level 1:colcon.colcon_core.package_identification:_identify(ros2projet-20250217T194437Z-001) by extension 'cmake'
[0.535s] Level 1:colcon.colcon_core.package_identification:_identify(ros2projet-20250217T194437Z-001) by extension 'python'
[0.535s] Level 1:colcon.colcon_core.package_identification:_identify(ros2projet-20250217T194437Z-001) by extensions ['python_setup_py']
[0.535s] Level 1:colcon.colcon_core.package_identification:_identify(ros2projet-20250217T194437Z-001) by extension 'python_setup_py'
[0.535s] Level 1:colcon.colcon_core.package_identification:_identify(ros2projet-20250217T194437Z-001/ros2projet) by extensions ['ignore', 'ignore_ament_install']
[0.535s] Level 1:colcon.colcon_core.package_identification:_identify(ros2projet-20250217T194437Z-001/ros2projet) by extension 'ignore'
[0.535s] Level 1:colcon.colcon_core.package_identification:_identify(ros2projet-20250217T194437Z-001/ros2projet) by extension 'ignore_ament_install'
[0.535s] Level 1:colcon.colcon_core.package_identification:_identify(ros2projet-20250217T194437Z-001/ros2projet) by extensions ['colcon_pkg']
[0.535s] Level 1:colcon.colcon_core.package_identification:_identify(ros2projet-20250217T194437Z-001/ros2projet) by extension 'colcon_pkg'
[0.535s] Level 1:colcon.colcon_core.package_identification:_identify(ros2projet-20250217T194437Z-001/ros2projet) by extensions ['colcon_meta']
[0.535s] Level 1:colcon.colcon_core.package_identification:_identify(ros2projet-20250217T194437Z-001/ros2projet) by extension 'colcon_meta'
[0.535s] Level 1:colcon.colcon_core.package_identification:_identify(ros2projet-20250217T194437Z-001/ros2projet) by extensions ['ros']
[0.535s] Level 1:colcon.colcon_core.package_identification:_identify(ros2projet-20250217T194437Z-001/ros2projet) by extension 'ros'
[0.535s] Level 1:colcon.colcon_core.package_identification:_identify(ros2projet-20250217T194437Z-001/ros2projet) by extensions ['cmake', 'python']
[0.536s] Level 1:colcon.colcon_core.package_identification:_identify(ros2projet-20250217T194437Z-001/ros2projet) by extension 'cmake'
[0.536s] Level 1:colcon.colcon_core.package_identification:_identify(ros2projet-20250217T194437Z-001/ros2projet) by extension 'python'
[0.536s] Level 1:colcon.colcon_core.package_identification:_identify(ros2projet-20250217T194437Z-001/ros2projet) by extensions ['python_setup_py']
[0.536s] Level 1:colcon.colcon_core.package_identification:_identify(ros2projet-20250217T194437Z-001/ros2projet) by extension 'python_setup_py'
[0.536s] Level 1:colcon.colcon_core.package_identification:_identify(ros2projet-20250217T194437Z-001/ros2projet/__pycache__) by extensions ['ignore', 'ignore_ament_install']
[0.536s] Level 1:colcon.colcon_core.package_identification:_identify(ros2projet-20250217T194437Z-001/ros2projet/__pycache__) by extension 'ignore'
[0.536s] Level 1:colcon.colcon_core.package_identification:_identify(ros2projet-20250217T194437Z-001/ros2projet/__pycache__) by extension 'ignore_ament_install'
[0.536s] Level 1:colcon.colcon_core.package_identification:_identify(ros2projet-20250217T194437Z-001/ros2projet/__pycache__) by extensions ['colcon_pkg']
[0.536s] Level 1:colcon.colcon_core.package_identification:_identify(ros2projet-20250217T194437Z-001/ros2projet/__pycache__) by extension 'colcon_pkg'
[0.536s] Level 1:colcon.colcon_core.package_identification:_identify(ros2projet-20250217T194437Z-001/ros2projet/__pycache__) by extensions ['colcon_meta']
[0.536s] Level 1:colcon.colcon_core.package_identification:_identify(ros2projet-20250217T194437Z-001/ros2projet/__pycache__) by extension 'colcon_meta'
[0.536s] Level 1:colcon.colcon_core.package_identification:_identify(ros2projet-20250217T194437Z-001/ros2projet/__pycache__) by extensions ['ros']
[0.536s] Level 1:colcon.colcon_core.package_identification:_identify(ros2projet-20250217T194437Z-001/ros2projet/__pycache__) by extension 'ros'
[0.536s] Level 1:colcon.colcon_core.package_identification:_identify(ros2projet-20250217T194437Z-001/ros2projet/__pycache__) by extensions ['cmake', 'python']
[0.536s] Level 1:colcon.colcon_core.package_identification:_identify(ros2projet-20250217T194437Z-001/ros2projet/__pycache__) by extension 'cmake'
[0.536s] Level 1:colcon.colcon_core.package_identification:_identify(ros2projet-20250217T194437Z-001/ros2projet/__pycache__) by extension 'python'
[0.536s] Level 1:colcon.colcon_core.package_identification:_identify(ros2projet-20250217T194437Z-001/ros2projet/__pycache__) by extensions ['python_setup_py']
[0.536s] Level 1:colcon.colcon_core.package_identification:_identify(ros2projet-20250217T194437Z-001/ros2projet/__pycache__) by extension 'python_setup_py'
[0.536s] Level 1:colcon.colcon_core.package_identification:_identify(ros2projet-20250217T194437Z-001/ros2projet/ros2projet-20250217T130334Z-001) by extensions ['ignore', 'ignore_ament_install']
[0.536s] Level 1:colcon.colcon_core.package_identification:_identify(ros2projet-20250217T194437Z-001/ros2projet/ros2projet-20250217T130334Z-001) by extension 'ignore'
[0.536s] Level 1:colcon.colcon_core.package_identification:_identify(ros2projet-20250217T194437Z-001/ros2projet/ros2projet-20250217T130334Z-001) by extension 'ignore_ament_install'
[0.537s] Level 1:colcon.colcon_core.package_identification:_identify(ros2projet-20250217T194437Z-001/ros2projet/ros2projet-20250217T130334Z-001) by extensions ['colcon_pkg']
[0.537s] Level 1:colcon.colcon_core.package_identification:_identify(ros2projet-20250217T194437Z-001/ros2projet/ros2projet-20250217T130334Z-001) by extension 'colcon_pkg'
[0.537s] Level 1:colcon.colcon_core.package_identification:_identify(ros2projet-20250217T194437Z-001/ros2projet/ros2projet-20250217T130334Z-001) by extensions ['colcon_meta']
[0.537s] Level 1:colcon.colcon_core.package_identification:_identify(ros2projet-20250217T194437Z-001/ros2projet/ros2projet-20250217T130334Z-001) by extension 'colcon_meta'
[0.537s] Level 1:colcon.colcon_core.package_identification:_identify(ros2projet-20250217T194437Z-001/ros2projet/ros2projet-20250217T130334Z-001) by extensions ['ros']
[0.537s] Level 1:colcon.colcon_core.package_identification:_identify(ros2projet-20250217T194437Z-001/ros2projet/ros2projet-20250217T130334Z-001) by extension 'ros'
[0.537s] Level 1:colcon.colcon_core.package_identification:_identify(ros2projet-20250217T194437Z-001/ros2projet/ros2projet-20250217T130334Z-001) by extensions ['cmake', 'python']
[0.537s] Level 1:colcon.colcon_core.package_identification:_identify(ros2projet-20250217T194437Z-001/ros2projet/ros2projet-20250217T130334Z-001) by extension 'cmake'
[0.537s] Level 1:colcon.colcon_core.package_identification:_identify(ros2projet-20250217T194437Z-001/ros2projet/ros2projet-20250217T130334Z-001) by extension 'python'
[0.537s] Level 1:colcon.colcon_core.package_identification:_identify(ros2projet-20250217T194437Z-001/ros2projet/ros2projet-20250217T130334Z-001) by extensions ['python_setup_py']
[0.537s] Level 1:colcon.colcon_core.package_identification:_identify(ros2projet-20250217T194437Z-001/ros2projet/ros2projet-20250217T130334Z-001) by extension 'python_setup_py'
[0.537s] Level 1:colcon.colcon_core.package_identification:_identify(ros2projet-20250217T194437Z-001/ros2projet/ros2projet-20250217T130334Z-001/ros2projet) by extensions ['ignore', 'ignore_ament_install']
[0.537s] Level 1:colcon.colcon_core.package_identification:_identify(ros2projet-20250217T194437Z-001/ros2projet/ros2projet-20250217T130334Z-001/ros2projet) by extension 'ignore'
[0.537s] Level 1:colcon.colcon_core.package_identification:_identify(ros2projet-20250217T194437Z-001/ros2projet/ros2projet-20250217T130334Z-001/ros2projet) by extension 'ignore_ament_install'
[0.537s] Level 1:colcon.colcon_core.package_identification:_identify(ros2projet-20250217T194437Z-001/ros2projet/ros2projet-20250217T130334Z-001/ros2projet) by extensions ['colcon_pkg']
[0.537s] Level 1:colcon.colcon_core.package_identification:_identify(ros2projet-20250217T194437Z-001/ros2projet/ros2projet-20250217T130334Z-001/ros2projet) by extension 'colcon_pkg'
[0.537s] Level 1:colcon.colcon_core.package_identification:_identify(ros2projet-20250217T194437Z-001/ros2projet/ros2projet-20250217T130334Z-001/ros2projet) by extensions ['colcon_meta']
[0.537s] Level 1:colcon.colcon_core.package_identification:_identify(ros2projet-20250217T194437Z-001/ros2projet/ros2projet-20250217T130334Z-001/ros2projet) by extension 'colcon_meta'
[0.537s] Level 1:colcon.colcon_core.package_identification:_identify(ros2projet-20250217T194437Z-001/ros2projet/ros2projet-20250217T130334Z-001/ros2projet) by extensions ['ros']
[0.537s] Level 1:colcon.colcon_core.package_identification:_identify(ros2projet-20250217T194437Z-001/ros2projet/ros2projet-20250217T130334Z-001/ros2projet) by extension 'ros'
[0.537s] Level 1:colcon.colcon_core.package_identification:_identify(ros2projet-20250217T194437Z-001/ros2projet/ros2projet-20250217T130334Z-001/ros2projet) by extensions ['cmake', 'python']
[0.538s] Level 1:colcon.colcon_core.package_identification:_identify(ros2projet-20250217T194437Z-001/ros2projet/ros2projet-20250217T130334Z-001/ros2projet) by extension 'cmake'
[0.538s] Level 1:colcon.colcon_core.package_identification:_identify(ros2projet-20250217T194437Z-001/ros2projet/ros2projet-20250217T130334Z-001/ros2projet) by extension 'python'
[0.538s] Level 1:colcon.colcon_core.package_identification:_identify(ros2projet-20250217T194437Z-001/ros2projet/ros2projet-20250217T130334Z-001/ros2projet) by extensions ['python_setup_py']
[0.538s] Level 1:colcon.colcon_core.package_identification:_identify(ros2projet-20250217T194437Z-001/ros2projet/ros2projet-20250217T130334Z-001/ros2projet) by extension 'python_setup_py'
[0.538s] Level 1:colcon.colcon_core.package_identification:_identify(ros2projet-20250217T194437Z-001/ros2projet/ros2projet-20250217T130334Z-001/ros2projet/__pycache__) by extensions ['ignore', 'ignore_ament_install']
[0.538s] Level 1:colcon.colcon_core.package_identification:_identify(ros2projet-20250217T194437Z-001/ros2projet/ros2projet-20250217T130334Z-001/ros2projet/__pycache__) by extension 'ignore'
[0.538s] Level 1:colcon.colcon_core.package_identification:_identify(ros2projet-20250217T194437Z-001/ros2projet/ros2projet-20250217T130334Z-001/ros2projet/__pycache__) by extension 'ignore_ament_install'
[0.538s] Level 1:colcon.colcon_core.package_identification:_identify(ros2projet-20250217T194437Z-001/ros2projet/ros2projet-20250217T130334Z-001/ros2projet/__pycache__) by extensions ['colcon_pkg']
[0.538s] Level 1:colcon.colcon_core.package_identification:_identify(ros2projet-20250217T194437Z-001/ros2projet/ros2projet-20250217T130334Z-001/ros2projet/__pycache__) by extension 'colcon_pkg'
[0.538s] Level 1:colcon.colcon_core.package_identification:_identify(ros2projet-20250217T194437Z-001/ros2projet/ros2projet-20250217T130334Z-001/ros2projet/__pycache__) by extensions ['colcon_meta']
[0.538s] Level 1:colcon.colcon_core.package_identification:_identify(ros2projet-20250217T194437Z-001/ros2projet/ros2projet-20250217T130334Z-001/ros2projet/__pycache__) by extension 'colcon_meta'
[0.538s] Level 1:colcon.colcon_core.package_identification:_identify(ros2projet-20250217T194437Z-001/ros2projet/ros2projet-20250217T130334Z-001/ros2projet/__pycache__) by extensions ['ros']
[0.538s] Level 1:colcon.colcon_core.package_identification:_identify(ros2projet-20250217T194437Z-001/ros2projet/ros2projet-20250217T130334Z-001/ros2projet/__pycache__) by extension 'ros'
[0.538s] Level 1:colcon.colcon_core.package_identification:_identify(ros2projet-20250217T194437Z-001/ros2projet/ros2projet-20250217T130334Z-001/ros2projet/__pycache__) by extensions ['cmake', 'python']
[0.538s] Level 1:colcon.colcon_core.package_identification:_identify(ros2projet-20250217T194437Z-001/ros2projet/ros2projet-20250217T130334Z-001/ros2projet/__pycache__) by extension 'cmake'
[0.538s] Level 1:colcon.colcon_core.package_identification:_identify(ros2projet-20250217T194437Z-001/ros2projet/ros2projet-20250217T130334Z-001/ros2projet/__pycache__) by extension 'python'
[0.538s] Level 1:colcon.colcon_core.package_identification:_identify(ros2projet-20250217T194437Z-001/ros2projet/ros2projet-20250217T130334Z-001/ros2projet/__pycache__) by extensions ['python_setup_py']
[0.538s] Level 1:colcon.colcon_core.package_identification:_identify(ros2projet-20250217T194437Z-001/ros2projet/ros2projet-20250217T130334Z-001/ros2projet/__pycache__) by extension 'python_setup_py'
[0.538s] Level 1:colcon.colcon_core.package_identification:_identify(ros2projet-20250217T194437Z-001/ros2projet/templates) by extensions ['ignore', 'ignore_ament_install']
[0.538s] Level 1:colcon.colcon_core.package_identification:_identify(ros2projet-20250217T194437Z-001/ros2projet/templates) by extension 'ignore'
[0.539s] Level 1:colcon.colcon_core.package_identification:_identify(ros2projet-20250217T194437Z-001/ros2projet/templates) by extension 'ignore_ament_install'
[0.539s] Level 1:colcon.colcon_core.package_identification:_identify(ros2projet-20250217T194437Z-001/ros2projet/templates) by extensions ['colcon_pkg']
[0.539s] Level 1:colcon.colcon_core.package_identification:_identify(ros2projet-20250217T194437Z-001/ros2projet/templates) by extension 'colcon_pkg'
[0.539s] Level 1:colcon.colcon_core.package_identification:_identify(ros2projet-20250217T194437Z-001/ros2projet/templates) by extensions ['colcon_meta']
[0.539s] Level 1:colcon.colcon_core.package_identification:_identify(ros2projet-20250217T194437Z-001/ros2projet/templates) by extension 'colcon_meta'
[0.539s] Level 1:colcon.colcon_core.package_identification:_identify(ros2projet-20250217T194437Z-001/ros2projet/templates) by extensions ['ros']
[0.539s] Level 1:colcon.colcon_core.package_identification:_identify(ros2projet-20250217T194437Z-001/ros2projet/templates) by extension 'ros'
[0.539s] Level 1:colcon.colcon_core.package_identification:_identify(ros2projet-20250217T194437Z-001/ros2projet/templates) by extensions ['cmake', 'python']
[0.539s] Level 1:colcon.colcon_core.package_identification:_identify(ros2projet-20250217T194437Z-001/ros2projet/templates) by extension 'cmake'
[0.539s] Level 1:colcon.colcon_core.package_identification:_identify(ros2projet-20250217T194437Z-001/ros2projet/templates) by extension 'python'
[0.539s] Level 1:colcon.colcon_core.package_identification:_identify(ros2projet-20250217T194437Z-001/ros2projet/templates) by extensions ['python_setup_py']
[0.539s] Level 1:colcon.colcon_core.package_identification:_identify(ros2projet-20250217T194437Z-001/ros2projet/templates) by extension 'python_setup_py'
[0.539s] Level 1:colcon.colcon_core.package_identification:_identify(ros2projet-20250221T192005Z-001) by extensions ['ignore', 'ignore_ament_install']
[0.539s] Level 1:colcon.colcon_core.package_identification:_identify(ros2projet-20250221T192005Z-001) by extension 'ignore'
[0.539s] Level 1:colcon.colcon_core.package_identification:_identify(ros2projet-20250221T192005Z-001) by extension 'ignore_ament_install'
[0.539s] Level 1:colcon.colcon_core.package_identification:_identify(ros2projet-20250221T192005Z-001) by extensions ['colcon_pkg']
[0.539s] Level 1:colcon.colcon_core.package_identification:_identify(ros2projet-20250221T192005Z-001) by extension 'colcon_pkg'
[0.539s] Level 1:colcon.colcon_core.package_identification:_identify(ros2projet-20250221T192005Z-001) by extensions ['colcon_meta']
[0.539s] Level 1:colcon.colcon_core.package_identification:_identify(ros2projet-20250221T192005Z-001) by extension 'colcon_meta'
[0.539s] Level 1:colcon.colcon_core.package_identification:_identify(ros2projet-20250221T192005Z-001) by extensions ['ros']
[0.539s] Level 1:colcon.colcon_core.package_identification:_identify(ros2projet-20250221T192005Z-001) by extension 'ros'
[0.539s] Level 1:colcon.colcon_core.package_identification:_identify(ros2projet-20250221T192005Z-001) by extensions ['cmake', 'python']
[0.539s] Level 1:colcon.colcon_core.package_identification:_identify(ros2projet-20250221T192005Z-001) by extension 'cmake'
[0.540s] Level 1:colcon.colcon_core.package_identification:_identify(ros2projet-20250221T192005Z-001) by extension 'python'
[0.540s] Level 1:colcon.colcon_core.package_identification:_identify(ros2projet-20250221T192005Z-001) by extensions ['python_setup_py']
[0.540s] Level 1:colcon.colcon_core.package_identification:_identify(ros2projet-20250221T192005Z-001) by extension 'python_setup_py'
[0.540s] Level 1:colcon.colcon_core.package_identification:_identify(ros2projet-20250221T192005Z-001/ros2projet) by extensions ['ignore', 'ignore_ament_install']
[0.540s] Level 1:colcon.colcon_core.package_identification:_identify(ros2projet-20250221T192005Z-001/ros2projet) by extension 'ignore'
[0.540s] Level 1:colcon.colcon_core.package_identification:_identify(ros2projet-20250221T192005Z-001/ros2projet) by extension 'ignore_ament_install'
[0.540s] Level 1:colcon.colcon_core.package_identification:_identify(ros2projet-20250221T192005Z-001/ros2projet) by extensions ['colcon_pkg']
[0.540s] Level 1:colcon.colcon_core.package_identification:_identify(ros2projet-20250221T192005Z-001/ros2projet) by extension 'colcon_pkg'
[0.540s] Level 1:colcon.colcon_core.package_identification:_identify(ros2projet-20250221T192005Z-001/ros2projet) by extensions ['colcon_meta']
[0.540s] Level 1:colcon.colcon_core.package_identification:_identify(ros2projet-20250221T192005Z-001/ros2projet) by extension 'colcon_meta'
[0.540s] Level 1:colcon.colcon_core.package_identification:_identify(ros2projet-20250221T192005Z-001/ros2projet) by extensions ['ros']
[0.540s] Level 1:colcon.colcon_core.package_identification:_identify(ros2projet-20250221T192005Z-001/ros2projet) by extension 'ros'
[0.540s] Level 1:colcon.colcon_core.package_identification:_identify(ros2projet-20250221T192005Z-001/ros2projet) by extensions ['cmake', 'python']
[0.540s] Level 1:colcon.colcon_core.package_identification:_identify(ros2projet-20250221T192005Z-001/ros2projet) by extension 'cmake'
[0.540s] Level 1:colcon.colcon_core.package_identification:_identify(ros2projet-20250221T192005Z-001/ros2projet) by extension 'python'
[0.540s] Level 1:colcon.colcon_core.package_identification:_identify(ros2projet-20250221T192005Z-001/ros2projet) by extensions ['python_setup_py']
[0.540s] Level 1:colcon.colcon_core.package_identification:_identify(ros2projet-20250221T192005Z-001/ros2projet) by extension 'python_setup_py'
[0.541s] Level 1:colcon.colcon_core.package_identification:_identify(ros2projet-20250221T192005Z-001/ros2projet/__pycache__) by extensions ['ignore', 'ignore_ament_install']
[0.541s] Level 1:colcon.colcon_core.package_identification:_identify(ros2projet-20250221T192005Z-001/ros2projet/__pycache__) by extension 'ignore'
[0.541s] Level 1:colcon.colcon_core.package_identification:_identify(ros2projet-20250221T192005Z-001/ros2projet/__pycache__) by extension 'ignore_ament_install'
[0.541s] Level 1:colcon.colcon_core.package_identification:_identify(ros2projet-20250221T192005Z-001/ros2projet/__pycache__) by extensions ['colcon_pkg']
[0.541s] Level 1:colcon.colcon_core.package_identification:_identify(ros2projet-20250221T192005Z-001/ros2projet/__pycache__) by extension 'colcon_pkg'
[0.541s] Level 1:colcon.colcon_core.package_identification:_identify(ros2projet-20250221T192005Z-001/ros2projet/__pycache__) by extensions ['colcon_meta']
[0.541s] Level 1:colcon.colcon_core.package_identification:_identify(ros2projet-20250221T192005Z-001/ros2projet/__pycache__) by extension 'colcon_meta'
[0.541s] Level 1:colcon.colcon_core.package_identification:_identify(ros2projet-20250221T192005Z-001/ros2projet/__pycache__) by extensions ['ros']
[0.541s] Level 1:colcon.colcon_core.package_identification:_identify(ros2projet-20250221T192005Z-001/ros2projet/__pycache__) by extension 'ros'
[0.541s] Level 1:colcon.colcon_core.package_identification:_identify(ros2projet-20250221T192005Z-001/ros2projet/__pycache__) by extensions ['cmake', 'python']
[0.541s] Level 1:colcon.colcon_core.package_identification:_identify(ros2projet-20250221T192005Z-001/ros2projet/__pycache__) by extension 'cmake'
[0.541s] Level 1:colcon.colcon_core.package_identification:_identify(ros2projet-20250221T192005Z-001/ros2projet/__pycache__) by extension 'python'
[0.541s] Level 1:colcon.colcon_core.package_identification:_identify(ros2projet-20250221T192005Z-001/ros2projet/__pycache__) by extensions ['python_setup_py']
[0.541s] Level 1:colcon.colcon_core.package_identification:_identify(ros2projet-20250221T192005Z-001/ros2projet/__pycache__) by extension 'python_setup_py'
[0.541s] Level 1:colcon.colcon_core.package_identification:_identify(ros2projet-20250221T192005Z-001/ros2projet/build) by extensions ['ignore', 'ignore_ament_install']
[0.541s] Level 1:colcon.colcon_core.package_identification:_identify(ros2projet-20250221T192005Z-001/ros2projet/build) by extension 'ignore'
[0.541s] Level 1:colcon.colcon_core.package_identification:_identify(ros2projet-20250221T192005Z-001/ros2projet/build) ignored
[0.541s] Level 1:colcon.colcon_core.package_identification:_identify(ros2projet-20250221T192005Z-001/ros2projet/install) by extensions ['ignore', 'ignore_ament_install']
[0.541s] Level 1:colcon.colcon_core.package_identification:_identify(ros2projet-20250221T192005Z-001/ros2projet/install) by extension 'ignore'
[0.542s] Level 1:colcon.colcon_core.package_identification:_identify(ros2projet-20250221T192005Z-001/ros2projet/install) ignored
[0.542s] Level 1:colcon.colcon_core.package_identification:_identify(ros2projet-20250221T192005Z-001/ros2projet/log) by extensions ['ignore', 'ignore_ament_install']
[0.542s] Level 1:colcon.colcon_core.package_identification:_identify(ros2projet-20250221T192005Z-001/ros2projet/log) by extension 'ignore'
[0.542s] Level 1:colcon.colcon_core.package_identification:_identify(ros2projet-20250221T192005Z-001/ros2projet/log) ignored
[0.542s] Level 1:colcon.colcon_core.package_identification:_identify(ros2projet-20250221T192005Z-001/ros2projet/ros2projet-20250216T151337Z-001) by extensions ['ignore', 'ignore_ament_install']
[0.542s] Level 1:colcon.colcon_core.package_identification:_identify(ros2projet-20250221T192005Z-001/ros2projet/ros2projet-20250216T151337Z-001) by extension 'ignore'
[0.542s] Level 1:colcon.colcon_core.package_identification:_identify(ros2projet-20250221T192005Z-001/ros2projet/ros2projet-20250216T151337Z-001) by extension 'ignore_ament_install'
[0.542s] Level 1:colcon.colcon_core.package_identification:_identify(ros2projet-20250221T192005Z-001/ros2projet/ros2projet-20250216T151337Z-001) by extensions ['colcon_pkg']
[0.542s] Level 1:colcon.colcon_core.package_identification:_identify(ros2projet-20250221T192005Z-001/ros2projet/ros2projet-20250216T151337Z-001) by extension 'colcon_pkg'
[0.542s] Level 1:colcon.colcon_core.package_identification:_identify(ros2projet-20250221T192005Z-001/ros2projet/ros2projet-20250216T151337Z-001) by extensions ['colcon_meta']
[0.542s] Level 1:colcon.colcon_core.package_identification:_identify(ros2projet-20250221T192005Z-001/ros2projet/ros2projet-20250216T151337Z-001) by extension 'colcon_meta'
[0.542s] Level 1:colcon.colcon_core.package_identification:_identify(ros2projet-20250221T192005Z-001/ros2projet/ros2projet-20250216T151337Z-001) by extensions ['ros']
[0.542s] Level 1:colcon.colcon_core.package_identification:_identify(ros2projet-20250221T192005Z-001/ros2projet/ros2projet-20250216T151337Z-001) by extension 'ros'
[0.542s] Level 1:colcon.colcon_core.package_identification:_identify(ros2projet-20250221T192005Z-001/ros2projet/ros2projet-20250216T151337Z-001) by extensions ['cmake', 'python']
[0.542s] Level 1:colcon.colcon_core.package_identification:_identify(ros2projet-20250221T192005Z-001/ros2projet/ros2projet-20250216T151337Z-001) by extension 'cmake'
[0.542s] Level 1:colcon.colcon_core.package_identification:_identify(ros2projet-20250221T192005Z-001/ros2projet/ros2projet-20250216T151337Z-001) by extension 'python'
[0.542s] Level 1:colcon.colcon_core.package_identification:_identify(ros2projet-20250221T192005Z-001/ros2projet/ros2projet-20250216T151337Z-001) by extensions ['python_setup_py']
[0.542s] Level 1:colcon.colcon_core.package_identification:_identify(ros2projet-20250221T192005Z-001/ros2projet/ros2projet-20250216T151337Z-001) by extension 'python_setup_py'
[0.542s] Level 1:colcon.colcon_core.package_identification:_identify(ros2projet-20250221T192005Z-001/ros2projet/ros2projet-20250216T151337Z-001/ros2projet) by extensions ['ignore', 'ignore_ament_install']
[0.543s] Level 1:colcon.colcon_core.package_identification:_identify(ros2projet-20250221T192005Z-001/ros2projet/ros2projet-20250216T151337Z-001/ros2projet) by extension 'ignore'
[0.543s] Level 1:colcon.colcon_core.package_identification:_identify(ros2projet-20250221T192005Z-001/ros2projet/ros2projet-20250216T151337Z-001/ros2projet) by extension 'ignore_ament_install'
[0.543s] Level 1:colcon.colcon_core.package_identification:_identify(ros2projet-20250221T192005Z-001/ros2projet/ros2projet-20250216T151337Z-001/ros2projet) by extensions ['colcon_pkg']
[0.543s] Level 1:colcon.colcon_core.package_identification:_identify(ros2projet-20250221T192005Z-001/ros2projet/ros2projet-20250216T151337Z-001/ros2projet) by extension 'colcon_pkg'
[0.543s] Level 1:colcon.colcon_core.package_identification:_identify(ros2projet-20250221T192005Z-001/ros2projet/ros2projet-20250216T151337Z-001/ros2projet) by extensions ['colcon_meta']
[0.543s] Level 1:colcon.colcon_core.package_identification:_identify(ros2projet-20250221T192005Z-001/ros2projet/ros2projet-20250216T151337Z-001/ros2projet) by extension 'colcon_meta'
[0.543s] Level 1:colcon.colcon_core.package_identification:_identify(ros2projet-20250221T192005Z-001/ros2projet/ros2projet-20250216T151337Z-001/ros2projet) by extensions ['ros']
[0.543s] Level 1:colcon.colcon_core.package_identification:_identify(ros2projet-20250221T192005Z-001/ros2projet/ros2projet-20250216T151337Z-001/ros2projet) by extension 'ros'
[0.543s] Level 1:colcon.colcon_core.package_identification:_identify(ros2projet-20250221T192005Z-001/ros2projet/ros2projet-20250216T151337Z-001/ros2projet) by extensions ['cmake', 'python']
[0.543s] Level 1:colcon.colcon_core.package_identification:_identify(ros2projet-20250221T192005Z-001/ros2projet/ros2projet-20250216T151337Z-001/ros2projet) by extension 'cmake'
[0.543s] Level 1:colcon.colcon_core.package_identification:_identify(ros2projet-20250221T192005Z-001/ros2projet/ros2projet-20250216T151337Z-001/ros2projet) by extension 'python'
[0.543s] Level 1:colcon.colcon_core.package_identification:_identify(ros2projet-20250221T192005Z-001/ros2projet/ros2projet-20250216T151337Z-001/ros2projet) by extensions ['python_setup_py']
[0.543s] Level 1:colcon.colcon_core.package_identification:_identify(ros2projet-20250221T192005Z-001/ros2projet/ros2projet-20250216T151337Z-001/ros2projet) by extension 'python_setup_py'
[0.543s] Level 1:colcon.colcon_core.package_identification:_identify(ros2projet-20250221T192005Z-001/ros2projet/ros2projet-20250216T151337Z-001/ros2projet/__pycache__) by extensions ['ignore', 'ignore_ament_install']
[0.543s] Level 1:colcon.colcon_core.package_identification:_identify(ros2projet-20250221T192005Z-001/ros2projet/ros2projet-20250216T151337Z-001/ros2projet/__pycache__) by extension 'ignore'
[0.543s] Level 1:colcon.colcon_core.package_identification:_identify(ros2projet-20250221T192005Z-001/ros2projet/ros2projet-20250216T151337Z-001/ros2projet/__pycache__) by extension 'ignore_ament_install'
[0.543s] Level 1:colcon.colcon_core.package_identification:_identify(ros2projet-20250221T192005Z-001/ros2projet/ros2projet-20250216T151337Z-001/ros2projet/__pycache__) by extensions ['colcon_pkg']
[0.543s] Level 1:colcon.colcon_core.package_identification:_identify(ros2projet-20250221T192005Z-001/ros2projet/ros2projet-20250216T151337Z-001/ros2projet/__pycache__) by extension 'colcon_pkg'
[0.543s] Level 1:colcon.colcon_core.package_identification:_identify(ros2projet-20250221T192005Z-001/ros2projet/ros2projet-20250216T151337Z-001/ros2projet/__pycache__) by extensions ['colcon_meta']
[0.543s] Level 1:colcon.colcon_core.package_identification:_identify(ros2projet-20250221T192005Z-001/ros2projet/ros2projet-20250216T151337Z-001/ros2projet/__pycache__) by extension 'colcon_meta'
[0.544s] Level 1:colcon.colcon_core.package_identification:_identify(ros2projet-20250221T192005Z-001/ros2projet/ros2projet-20250216T151337Z-001/ros2projet/__pycache__) by extensions ['ros']
[0.544s] Level 1:colcon.colcon_core.package_identification:_identify(ros2projet-20250221T192005Z-001/ros2projet/ros2projet-20250216T151337Z-001/ros2projet/__pycache__) by extension 'ros'
[0.544s] Level 1:colcon.colcon_core.package_identification:_identify(ros2projet-20250221T192005Z-001/ros2projet/ros2projet-20250216T151337Z-001/ros2projet/__pycache__) by extensions ['cmake', 'python']
[0.544s] Level 1:colcon.colcon_core.package_identification:_identify(ros2projet-20250221T192005Z-001/ros2projet/ros2projet-20250216T151337Z-001/ros2projet/__pycache__) by extension 'cmake'
[0.544s] Level 1:colcon.colcon_core.package_identification:_identify(ros2projet-20250221T192005Z-001/ros2projet/ros2projet-20250216T151337Z-001/ros2projet/__pycache__) by extension 'python'
[0.544s] Level 1:colcon.colcon_core.package_identification:_identify(ros2projet-20250221T192005Z-001/ros2projet/ros2projet-20250216T151337Z-001/ros2projet/__pycache__) by extensions ['python_setup_py']
[0.544s] Level 1:colcon.colcon_core.package_identification:_identify(ros2projet-20250221T192005Z-001/ros2projet/ros2projet-20250216T151337Z-001/ros2projet/__pycache__) by extension 'python_setup_py'
[0.544s] Level 1:colcon.colcon_core.package_identification:_identify(ros2projet-20250221T192005Z-001/ros2projet/ros2projet-20250217T130334Z-001) by extensions ['ignore', 'ignore_ament_install']
[0.544s] Level 1:colcon.colcon_core.package_identification:_identify(ros2projet-20250221T192005Z-001/ros2projet/ros2projet-20250217T130334Z-001) by extension 'ignore'
[0.544s] Level 1:colcon.colcon_core.package_identification:_identify(ros2projet-20250221T192005Z-001/ros2projet/ros2projet-20250217T130334Z-001) by extension 'ignore_ament_install'
[0.544s] Level 1:colcon.colcon_core.package_identification:_identify(ros2projet-20250221T192005Z-001/ros2projet/ros2projet-20250217T130334Z-001) by extensions ['colcon_pkg']
[0.544s] Level 1:colcon.colcon_core.package_identification:_identify(ros2projet-20250221T192005Z-001/ros2projet/ros2projet-20250217T130334Z-001) by extension 'colcon_pkg'
[0.544s] Level 1:colcon.colcon_core.package_identification:_identify(ros2projet-20250221T192005Z-001/ros2projet/ros2projet-20250217T130334Z-001) by extensions ['colcon_meta']
[0.544s] Level 1:colcon.colcon_core.package_identification:_identify(ros2projet-20250221T192005Z-001/ros2projet/ros2projet-20250217T130334Z-001) by extension 'colcon_meta'
[0.544s] Level 1:colcon.colcon_core.package_identification:_identify(ros2projet-20250221T192005Z-001/ros2projet/ros2projet-20250217T130334Z-001) by extensions ['ros']
[0.544s] Level 1:colcon.colcon_core.package_identification:_identify(ros2projet-20250221T192005Z-001/ros2projet/ros2projet-20250217T130334Z-001) by extension 'ros'
[0.544s] Level 1:colcon.colcon_core.package_identification:_identify(ros2projet-20250221T192005Z-001/ros2projet/ros2projet-20250217T130334Z-001) by extensions ['cmake', 'python']
[0.544s] Level 1:colcon.colcon_core.package_identification:_identify(ros2projet-20250221T192005Z-001/ros2projet/ros2projet-20250217T130334Z-001) by extension 'cmake'
[0.544s] Level 1:colcon.colcon_core.package_identification:_identify(ros2projet-20250221T192005Z-001/ros2projet/ros2projet-20250217T130334Z-001) by extension 'python'
[0.544s] Level 1:colcon.colcon_core.package_identification:_identify(ros2projet-20250221T192005Z-001/ros2projet/ros2projet-20250217T130334Z-001) by extensions ['python_setup_py']
[0.544s] Level 1:colcon.colcon_core.package_identification:_identify(ros2projet-20250221T192005Z-001/ros2projet/ros2projet-20250217T130334Z-001) by extension 'python_setup_py'
[0.545s] Level 1:colcon.colcon_core.package_identification:_identify(ros2projet-20250221T192005Z-001/ros2projet/ros2projet-20250217T130334Z-001/ros2projet) by extensions ['ignore', 'ignore_ament_install']
[0.545s] Level 1:colcon.colcon_core.package_identification:_identify(ros2projet-20250221T192005Z-001/ros2projet/ros2projet-20250217T130334Z-001/ros2projet) by extension 'ignore'
[0.545s] Level 1:colcon.colcon_core.package_identification:_identify(ros2projet-20250221T192005Z-001/ros2projet/ros2projet-20250217T130334Z-001/ros2projet) by extension 'ignore_ament_install'
[0.545s] Level 1:colcon.colcon_core.package_identification:_identify(ros2projet-20250221T192005Z-001/ros2projet/ros2projet-20250217T130334Z-001/ros2projet) by extensions ['colcon_pkg']
[0.545s] Level 1:colcon.colcon_core.package_identification:_identify(ros2projet-20250221T192005Z-001/ros2projet/ros2projet-20250217T130334Z-001/ros2projet) by extension 'colcon_pkg'
[0.545s] Level 1:colcon.colcon_core.package_identification:_identify(ros2projet-20250221T192005Z-001/ros2projet/ros2projet-20250217T130334Z-001/ros2projet) by extensions ['colcon_meta']
[0.545s] Level 1:colcon.colcon_core.package_identification:_identify(ros2projet-20250221T192005Z-001/ros2projet/ros2projet-20250217T130334Z-001/ros2projet) by extension 'colcon_meta'
[0.545s] Level 1:colcon.colcon_core.package_identification:_identify(ros2projet-20250221T192005Z-001/ros2projet/ros2projet-20250217T130334Z-001/ros2projet) by extensions ['ros']
[0.545s] Level 1:colcon.colcon_core.package_identification:_identify(ros2projet-20250221T192005Z-001/ros2projet/ros2projet-20250217T130334Z-001/ros2projet) by extension 'ros'
[0.545s] Level 1:colcon.colcon_core.package_identification:_identify(ros2projet-20250221T192005Z-001/ros2projet/ros2projet-20250217T130334Z-001/ros2projet) by extensions ['cmake', 'python']
[0.545s] Level 1:colcon.colcon_core.package_identification:_identify(ros2projet-20250221T192005Z-001/ros2projet/ros2projet-20250217T130334Z-001/ros2projet) by extension 'cmake'
[0.545s] Level 1:colcon.colcon_core.package_identification:_identify(ros2projet-20250221T192005Z-001/ros2projet/ros2projet-20250217T130334Z-001/ros2projet) by extension 'python'
[0.545s] Level 1:colcon.colcon_core.package_identification:_identify(ros2projet-20250221T192005Z-001/ros2projet/ros2projet-20250217T130334Z-001/ros2projet) by extensions ['python_setup_py']
[0.545s] Level 1:colcon.colcon_core.package_identification:_identify(ros2projet-20250221T192005Z-001/ros2projet/ros2projet-20250217T130334Z-001/ros2projet) by extension 'python_setup_py'
[0.546s] Level 1:colcon.colcon_core.package_identification:_identify(ros2projet-20250221T192005Z-001/ros2projet/ros2projet-20250217T130334Z-001/ros2projet/__pycache__) by extensions ['ignore', 'ignore_ament_install']
[0.546s] Level 1:colcon.colcon_core.package_identification:_identify(ros2projet-20250221T192005Z-001/ros2projet/ros2projet-20250217T130334Z-001/ros2projet/__pycache__) by extension 'ignore'
[0.546s] Level 1:colcon.colcon_core.package_identification:_identify(ros2projet-20250221T192005Z-001/ros2projet/ros2projet-20250217T130334Z-001/ros2projet/__pycache__) by extension 'ignore_ament_install'
[0.546s] Level 1:colcon.colcon_core.package_identification:_identify(ros2projet-20250221T192005Z-001/ros2projet/ros2projet-20250217T130334Z-001/ros2projet/__pycache__) by extensions ['colcon_pkg']
[0.546s] Level 1:colcon.colcon_core.package_identification:_identify(ros2projet-20250221T192005Z-001/ros2projet/ros2projet-20250217T130334Z-001/ros2projet/__pycache__) by extension 'colcon_pkg'
[0.546s] Level 1:colcon.colcon_core.package_identification:_identify(ros2projet-20250221T192005Z-001/ros2projet/ros2projet-20250217T130334Z-001/ros2projet/__pycache__) by extensions ['colcon_meta']
[0.546s] Level 1:colcon.colcon_core.package_identification:_identify(ros2projet-20250221T192005Z-001/ros2projet/ros2projet-20250217T130334Z-001/ros2projet/__pycache__) by extension 'colcon_meta'
[0.546s] Level 1:colcon.colcon_core.package_identification:_identify(ros2projet-20250221T192005Z-001/ros2projet/ros2projet-20250217T130334Z-001/ros2projet/__pycache__) by extensions ['ros']
[0.546s] Level 1:colcon.colcon_core.package_identification:_identify(ros2projet-20250221T192005Z-001/ros2projet/ros2projet-20250217T130334Z-001/ros2projet/__pycache__) by extension 'ros'
[0.546s] Level 1:colcon.colcon_core.package_identification:_identify(ros2projet-20250221T192005Z-001/ros2projet/ros2projet-20250217T130334Z-001/ros2projet/__pycache__) by extensions ['cmake', 'python']
[0.546s] Level 1:colcon.colcon_core.package_identification:_identify(ros2projet-20250221T192005Z-001/ros2projet/ros2projet-20250217T130334Z-001/ros2projet/__pycache__) by extension 'cmake'
[0.546s] Level 1:colcon.colcon_core.package_identification:_identify(ros2projet-20250221T192005Z-001/ros2projet/ros2projet-20250217T130334Z-001/ros2projet/__pycache__) by extension 'python'
[0.546s] Level 1:colcon.colcon_core.package_identification:_identify(ros2projet-20250221T192005Z-001/ros2projet/ros2projet-20250217T130334Z-001/ros2projet/__pycache__) by extensions ['python_setup_py']
[0.546s] Level 1:colcon.colcon_core.package_identification:_identify(ros2projet-20250221T192005Z-001/ros2projet/ros2projet-20250217T130334Z-001/ros2projet/__pycache__) by extension 'python_setup_py'
[0.546s] Level 1:colcon.colcon_core.package_identification:_identify(ros2projet-20250221T192005Z-001/ros2projet/ros2projet-20250217T194437Z-001) by extensions ['ignore', 'ignore_ament_install']
[0.546s] Level 1:colcon.colcon_core.package_identification:_identify(ros2projet-20250221T192005Z-001/ros2projet/ros2projet-20250217T194437Z-001) by extension 'ignore'
[0.546s] Level 1:colcon.colcon_core.package_identification:_identify(ros2projet-20250221T192005Z-001/ros2projet/ros2projet-20250217T194437Z-001) by extension 'ignore_ament_install'
[0.546s] Level 1:colcon.colcon_core.package_identification:_identify(ros2projet-20250221T192005Z-001/ros2projet/ros2projet-20250217T194437Z-001) by extensions ['colcon_pkg']
[0.546s] Level 1:colcon.colcon_core.package_identification:_identify(ros2projet-20250221T192005Z-001/ros2projet/ros2projet-20250217T194437Z-001) by extension 'colcon_pkg'
[0.546s] Level 1:colcon.colcon_core.package_identification:_identify(ros2projet-20250221T192005Z-001/ros2projet/ros2projet-20250217T194437Z-001) by extensions ['colcon_meta']
[0.547s] Level 1:colcon.colcon_core.package_identification:_identify(ros2projet-20250221T192005Z-001/ros2projet/ros2projet-20250217T194437Z-001) by extension 'colcon_meta'
[0.547s] Level 1:colcon.colcon_core.package_identification:_identify(ros2projet-20250221T192005Z-001/ros2projet/ros2projet-20250217T194437Z-001) by extensions ['ros']
[0.547s] Level 1:colcon.colcon_core.package_identification:_identify(ros2projet-20250221T192005Z-001/ros2projet/ros2projet-20250217T194437Z-001) by extension 'ros'
[0.547s] Level 1:colcon.colcon_core.package_identification:_identify(ros2projet-20250221T192005Z-001/ros2projet/ros2projet-20250217T194437Z-001) by extensions ['cmake', 'python']
[0.547s] Level 1:colcon.colcon_core.package_identification:_identify(ros2projet-20250221T192005Z-001/ros2projet/ros2projet-20250217T194437Z-001) by extension 'cmake'
[0.547s] Level 1:colcon.colcon_core.package_identification:_identify(ros2projet-20250221T192005Z-001/ros2projet/ros2projet-20250217T194437Z-001) by extension 'python'
[0.547s] Level 1:colcon.colcon_core.package_identification:_identify(ros2projet-20250221T192005Z-001/ros2projet/ros2projet-20250217T194437Z-001) by extensions ['python_setup_py']
[0.547s] Level 1:colcon.colcon_core.package_identification:_identify(ros2projet-20250221T192005Z-001/ros2projet/ros2projet-20250217T194437Z-001) by extension 'python_setup_py'
[0.547s] Level 1:colcon.colcon_core.package_identification:_identify(ros2projet-20250221T192005Z-001/ros2projet/ros2projet-20250217T194437Z-001/ros2projet) by extensions ['ignore', 'ignore_ament_install']
[0.547s] Level 1:colcon.colcon_core.package_identification:_identify(ros2projet-20250221T192005Z-001/ros2projet/ros2projet-20250217T194437Z-001/ros2projet) by extension 'ignore'
[0.547s] Level 1:colcon.colcon_core.package_identification:_identify(ros2projet-20250221T192005Z-001/ros2projet/ros2projet-20250217T194437Z-001/ros2projet) by extension 'ignore_ament_install'
[0.547s] Level 1:colcon.colcon_core.package_identification:_identify(ros2projet-20250221T192005Z-001/ros2projet/ros2projet-20250217T194437Z-001/ros2projet) by extensions ['colcon_pkg']
[0.547s] Level 1:colcon.colcon_core.package_identification:_identify(ros2projet-20250221T192005Z-001/ros2projet/ros2projet-20250217T194437Z-001/ros2projet) by extension 'colcon_pkg'
[0.547s] Level 1:colcon.colcon_core.package_identification:_identify(ros2projet-20250221T192005Z-001/ros2projet/ros2projet-20250217T194437Z-001/ros2projet) by extensions ['colcon_meta']
[0.547s] Level 1:colcon.colcon_core.package_identification:_identify(ros2projet-20250221T192005Z-001/ros2projet/ros2projet-20250217T194437Z-001/ros2projet) by extension 'colcon_meta'
[0.547s] Level 1:colcon.colcon_core.package_identification:_identify(ros2projet-20250221T192005Z-001/ros2projet/ros2projet-20250217T194437Z-001/ros2projet) by extensions ['ros']
[0.547s] Level 1:colcon.colcon_core.package_identification:_identify(ros2projet-20250221T192005Z-001/ros2projet/ros2projet-20250217T194437Z-001/ros2projet) by extension 'ros'
[0.547s] Level 1:colcon.colcon_core.package_identification:_identify(ros2projet-20250221T192005Z-001/ros2projet/ros2projet-20250217T194437Z-001/ros2projet) by extensions ['cmake', 'python']
[0.547s] Level 1:colcon.colcon_core.package_identification:_identify(ros2projet-20250221T192005Z-001/ros2projet/ros2projet-20250217T194437Z-001/ros2projet) by extension 'cmake'
[0.547s] Level 1:colcon.colcon_core.package_identification:_identify(ros2projet-20250221T192005Z-001/ros2projet/ros2projet-20250217T194437Z-001/ros2projet) by extension 'python'
[0.548s] Level 1:colcon.colcon_core.package_identification:_identify(ros2projet-20250221T192005Z-001/ros2projet/ros2projet-20250217T194437Z-001/ros2projet) by extensions ['python_setup_py']
[0.548s] Level 1:colcon.colcon_core.package_identification:_identify(ros2projet-20250221T192005Z-001/ros2projet/ros2projet-20250217T194437Z-001/ros2projet) by extension 'python_setup_py'
[0.548s] Level 1:colcon.colcon_core.package_identification:_identify(ros2projet-20250221T192005Z-001/ros2projet/ros2projet-20250217T194437Z-001/ros2projet/__pycache__) by extensions ['ignore', 'ignore_ament_install']
[0.548s] Level 1:colcon.colcon_core.package_identification:_identify(ros2projet-20250221T192005Z-001/ros2projet/ros2projet-20250217T194437Z-001/ros2projet/__pycache__) by extension 'ignore'
[0.548s] Level 1:colcon.colcon_core.package_identification:_identify(ros2projet-20250221T192005Z-001/ros2projet/ros2projet-20250217T194437Z-001/ros2projet/__pycache__) by extension 'ignore_ament_install'
[0.548s] Level 1:colcon.colcon_core.package_identification:_identify(ros2projet-20250221T192005Z-001/ros2projet/ros2projet-20250217T194437Z-001/ros2projet/__pycache__) by extensions ['colcon_pkg']
[0.548s] Level 1:colcon.colcon_core.package_identification:_identify(ros2projet-20250221T192005Z-001/ros2projet/ros2projet-20250217T194437Z-001/ros2projet/__pycache__) by extension 'colcon_pkg'
[0.548s] Level 1:colcon.colcon_core.package_identification:_identify(ros2projet-20250221T192005Z-001/ros2projet/ros2projet-20250217T194437Z-001/ros2projet/__pycache__) by extensions ['colcon_meta']
[0.548s] Level 1:colcon.colcon_core.package_identification:_identify(ros2projet-20250221T192005Z-001/ros2projet/ros2projet-20250217T194437Z-001/ros2projet/__pycache__) by extension 'colcon_meta'
[0.548s] Level 1:colcon.colcon_core.package_identification:_identify(ros2projet-20250221T192005Z-001/ros2projet/ros2projet-20250217T194437Z-001/ros2projet/__pycache__) by extensions ['ros']
[0.548s] Level 1:colcon.colcon_core.package_identification:_identify(ros2projet-20250221T192005Z-001/ros2projet/ros2projet-20250217T194437Z-001/ros2projet/__pycache__) by extension 'ros'
[0.548s] Level 1:colcon.colcon_core.package_identification:_identify(ros2projet-20250221T192005Z-001/ros2projet/ros2projet-20250217T194437Z-001/ros2projet/__pycache__) by extensions ['cmake', 'python']
[0.548s] Level 1:colcon.colcon_core.package_identification:_identify(ros2projet-20250221T192005Z-001/ros2projet/ros2projet-20250217T194437Z-001/ros2projet/__pycache__) by extension 'cmake'
[0.548s] Level 1:colcon.colcon_core.package_identification:_identify(ros2projet-20250221T192005Z-001/ros2projet/ros2projet-20250217T194437Z-001/ros2projet/__pycache__) by extension 'python'
[0.548s] Level 1:colcon.colcon_core.package_identification:_identify(ros2projet-20250221T192005Z-001/ros2projet/ros2projet-20250217T194437Z-001/ros2projet/__pycache__) by extensions ['python_setup_py']
[0.548s] Level 1:colcon.colcon_core.package_identification:_identify(ros2projet-20250221T192005Z-001/ros2projet/ros2projet-20250217T194437Z-001/ros2projet/__pycache__) by extension 'python_setup_py'
[0.548s] Level 1:colcon.colcon_core.package_identification:_identify(ros2projet-20250221T192005Z-001/ros2projet/ros2projet-20250217T194437Z-001/ros2projet/ros2projet-20250217T130334Z-001) by extensions ['ignore', 'ignore_ament_install']
[0.548s] Level 1:colcon.colcon_core.package_identification:_identify(ros2projet-20250221T192005Z-001/ros2projet/ros2projet-20250217T194437Z-001/ros2projet/ros2projet-20250217T130334Z-001) by extension 'ignore'
[0.549s] Level 1:colcon.colcon_core.package_identification:_identify(ros2projet-20250221T192005Z-001/ros2projet/ros2projet-20250217T194437Z-001/ros2projet/ros2projet-20250217T130334Z-001) by extension 'ignore_ament_install'
[0.549s] Level 1:colcon.colcon_core.package_identification:_identify(ros2projet-20250221T192005Z-001/ros2projet/ros2projet-20250217T194437Z-001/ros2projet/ros2projet-20250217T130334Z-001) by extensions ['colcon_pkg']
[0.549s] Level 1:colcon.colcon_core.package_identification:_identify(ros2projet-20250221T192005Z-001/ros2projet/ros2projet-20250217T194437Z-001/ros2projet/ros2projet-20250217T130334Z-001) by extension 'colcon_pkg'
[0.549s] Level 1:colcon.colcon_core.package_identification:_identify(ros2projet-20250221T192005Z-001/ros2projet/ros2projet-20250217T194437Z-001/ros2projet/ros2projet-20250217T130334Z-001) by extensions ['colcon_meta']
[0.549s] Level 1:colcon.colcon_core.package_identification:_identify(ros2projet-20250221T192005Z-001/ros2projet/ros2projet-20250217T194437Z-001/ros2projet/ros2projet-20250217T130334Z-001) by extension 'colcon_meta'
[0.549s] Level 1:colcon.colcon_core.package_identification:_identify(ros2projet-20250221T192005Z-001/ros2projet/ros2projet-20250217T194437Z-001/ros2projet/ros2projet-20250217T130334Z-001) by extensions ['ros']
[0.549s] Level 1:colcon.colcon_core.package_identification:_identify(ros2projet-20250221T192005Z-001/ros2projet/ros2projet-20250217T194437Z-001/ros2projet/ros2projet-20250217T130334Z-001) by extension 'ros'
[0.549s] Level 1:colcon.colcon_core.package_identification:_identify(ros2projet-20250221T192005Z-001/ros2projet/ros2projet-20250217T194437Z-001/ros2projet/ros2projet-20250217T130334Z-001) by extensions ['cmake', 'python']
[0.549s] Level 1:colcon.colcon_core.package_identification:_identify(ros2projet-20250221T192005Z-001/ros2projet/ros2projet-20250217T194437Z-001/ros2projet/ros2projet-20250217T130334Z-001) by extension 'cmake'
[0.549s] Level 1:colcon.colcon_core.package_identification:_identify(ros2projet-20250221T192005Z-001/ros2projet/ros2projet-20250217T194437Z-001/ros2projet/ros2projet-20250217T130334Z-001) by extension 'python'
[0.549s] Level 1:colcon.colcon_core.package_identification:_identify(ros2projet-20250221T192005Z-001/ros2projet/ros2projet-20250217T194437Z-001/ros2projet/ros2projet-20250217T130334Z-001) by extensions ['python_setup_py']
[0.549s] Level 1:colcon.colcon_core.package_identification:_identify(ros2projet-20250221T192005Z-001/ros2projet/ros2projet-20250217T194437Z-001/ros2projet/ros2projet-20250217T130334Z-001) by extension 'python_setup_py'
[0.549s] Level 1:colcon.colcon_core.package_identification:_identify(ros2projet-20250221T192005Z-001/ros2projet/ros2projet-20250217T194437Z-001/ros2projet/ros2projet-20250217T130334Z-001/ros2projet) by extensions ['ignore', 'ignore_ament_install']
[0.549s] Level 1:colcon.colcon_core.package_identification:_identify(ros2projet-20250221T192005Z-001/ros2projet/ros2projet-20250217T194437Z-001/ros2projet/ros2projet-20250217T130334Z-001/ros2projet) by extension 'ignore'
[0.549s] Level 1:colcon.colcon_core.package_identification:_identify(ros2projet-20250221T192005Z-001/ros2projet/ros2projet-20250217T194437Z-001/ros2projet/ros2projet-20250217T130334Z-001/ros2projet) by extension 'ignore_ament_install'
[0.549s] Level 1:colcon.colcon_core.package_identification:_identify(ros2projet-20250221T192005Z-001/ros2projet/ros2projet-20250217T194437Z-001/ros2projet/ros2projet-20250217T130334Z-001/ros2projet) by extensions ['colcon_pkg']
[0.549s] Level 1:colcon.colcon_core.package_identification:_identify(ros2projet-20250221T192005Z-001/ros2projet/ros2projet-20250217T194437Z-001/ros2projet/ros2projet-20250217T130334Z-001/ros2projet) by extension 'colcon_pkg'
[0.549s] Level 1:colcon.colcon_core.package_identification:_identify(ros2projet-20250221T192005Z-001/ros2projet/ros2projet-20250217T194437Z-001/ros2projet/ros2projet-20250217T130334Z-001/ros2projet) by extensions ['colcon_meta']
[0.549s] Level 1:colcon.colcon_core.package_identification:_identify(ros2projet-20250221T192005Z-001/ros2projet/ros2projet-20250217T194437Z-001/ros2projet/ros2projet-20250217T130334Z-001/ros2projet) by extension 'colcon_meta'
[0.549s] Level 1:colcon.colcon_core.package_identification:_identify(ros2projet-20250221T192005Z-001/ros2projet/ros2projet-20250217T194437Z-001/ros2projet/ros2projet-20250217T130334Z-001/ros2projet) by extensions ['ros']
[0.550s] Level 1:colcon.colcon_core.package_identification:_identify(ros2projet-20250221T192005Z-001/ros2projet/ros2projet-20250217T194437Z-001/ros2projet/ros2projet-20250217T130334Z-001/ros2projet) by extension 'ros'
[0.550s] Level 1:colcon.colcon_core.package_identification:_identify(ros2projet-20250221T192005Z-001/ros2projet/ros2projet-20250217T194437Z-001/ros2projet/ros2projet-20250217T130334Z-001/ros2projet) by extensions ['cmake', 'python']
[0.550s] Level 1:colcon.colcon_core.package_identification:_identify(ros2projet-20250221T192005Z-001/ros2projet/ros2projet-20250217T194437Z-001/ros2projet/ros2projet-20250217T130334Z-001/ros2projet) by extension 'cmake'
[0.550s] Level 1:colcon.colcon_core.package_identification:_identify(ros2projet-20250221T192005Z-001/ros2projet/ros2projet-20250217T194437Z-001/ros2projet/ros2projet-20250217T130334Z-001/ros2projet) by extension 'python'
[0.550s] Level 1:colcon.colcon_core.package_identification:_identify(ros2projet-20250221T192005Z-001/ros2projet/ros2projet-20250217T194437Z-001/ros2projet/ros2projet-20250217T130334Z-001/ros2projet) by extensions ['python_setup_py']
[0.550s] Level 1:colcon.colcon_core.package_identification:_identify(ros2projet-20250221T192005Z-001/ros2projet/ros2projet-20250217T194437Z-001/ros2projet/ros2projet-20250217T130334Z-001/ros2projet) by extension 'python_setup_py'
[0.550s] Level 1:colcon.colcon_core.package_identification:_identify(ros2projet-20250221T192005Z-001/ros2projet/ros2projet-20250217T194437Z-001/ros2projet/ros2projet-20250217T130334Z-001/ros2projet/__pycache__) by extensions ['ignore', 'ignore_ament_install']
[0.550s] Level 1:colcon.colcon_core.package_identification:_identify(ros2projet-20250221T192005Z-001/ros2projet/ros2projet-20250217T194437Z-001/ros2projet/ros2projet-20250217T130334Z-001/ros2projet/__pycache__) by extension 'ignore'
[0.550s] Level 1:colcon.colcon_core.package_identification:_identify(ros2projet-20250221T192005Z-001/ros2projet/ros2projet-20250217T194437Z-001/ros2projet/ros2projet-20250217T130334Z-001/ros2projet/__pycache__) by extension 'ignore_ament_install'
[0.550s] Level 1:colcon.colcon_core.package_identification:_identify(ros2projet-20250221T192005Z-001/ros2projet/ros2projet-20250217T194437Z-001/ros2projet/ros2projet-20250217T130334Z-001/ros2projet/__pycache__) by extensions ['colcon_pkg']
[0.550s] Level 1:colcon.colcon_core.package_identification:_identify(ros2projet-20250221T192005Z-001/ros2projet/ros2projet-20250217T194437Z-001/ros2projet/ros2projet-20250217T130334Z-001/ros2projet/__pycache__) by extension 'colcon_pkg'
[0.550s] Level 1:colcon.colcon_core.package_identification:_identify(ros2projet-20250221T192005Z-001/ros2projet/ros2projet-20250217T194437Z-001/ros2projet/ros2projet-20250217T130334Z-001/ros2projet/__pycache__) by extensions ['colcon_meta']
[0.550s] Level 1:colcon.colcon_core.package_identification:_identify(ros2projet-20250221T192005Z-001/ros2projet/ros2projet-20250217T194437Z-001/ros2projet/ros2projet-20250217T130334Z-001/ros2projet/__pycache__) by extension 'colcon_meta'
[0.550s] Level 1:colcon.colcon_core.package_identification:_identify(ros2projet-20250221T192005Z-001/ros2projet/ros2projet-20250217T194437Z-001/ros2projet/ros2projet-20250217T130334Z-001/ros2projet/__pycache__) by extensions ['ros']
[0.550s] Level 1:colcon.colcon_core.package_identification:_identify(ros2projet-20250221T192005Z-001/ros2projet/ros2projet-20250217T194437Z-001/ros2projet/ros2projet-20250217T130334Z-001/ros2projet/__pycache__) by extension 'ros'
[0.551s] Level 1:colcon.colcon_core.package_identification:_identify(ros2projet-20250221T192005Z-001/ros2projet/ros2projet-20250217T194437Z-001/ros2projet/ros2projet-20250217T130334Z-001/ros2projet/__pycache__) by extensions ['cmake', 'python']
[0.551s] Level 1:colcon.colcon_core.package_identification:_identify(ros2projet-20250221T192005Z-001/ros2projet/ros2projet-20250217T194437Z-001/ros2projet/ros2projet-20250217T130334Z-001/ros2projet/__pycache__) by extension 'cmake'
[0.551s] Level 1:colcon.colcon_core.package_identification:_identify(ros2projet-20250221T192005Z-001/ros2projet/ros2projet-20250217T194437Z-001/ros2projet/ros2projet-20250217T130334Z-001/ros2projet/__pycache__) by extension 'python'
[0.551s] Level 1:colcon.colcon_core.package_identification:_identify(ros2projet-20250221T192005Z-001/ros2projet/ros2projet-20250217T194437Z-001/ros2projet/ros2projet-20250217T130334Z-001/ros2projet/__pycache__) by extensions ['python_setup_py']
[0.551s] Level 1:colcon.colcon_core.package_identification:_identify(ros2projet-20250221T192005Z-001/ros2projet/ros2projet-20250217T194437Z-001/ros2projet/ros2projet-20250217T130334Z-001/ros2projet/__pycache__) by extension 'python_setup_py'
[0.551s] Level 1:colcon.colcon_core.package_identification:_identify(ros2projet-20250221T192005Z-001/ros2projet/ros2projet-20250217T194437Z-001/ros2projet/templates) by extensions ['ignore', 'ignore_ament_install']
[0.551s] Level 1:colcon.colcon_core.package_identification:_identify(ros2projet-20250221T192005Z-001/ros2projet/ros2projet-20250217T194437Z-001/ros2projet/templates) by extension 'ignore'
[0.551s] Level 1:colcon.colcon_core.package_identification:_identify(ros2projet-20250221T192005Z-001/ros2projet/ros2projet-20250217T194437Z-001/ros2projet/templates) by extension 'ignore_ament_install'
[0.551s] Level 1:colcon.colcon_core.package_identification:_identify(ros2projet-20250221T192005Z-001/ros2projet/ros2projet-20250217T194437Z-001/ros2projet/templates) by extensions ['colcon_pkg']
[0.551s] Level 1:colcon.colcon_core.package_identification:_identify(ros2projet-20250221T192005Z-001/ros2projet/ros2projet-20250217T194437Z-001/ros2projet/templates) by extension 'colcon_pkg'
[0.551s] Level 1:colcon.colcon_core.package_identification:_identify(ros2projet-20250221T192005Z-001/ros2projet/ros2projet-20250217T194437Z-001/ros2projet/templates) by extensions ['colcon_meta']
[0.551s] Level 1:colcon.colcon_core.package_identification:_identify(ros2projet-20250221T192005Z-001/ros2projet/ros2projet-20250217T194437Z-001/ros2projet/templates) by extension 'colcon_meta'
[0.551s] Level 1:colcon.colcon_core.package_identification:_identify(ros2projet-20250221T192005Z-001/ros2projet/ros2projet-20250217T194437Z-001/ros2projet/templates) by extensions ['ros']
[0.551s] Level 1:colcon.colcon_core.package_identification:_identify(ros2projet-20250221T192005Z-001/ros2projet/ros2projet-20250217T194437Z-001/ros2projet/templates) by extension 'ros'
[0.551s] Level 1:colcon.colcon_core.package_identification:_identify(ros2projet-20250221T192005Z-001/ros2projet/ros2projet-20250217T194437Z-001/ros2projet/templates) by extensions ['cmake', 'python']
[0.551s] Level 1:colcon.colcon_core.package_identification:_identify(ros2projet-20250221T192005Z-001/ros2projet/ros2projet-20250217T194437Z-001/ros2projet/templates) by extension 'cmake'
[0.551s] Level 1:colcon.colcon_core.package_identification:_identify(ros2projet-20250221T192005Z-001/ros2projet/ros2projet-20250217T194437Z-001/ros2projet/templates) by extension 'python'
[0.551s] Level 1:colcon.colcon_core.package_identification:_identify(ros2projet-20250221T192005Z-001/ros2projet/ros2projet-20250217T194437Z-001/ros2projet/templates) by extensions ['python_setup_py']
[0.551s] Level 1:colcon.colcon_core.package_identification:_identify(ros2projet-20250221T192005Z-001/ros2projet/ros2projet-20250217T194437Z-001/ros2projet/templates) by extension 'python_setup_py'
[0.551s] Level 1:colcon.colcon_core.package_identification:_identify(ros2projet-20250221T192005Z-001/ros2projet/templates) by extensions ['ignore', 'ignore_ament_install']
[0.552s] Level 1:colcon.colcon_core.package_identification:_identify(ros2projet-20250221T192005Z-001/ros2projet/templates) by extension 'ignore'
[0.552s] Level 1:colcon.colcon_core.package_identification:_identify(ros2projet-20250221T192005Z-001/ros2projet/templates) by extension 'ignore_ament_install'
[0.552s] Level 1:colcon.colcon_core.package_identification:_identify(ros2projet-20250221T192005Z-001/ros2projet/templates) by extensions ['colcon_pkg']
[0.552s] Level 1:colcon.colcon_core.package_identification:_identify(ros2projet-20250221T192005Z-001/ros2projet/templates) by extension 'colcon_pkg'
[0.552s] Level 1:colcon.colcon_core.package_identification:_identify(ros2projet-20250221T192005Z-001/ros2projet/templates) by extensions ['colcon_meta']
[0.552s] Level 1:colcon.colcon_core.package_identification:_identify(ros2projet-20250221T192005Z-001/ros2projet/templates) by extension 'colcon_meta'
[0.552s] Level 1:colcon.colcon_core.package_identification:_identify(ros2projet-20250221T192005Z-001/ros2projet/templates) by extensions ['ros']
[0.552s] Level 1:colcon.colcon_core.package_identification:_identify(ros2projet-20250221T192005Z-001/ros2projet/templates) by extension 'ros'
[0.552s] Level 1:colcon.colcon_core.package_identification:_identify(ros2projet-20250221T192005Z-001/ros2projet/templates) by extensions ['cmake', 'python']
[0.552s] Level 1:colcon.colcon_core.package_identification:_identify(ros2projet-20250221T192005Z-001/ros2projet/templates) by extension 'cmake'
[0.552s] Level 1:colcon.colcon_core.package_identification:_identify(ros2projet-20250221T192005Z-001/ros2projet/templates) by extension 'python'
[0.552s] Level 1:colcon.colcon_core.package_identification:_identify(ros2projet-20250221T192005Z-001/ros2projet/templates) by extensions ['python_setup_py']
[0.552s] Level 1:colcon.colcon_core.package_identification:_identify(ros2projet-20250221T192005Z-001/ros2projet/templates) by extension 'python_setup_py'
[0.553s] Level 1:colcon.colcon_core.package_identification:_identify(templates) by extensions ['ignore', 'ignore_ament_install']
[0.553s] Level 1:colcon.colcon_core.package_identification:_identify(templates) by extension 'ignore'
[0.553s] Level 1:colcon.colcon_core.package_identification:_identify(templates) by extension 'ignore_ament_install'
[0.553s] Level 1:colcon.colcon_core.package_identification:_identify(templates) by extensions ['colcon_pkg']
[0.553s] Level 1:colcon.colcon_core.package_identification:_identify(templates) by extension 'colcon_pkg'
[0.553s] Level 1:colcon.colcon_core.package_identification:_identify(templates) by extensions ['colcon_meta']
[0.553s] Level 1:colcon.colcon_core.package_identification:_identify(templates) by extension 'colcon_meta'
[0.553s] Level 1:colcon.colcon_core.package_identification:_identify(templates) by extensions ['ros']
[0.553s] Level 1:colcon.colcon_core.package_identification:_identify(templates) by extension 'ros'
[0.553s] Level 1:colcon.colcon_core.package_identification:_identify(templates) by extensions ['cmake', 'python']
[0.553s] Level 1:colcon.colcon_core.package_identification:_identify(templates) by extension 'cmake'
[0.553s] Level 1:colcon.colcon_core.package_identification:_identify(templates) by extension 'python'
[0.553s] Level 1:colcon.colcon_core.package_identification:_identify(templates) by extensions ['python_setup_py']
[0.553s] Level 1:colcon.colcon_core.package_identification:_identify(templates) by extension 'python_setup_py'
[0.553s] Level 1:colcon.colcon_core.package_discovery:discover_packages(recursive) using defaults
[0.553s] Level 1:colcon.colcon_core.package_discovery:discover_packages(ignore) discover
[0.553s] Level 1:colcon.colcon_core.package_discovery:discover_packages(ignore) using defaults
[0.554s] Level 1:colcon.colcon_core.package_discovery:discover_packages(path) discover
[0.554s] Level 1:colcon.colcon_core.package_discovery:discover_packages(path) using defaults
[0.596s] Level 1:colcon.colcon_core.package_discovery:discover_packages(prefix_path) check parameters
[0.596s] Level 1:colcon.colcon_core.package_discovery:discover_packages(prefix_path) discover
[0.601s] DEBUG:colcon.colcon_installed_package_information.package_discovery:Found 271 installed packages in /opt/ros/humble
[0.603s] Level 1:colcon.colcon_core.package_discovery:discover_packages(prefix_path) using defaults
[0.650s] INFO:colcon.colcon_core.executor:Executing jobs using 'parallel' executor
[0.651s] DEBUG:colcon.colcon_parallel_executor.executor.parallel:run_until_complete
[0.651s] DEBUG:colcon.colcon_parallel_executor.executor.parallel:closing loop
[0.652s] DEBUG:colcon.colcon_parallel_executor.executor.parallel:loop closed
[0.652s] DEBUG:colcon.colcon_parallel_executor.executor.parallel:run_until_complete finished with '0'
[0.652s] DEBUG:colcon.colcon_core.event_reactor:joining thread
[0.662s] INFO:colcon.colcon_core.plugin_system:Skipping extension 'colcon_notification.desktop_notification.terminal_notifier': Not used on non-Darwin systems
[0.662s] INFO:colcon.colcon_core.plugin_system:Skipping extension 'colcon_notification.desktop_notification.win32': Not used on non-Windows systems
[0.662s] INFO:colcon.colcon_notification.desktop_notification:Sending desktop notification using 'notify2'
[0.686s] DEBUG:colcon.colcon_core.event_reactor:joined thread
[0.696s] INFO:colcon.colcon_core.plugin_system:Skipping extension 'colcon_core.shell.bat': Not used on non-Windows systems
[0.697s] INFO:colcon.colcon_core.shell:Creating prefix script '/home/alan/ros2_ws/src/package_projet/package_projet/install/local_setup.ps1'
[0.699s] INFO:colcon.colcon_core.shell:Creating prefix util module '/home/alan/ros2_ws/src/package_projet/package_projet/install/_local_setup_util_ps1.py'
[0.701s] INFO:colcon.colcon_core.shell:Creating prefix chain script '/home/alan/ros2_ws/src/package_projet/package_projet/install/setup.ps1'
[0.702s] INFO:colcon.colcon_core.shell:Creating prefix script '/home/alan/ros2_ws/src/package_projet/package_projet/install/local_setup.sh'
[0.703s] INFO:colcon.colcon_core.shell:Creating prefix util module '/home/alan/ros2_ws/src/package_projet/package_projet/install/_local_setup_util_sh.py'
[0.704s] INFO:colcon.colcon_core.shell:Creating prefix chain script '/home/alan/ros2_ws/src/package_projet/package_projet/install/setup.sh'
[0.705s] INFO:colcon.colcon_core.shell:Creating prefix script '/home/alan/ros2_ws/src/package_projet/package_projet/install/local_setup.bash'
[0.707s] INFO:colcon.colcon_core.shell:Creating prefix chain script '/home/alan/ros2_ws/src/package_projet/package_projet/install/setup.bash'
[0.708s] INFO:colcon.colcon_core.shell:Creating prefix script '/home/alan/ros2_ws/src/package_projet/package_projet/install/local_setup.zsh'
[0.710s] INFO:colcon.colcon_core.shell:Creating prefix chain script '/home/alan/ros2_ws/src/package_projet/package_projet/install/setup.zsh'
