[0.695s] Invoking command in '/home/alan/ros2_ws/src/package_projet': PYTHONPATH=/home/alan/ros2_ws/src/build/package_projet/prefix_override:/usr/lib/python3/dist-packages/colcon_core/task/python/colcon_distutils_commands:/home/alan/ros2_ws/src/install/package_projet/lib/python3.10/site-packages:${PYTHONPATH} /usr/bin/python3 -W ignore:setup.py install is deprecated -W ignore:easy_install command is deprecated setup.py egg_info --egg-base ../build/package_projet build --build-base /home/alan/ros2_ws/src/build/package_projet/build install --record /home/alan/ros2_ws/src/build/package_projet/install.log --single-version-externally-managed install_data
[0.972s] running egg_info
[0.973s] writing ../build/package_projet/package_projet.egg-info/PKG-INFO
[0.973s] writing dependency_links to ../build/package_projet/package_projet.egg-info/dependency_links.txt
[0.974s] writing entry points to ../build/package_projet/package_projet.egg-info/entry_points.txt
[0.974s] writing requirements to ../build/package_projet/package_projet.egg-info/requires.txt
[0.974s] writing top-level names to ../build/package_projet/package_projet.egg-info/top_level.txt
[0.976s] reading manifest file '../build/package_projet/package_projet.egg-info/SOURCES.txt'
[0.977s] writing manifest file '../build/package_projet/package_projet.egg-info/SOURCES.txt'
[0.977s] running build
[0.977s] running build_py
[0.978s] running install
[0.979s] running install_lib
[0.981s] running install_data
[0.982s] running install_egg_info
[0.983s] removing '/home/alan/ros2_ws/src/install/package_projet/lib/python3.10/site-packages/package_projet-0.0.0-py3.10.egg-info' (and everything under it)
[0.983s] Copying ../build/package_projet/package_projet.egg-info to /home/alan/ros2_ws/src/install/package_projet/lib/python3.10/site-packages/package_projet-0.0.0-py3.10.egg-info
[0.984s] running install_scripts
[1.005s] Installing capteur_presence script to /home/alan/ros2_ws/src/install/package_projet/lib/package_projet
[1.005s] Installing client script to /home/alan/ros2_ws/src/install/package_projet/lib/package_projet
[1.005s] Installing porte script to /home/alan/ros2_ws/src/install/package_projet/lib/package_projet
[1.005s] Installing publisher_i2c_rand script to /home/alan/ros2_ws/src/install/package_projet/lib/package_projet
[1.006s] Installing serveur script to /home/alan/ros2_ws/src/install/package_projet/lib/package_projet
[1.006s] Installing site script to /home/alan/ros2_ws/src/install/package_projet/lib/package_projet
[1.006s] Installing suscriber_basededonne script to /home/alan/ros2_ws/src/install/package_projet/lib/package_projet
[1.006s] Installing suscriber_i2c script to /home/alan/ros2_ws/src/install/package_projet/lib/package_projet
[1.006s] writing list of installed files to '/home/alan/ros2_ws/src/build/package_projet/install.log'
[1.038s] Invoked command in '/home/alan/ros2_ws/src/package_projet' returned '0': PYTHONPATH=/home/alan/ros2_ws/src/build/package_projet/prefix_override:/usr/lib/python3/dist-packages/colcon_core/task/python/colcon_distutils_commands:/home/alan/ros2_ws/src/install/package_projet/lib/python3.10/site-packages:${PYTHONPATH} /usr/bin/python3 -W ignore:setup.py install is deprecated -W ignore:easy_install command is deprecated setup.py egg_info --egg-base ../build/package_projet build --build-base /home/alan/ros2_ws/src/build/package_projet/build install --record /home/alan/ros2_ws/src/build/package_projet/install.log --single-version-externally-managed install_data
